cd ccaas_builder && go test -v ./cmd/detect && GOOS=linux GOARCH=amd64 go build -buildvcs=false -o ../release/linux-amd64/builders/ccaas/bin/ ./cmd/detect/
=== RUN   TestArugments
=== RUN   TestArugments/toofew
=== RUN   TestArugments/twomany
=== RUN   TestArugments/validtype
=== RUN   TestArugments/wrongtype
--- PASS: TestArugments (0.15s)
    --- PASS: TestArugments/toofew (0.01s)
    --- PASS: TestArugments/twomany (0.01s)
    --- PASS: TestArugments/validtype (0.01s)
    --- PASS: TestArugments/wrongtype (0.01s)
=== RUN   TestMissingFile
--- PASS: TestMissingFile (0.10s)
PASS
ok  	github.com/hyperledger/fabric/ccaas_builder/cmd/detect	(cached)
cd ccaas_builder && go test -v ./cmd/build && GOOS=linux GOARCH=amd64 go build -buildvcs=false -o ../release/linux-amd64/builders/ccaas/bin/ ./cmd/build/
=== RUN   TestArguements
=== RUN   TestArguements/toofew2
=== RUN   TestArguements/twomany
=== RUN   TestArguements/toofew1
--- PASS: TestArguements (0.16s)
    --- PASS: TestArguements/toofew2 (0.01s)
    --- PASS: TestArguements/twomany (0.01s)
    --- PASS: TestArguements/toofew1 (0.01s)
=== RUN   TestGoodPath
--- PASS: TestGoodPath (0.12s)
=== RUN   TestTemplating
--- PASS: TestTemplating (0.12s)
=== RUN   TestTemplatingFailure
--- PASS: TestTemplatingFailure (0.13s)
=== RUN   TestMissingConnection
--- PASS: TestMissingConnection (0.12s)
=== RUN   TestMissingMetadata
--- PASS: TestMissingMetadata (0.12s)
PASS
ok  	github.com/hyperledger/fabric/ccaas_builder/cmd/build	(cached)
cd ccaas_builder && go test -v ./cmd/release && GOOS=linux GOARCH=amd64 go build -buildvcs=false -o ../release/linux-amd64/builders/ccaas/bin/ ./cmd/release/
=== RUN   TestArugments
=== RUN   TestArugments/toofew
=== RUN   TestArugments/twomany
--- PASS: TestArugments (0.13s)
    --- PASS: TestArugments/toofew (0.01s)
    --- PASS: TestArugments/twomany (0.01s)
=== RUN   TestGoodPath
--- PASS: TestGoodPath (0.10s)
=== RUN   TestMissingConnection
--- PASS: TestMissingConnection (0.10s)
PASS
ok  	github.com/hyperledger/fabric/ccaas_builder/cmd/release	(cached)
The following files are missing SPDX-License-Identifier headers:
bccsp/signer/signer_test.go
bccsp/sw/keyimport_test.go
msp/cert.go
msp/cert_test.go
msp/revocation_test.go

Please replace the Apache license header comment text with:
SPDX-License-Identifier: Apache-2.0

Checking committed files for traditional Apache License headers ...
All remaining files have Apache 2.0 headers
Building github.com/client9/misspell/cmd/misspell -> misspell
Checking changed go files for spelling errors ...
spell checker passed
Checking for go:generate parent path references
grep: pkg/ccs-gm/sm2/elliptic.go: No such file or directory
grep: pkg/ccs-gm/sm2/external.go: No such file or directory
grep: pkg/ccs-gm/sm2/sm2.go: No such file or directory
grep: pkg/ccs-gm/sm2/sm2enc.go: No such file or directory
grep: pkg/ccs-gm/sm2/sm2p256_amd64.go: No such file or directory
grep: pkg/ccs-gm/sm2/sm2p256_arm64.go: No such file or directory
grep: pkg/ccs-gm/sm3/sm3.go: No such file or directory
grep: pkg/ccs-gm/sm3/sm3hash.go: No such file or directory
grep: pkg/ccs-gm/x509/cert_pool.go: No such file or directory
grep: pkg/ccs-gm/x509/pem_decrypt.go: No such file or directory
grep: pkg/ccs-gm/x509/pkcs1.go: No such file or directory
grep: pkg/ccs-gm/x509/pkcs8.go: No such file or directory
grep: pkg/ccs-gm/x509/root.go: No such file or directory
grep: pkg/ccs-gm/x509/root_bsd.go: No such file or directory
grep: pkg/ccs-gm/x509/root_cgo_darwin.go: No such file or directory
grep: pkg/ccs-gm/x509/root_darwin.go: No such file or directory
grep: pkg/ccs-gm/x509/root_darwin_armx.go: No such file or directory
grep: pkg/ccs-gm/x509/root_linux.go: No such file or directory
grep: pkg/ccs-gm/x509/root_nacl.go: No such file or directory
grep: pkg/ccs-gm/x509/root_nocgo_darwin.go: No such file or directory
grep: pkg/ccs-gm/x509/root_plan9.go: No such file or directory
grep: pkg/ccs-gm/x509/root_solaris.go: No such file or directory
grep: pkg/ccs-gm/x509/root_unix.go: No such file or directory
grep: pkg/ccs-gm/x509/root_windows.go: No such file or directory
grep: pkg/ccs-gm/x509/sec1.go: No such file or directory
grep: pkg/ccs-gm/x509/verify.go: No such file or directory
grep: pkg/ccs-gm/x509/x509.go: No such file or directory
Checking trailing spaces ...
DEP: Checking for dependency issues..
./scripts/check_deps.sh
Building golang.org/x/tools/cmd/goimports -> goimports
Building mvdan.cc/gofumpt -> gofumpt
Building honnef.co/go/tools/cmd/staticcheck@2023.1.2  -> staticcheck
LINT: Running code checks..
./scripts/golinter.sh
Checking with goimports
Checking with gofumpt
Checking for golang.org/x/net/context
Checking for github.com/gogo/protobuf
Checking with go vet
# github.com/hyperledger/fabric/pkg/mopenssl
pkg/mopenssl/openssl.go:292:9: possible misuse of unsafe.Pointer
Checking with staticcheck
METRICS: Checking for outdated reference documentation..
./scripts/metrics_doc.sh check
Building github.com/go-swagger/go-swagger/cmd/swagger -> swagger
SWAGGER: Checking for outdated swagger...
./scripts/swagger.sh check
docker pull couchdb:3.3.2
3.3.2: Pulling from library/couchdb
Digest: sha256:413645f2a2847264be532d7aa200637e1aa5d37b414996fe69c98a9e521724f8
Status: Image is up to date for couchdb:3.3.2
docker.io/library/couchdb:3.3.2
./scripts/run-unit-tests.sh
ok  	github.com/hyperledger/fabric/gossip/api	(cached)	coverage: 97.4% of statements
?   	github.com/hyperledger/fabric/gossip/api/mocks	[no test files]
ok  	github.com/hyperledger/fabric/gossip/comm	(cached)	coverage: 92.8% of statements
ok  	github.com/hyperledger/fabric/gossip/comm/mock	(cached)	coverage: 81.1% of statements
?   	github.com/hyperledger/fabric/gossip/comm/mocks	[no test files]
ok  	github.com/hyperledger/fabric/gossip/discovery	(cached)	coverage: 87.6% of statements
ok  	github.com/hyperledger/fabric/gossip/election	(cached)	coverage: 94.4% of statements
ok  	github.com/hyperledger/fabric/gossip/filter	(cached)	coverage: 100.0% of statements
ok  	github.com/hyperledger/fabric/gossip/gossip	(cached)	coverage: 85.6% of statements
ok  	github.com/hyperledger/fabric/gossip/gossip/algo	(cached)	coverage: 96.9% of statements
ok  	github.com/hyperledger/fabric/gossip/gossip/channel	(cached)	coverage: 94.1% of statements
ok  	github.com/hyperledger/fabric/gossip/gossip/pull	(cached)	coverage: 92.5% of statements
ok  	github.com/hyperledger/fabric/gossip/identity	(cached)	coverage: 100.0% of statements
ok  	github.com/hyperledger/fabric/gossip/privdata	(cached)	coverage: 85.0% of statements
?   	github.com/hyperledger/fabric/gossip/privdata/common	[no test files]
?   	github.com/hyperledger/fabric/gossip/privdata/mocks	[no test files]
ok  	github.com/hyperledger/fabric/gossip/protoext	(cached)	coverage: 95.5% of statements
ok  	github.com/hyperledger/fabric/gossip/service	(cached)	coverage: 86.1% of statements
ok  	github.com/hyperledger/fabric/gossip/state	(cached)	coverage: 79.7% of statements
ok  	github.com/hyperledger/fabric/gossip/state/mocks	(cached)	coverage: 55.6% of statements
ok  	github.com/hyperledger/fabric/gossip/util	(cached)	coverage: 73.6% of statements
ok  	github.com/hyperledger/fabric/bccsp	(cached)	coverage: 100.0% of statements
ok  	github.com/hyperledger/fabric/bccsp/factory	(cached)	coverage: 60.0% of statements
?   	github.com/hyperledger/fabric/bccsp/mocks	[no test files]
?   	github.com/hyperledger/fabric/bccsp/pkcs11	[no test files]
ok  	github.com/hyperledger/fabric/bccsp/signer	(cached)	coverage: 100.0% of statements
?   	github.com/hyperledger/fabric/bccsp/sw/mocks	[no test files]
?   	github.com/hyperledger/fabric/cmd/configtxlator	[no test files]
?   	github.com/hyperledger/fabric/cmd/cryptogen	[no test files]
?   	github.com/hyperledger/fabric/cmd/orderer	[no test files]
?   	github.com/hyperledger/fabric/cmd/osnadmin/mocks	[no test files]
?   	github.com/hyperledger/fabric/common/configtx/mock	[no test files]
?   	github.com/hyperledger/fabric/common/configtx/test	[no test files]
?   	github.com/hyperledger/fabric/common/deliver/mock	[no test files]
?   	github.com/hyperledger/fabric/common/errors	[no test files]
?   	github.com/hyperledger/fabric/common/fabhttp/fakes	[no test files]
?   	github.com/hyperledger/fabric/common/flogging/httpadmin/fakes	[no test files]
?   	github.com/hyperledger/fabric/common/flogging/mock	[no test files]
?   	github.com/hyperledger/fabric/common/grpclogging/fakes	[no test files]
?   	github.com/hyperledger/fabric/common/grpclogging/testpb	[no test files]
?   	github.com/hyperledger/fabric/common/grpcmetrics/fakes	[no test files]
?   	github.com/hyperledger/fabric/common/grpcmetrics/testpb	[no test files]
?   	github.com/hyperledger/fabric/common/ledger	[no test files]
?   	github.com/hyperledger/fabric/common/ledger/blkstorage/blkstoragetest	[no test files]
?   	github.com/hyperledger/fabric/common/ledger/blockledger/fileledger/mock	[no test files]
?   	github.com/hyperledger/fabric/common/ledger/dataformat	[no test files]
?   	github.com/hyperledger/fabric/common/ledger/testutil	[no test files]
?   	github.com/hyperledger/fabric/common/ledger/testutil/fakes	[no test files]
?   	github.com/hyperledger/fabric/common/metadata	[no test files]
?   	github.com/hyperledger/fabric/common/metrics/cmd/gendoc	[no test files]
?   	github.com/hyperledger/fabric/common/metrics/metricsfakes	[no test files]
?   	github.com/hyperledger/fabric/common/policies/mocks	[no test files]
?   	github.com/hyperledger/fabric/core/aclmgmt/mocks	[no test files]
?   	github.com/hyperledger/fabric/core/aclmgmt/resources	[no test files]
?   	github.com/hyperledger/fabric/core/cclifecycle/mocks	[no test files]
?   	github.com/hyperledger/fabric/core/chaincode/extcc/mock	[no test files]
?   	github.com/hyperledger/fabric/core/chaincode/fake	[no test files]
?   	github.com/hyperledger/fabric/core/chaincode/lifecycle/mock	[no test files]
?   	github.com/hyperledger/fabric/core/chaincode/mock	[no test files]
?   	github.com/hyperledger/fabric/core/chaincode/persistence/mock	[no test files]
ok  	github.com/hyperledger/fabric/bccsp/sw	1.688s	coverage: 87.3% of statements
ok  	github.com/hyperledger/fabric/bccsp/utils	(cached)	coverage: 78.8% of statements
ok  	github.com/hyperledger/fabric/cmd/common	(cached)	coverage: 86.3% of statements
ok  	github.com/hyperledger/fabric/cmd/common/comm	(cached)	coverage: 94.7% of statements
ok  	github.com/hyperledger/fabric/cmd/common/signer	(cached)	coverage: 79.6% of statements
ok  	github.com/hyperledger/fabric/cmd/configtxgen	(cached)	coverage: 75.0% of statements
ok  	github.com/hyperledger/fabric/cmd/discover	(cached)	coverage: 0.0% of statements
ok  	github.com/hyperledger/fabric/cmd/ledgerutil	(cached)	coverage: 0.0% of statements
Running Suite: osnadmin Suite - /home/thanhpp/go/src/github.com/thanhpp/fabric-openssl/cmd/osnadmin
===================================================================================================
Random Seed: [1m1705846370[0m

Will run [1m25[0m of [1m25[0m specs
2024/01/21 21:12:50 http: TLS handshake error from 127.0.0.1:37552: remote error: tls: bad certificate
[38;5;243m------------------------------[0m
[38;5;9mâ€¢ [FAILED] [0.013 seconds][0m
osnadmin
[38;5;243m/home/thanhpp/go/src/github.com/thanhpp/fabric-openssl/cmd/osnadmin/main_test.go:36[0m
  List
  [38;5;243m/home/thanhpp/go/src/github.com/thanhpp/fabric-openssl/cmd/osnadmin/main_test.go:108[0m
    [38;5;9m[1m[It] uses the channel participation API to list all application channels and the system channel (when it exists)[0m
    [38;5;243m/home/thanhpp/go/src/github.com/thanhpp/fabric-openssl/cmd/osnadmin/main_test.go:132[0m

  [38;5;9mExpected
      <int>: 1
  to equal
      <int>: 0[0m
  [38;5;9mIn [1m[It][0m[38;5;9m at: [1m/home/thanhpp/go/src/github.com/thanhpp/fabric-openssl/cmd/osnadmin/main_test.go:720[0m
[38;5;243m------------------------------[0m
2024/01/21 21:12:50 http: TLS handshake error from 127.0.0.1:39204: remote error: tls: bad certificate
[38;5;9mâ€¢ [FAILED] [0.012 seconds][0m
osnadmin
[38;5;243m/home/thanhpp/go/src/github.com/thanhpp/fabric-openssl/cmd/osnadmin/main_test.go:36[0m
  List
  [38;5;243m/home/thanhpp/go/src/github.com/thanhpp/fabric-openssl/cmd/osnadmin/main_test.go:108[0m
    [38;5;9m[1m[It] uses the channel participation API to list the details of a single channel[0m
    [38;5;243m/home/thanhpp/go/src/github.com/thanhpp/fabric-openssl/cmd/osnadmin/main_test.go:161[0m

  [38;5;9mExpected
      <int>: 1
  to equal
      <int>: 0[0m
  [38;5;9mIn [1m[It][0m[38;5;9m at: [1m/home/thanhpp/go/src/github.com/thanhpp/fabric-openssl/cmd/osnadmin/main_test.go:720[0m
[38;5;243m------------------------------[0m
2024/01/21 21:12:50 http: TLS handshake error from 127.0.0.1:48004: remote error: tls: bad certificate
[38;5;9mâ€¢ [FAILED] [0.012 seconds][0m
osnadmin
[38;5;243m/home/thanhpp/go/src/github.com/thanhpp/fabric-openssl/cmd/osnadmin/main_test.go:36[0m
  List
  [38;5;243m/home/thanhpp/go/src/github.com/thanhpp/fabric-openssl/cmd/osnadmin/main_test.go:108[0m
    when the channel does not exist
    [38;5;243m/home/thanhpp/go/src/github.com/thanhpp/fabric-openssl/cmd/osnadmin/main_test.go:182[0m
      [38;5;9m[1m[It] returns 404 not found[0m
      [38;5;243m/home/thanhpp/go/src/github.com/thanhpp/fabric-openssl/cmd/osnadmin/main_test.go:187[0m

  [38;5;9mExpected
      <int>: 1
  to equal
      <int>: 0[0m
  [38;5;9mIn [1m[It][0m[38;5;9m at: [1m/home/thanhpp/go/src/github.com/thanhpp/fabric-openssl/cmd/osnadmin/main_test.go:720[0m
[38;5;243m------------------------------[0m
[38;5;13mâ€¢! [PANICKED] [0.005 seconds][0m
osnadmin
[38;5;243m/home/thanhpp/go/src/github.com/thanhpp/fabric-openssl/cmd/osnadmin/main_test.go:36[0m
  List
  [38;5;243m/home/thanhpp/go/src/github.com/thanhpp/fabric-openssl/cmd/osnadmin/main_test.go:108[0m
    when TLS is disabled
    [38;5;243m/home/thanhpp/go/src/github.com/thanhpp/fabric-openssl/cmd/osnadmin/main_test.go:205[0m
      [38;5;13m[1m[It] uses the channel participation API to list all channels[0m
      [38;5;243m/home/thanhpp/go/src/github.com/thanhpp/fabric-openssl/cmd/osnadmin/main_test.go:210[0m

  [38;5;13mTest Panicked[0m
  [38;5;13mIn [1m[It][0m[38;5;13m at: [1m/usr/local/go/src/runtime/panic.go:261[0m

  [38;5;13mruntime error: invalid memory address or nil pointer dereference[0m

  [38;5;13mFull Stack Trace[0m
    github.com/hyperledger/fabric/pkg/cryptox/x509.(*CertPool).ToStd(0x0)
    	/home/thanhpp/go/src/github.com/thanhpp/fabric-openssl/pkg/cryptox/x509/cert_pool.go:274 +0x103
    github.com/hyperledger/fabric/internal/osnadmin.httpClient(...)
    	/home/thanhpp/go/src/github.com/thanhpp/fabric-openssl/internal/osnadmin/httpclient.go:20
    github.com/hyperledger/fabric/internal/osnadmin.httpGet({0xc0003d3320, 0x30}, 0xc000003c90?, {{0x0, 0x0, 0x0}, {0x0, 0x0}, {0x0, 0x0, ...}, ...})
    	/home/thanhpp/go/src/github.com/thanhpp/fabric-openssl/internal/osnadmin/httpclient.go:33 +0x7d
    github.com/hyperledger/fabric/internal/osnadmin.ListAllChannels({0xc00018a648, 0x16}, 0x7?, {{0x0, 0x0, 0x0}, {0x0, 0x0}, {0x0, 0x0, ...}, ...})
    	/home/thanhpp/go/src/github.com/thanhpp/fabric-openssl/internal/osnadmin/list.go:21 +0xeb
    github.com/hyperledger/fabric/cmd/osnadmin.executeForArgs({0xc0003dcb00, 0x4, 0x4})
    	/home/thanhpp/go/src/github.com/thanhpp/fabric-openssl/cmd/osnadmin/main.go:122 +0x2f55
    github.com/hyperledger/fabric/cmd/osnadmin.glob..func1.4.5.2()
    	/home/thanhpp/go/src/github.com/thanhpp/fabric-openssl/cmd/osnadmin/main_test.go:216 +0x185
[38;5;243m------------------------------[0m
[38;5;13mâ€¢! [PANICKED] [0.005 seconds][0m
osnadmin
[38;5;243m/home/thanhpp/go/src/github.com/thanhpp/fabric-openssl/cmd/osnadmin/main_test.go:36[0m
  List
  [38;5;243m/home/thanhpp/go/src/github.com/thanhpp/fabric-openssl/cmd/osnadmin/main_test.go:108[0m
    when TLS is disabled
    [38;5;243m/home/thanhpp/go/src/github.com/thanhpp/fabric-openssl/cmd/osnadmin/main_test.go:205[0m
      [38;5;13m[1m[It] uses the channel participation API to list the details of a single channel[0m
      [38;5;243m/home/thanhpp/go/src/github.com/thanhpp/fabric-openssl/cmd/osnadmin/main_test.go:239[0m

  [38;5;13mTest Panicked[0m
  [38;5;13mIn [1m[It][0m[38;5;13m at: [1m/usr/local/go/src/runtime/panic.go:261[0m

  [38;5;13mruntime error: invalid memory address or nil pointer dereference[0m

  [38;5;13mFull Stack Trace[0m
    github.com/hyperledger/fabric/pkg/cryptox/x509.(*CertPool).ToStd(0x0)
    	/home/thanhpp/go/src/github.com/thanhpp/fabric-openssl/pkg/cryptox/x509/cert_pool.go:274 +0x103
    github.com/hyperledger/fabric/internal/osnadmin.httpClient(...)
    	/home/thanhpp/go/src/github.com/thanhpp/fabric-openssl/internal/osnadmin/httpclient.go:20
    github.com/hyperledger/fabric/internal/osnadmin.httpGet({0xc0004e20a0, 0x45}, 0xc000212000?, {{0x0, 0x0, 0x0}, {0x0, 0x0}, {0x0, 0x0, ...}, ...})
    	/home/thanhpp/go/src/github.com/thanhpp/fabric-openssl/internal/osnadmin/httpclient.go:33 +0x7d
    github.com/hyperledger/fabric/internal/osnadmin.ListSingleChannel({0xc0000004f8, 0x16}, {0x13cc60f, 0x14}, 0x0?, {{0x0, 0x0, 0x0}, {0x0, 0x0}, ...})
    	/home/thanhpp/go/src/github.com/thanhpp/fabric-openssl/internal/osnadmin/list.go:28 +0x165
    github.com/hyperledger/fabric/cmd/osnadmin.executeForArgs({0xc000528060, 0x6, 0x6})
    	/home/thanhpp/go/src/github.com/thanhpp/fabric-openssl/cmd/osnadmin/main.go:119 +0x2ef6
    github.com/hyperledger/fabric/cmd/osnadmin.glob..func1.4.5.3()
    	/home/thanhpp/go/src/github.com/thanhpp/fabric-openssl/cmd/osnadmin/main_test.go:246 +0x205
[38;5;243m------------------------------[0m
2024/01/21 21:12:50 http: TLS handshake error from 127.0.0.1:58608: remote error: tls: bad certificate
[38;5;9mâ€¢ [FAILED] [0.011 seconds][0m
osnadmin
[38;5;243m/home/thanhpp/go/src/github.com/thanhpp/fabric-openssl/cmd/osnadmin/main_test.go:36[0m
  Remove
  [38;5;243m/home/thanhpp/go/src/github.com/thanhpp/fabric-openssl/cmd/osnadmin/main_test.go:262[0m
    [38;5;9m[1m[It] uses the channel participation API to remove a channel[0m
    [38;5;243m/home/thanhpp/go/src/github.com/thanhpp/fabric-openssl/cmd/osnadmin/main_test.go:263[0m

  [38;5;9mExpected
      <int>: 1
  to equal
      <int>: 0[0m
  [38;5;9mIn [1m[It][0m[38;5;9m at: [1m/home/thanhpp/go/src/github.com/thanhpp/fabric-openssl/cmd/osnadmin/main_test.go:275[0m
[38;5;243m------------------------------[0m
2024/01/21 21:12:50 http: TLS handshake error from 127.0.0.1:40724: remote error: tls: bad certificate
[38;5;9mâ€¢ [FAILED] [0.012 seconds][0m
osnadmin
[38;5;243m/home/thanhpp/go/src/github.com/thanhpp/fabric-openssl/cmd/osnadmin/main_test.go:36[0m
  Remove
  [38;5;243m/home/thanhpp/go/src/github.com/thanhpp/fabric-openssl/cmd/osnadmin/main_test.go:262[0m
    [38;5;9m[1m[It] uses the channel participation API to remove a channel (without status)[0m
    [38;5;243m/home/thanhpp/go/src/github.com/thanhpp/fabric-openssl/cmd/osnadmin/main_test.go:279[0m

  [38;5;9mExpected
      <int>: 1
  to equal
      <int>: 0[0m
  [38;5;9mIn [1m[It][0m[38;5;9m at: [1m/home/thanhpp/go/src/github.com/thanhpp/fabric-openssl/cmd/osnadmin/main_test.go:292[0m
[38;5;243m------------------------------[0m
2024/01/21 21:12:50 http: TLS handshake error from 127.0.0.1:60052: remote error: tls: bad certificate
[38;5;9mâ€¢ [FAILED] [0.012 seconds][0m
osnadmin
[38;5;243m/home/thanhpp/go/src/github.com/thanhpp/fabric-openssl/cmd/osnadmin/main_test.go:36[0m
  Remove
  [38;5;243m/home/thanhpp/go/src/github.com/thanhpp/fabric-openssl/cmd/osnadmin/main_test.go:262[0m
    when the channel does not exist
    [38;5;243m/home/thanhpp/go/src/github.com/thanhpp/fabric-openssl/cmd/osnadmin/main_test.go:296[0m
      [38;5;9m[1m[It] returns 404 not found[0m
      [38;5;243m/home/thanhpp/go/src/github.com/thanhpp/fabric-openssl/cmd/osnadmin/main_test.go:301[0m

  [38;5;9mExpected
      <int>: 1
  to equal
      <int>: 0[0m
  [38;5;9mIn [1m[It][0m[38;5;9m at: [1m/home/thanhpp/go/src/github.com/thanhpp/fabric-openssl/cmd/osnadmin/main_test.go:720[0m
[38;5;243m------------------------------[0m
[38;5;13mâ€¢! [PANICKED] [0.005 seconds][0m
osnadmin
[38;5;243m/home/thanhpp/go/src/github.com/thanhpp/fabric-openssl/cmd/osnadmin/main_test.go:36[0m
  Remove
  [38;5;243m/home/thanhpp/go/src/github.com/thanhpp/fabric-openssl/cmd/osnadmin/main_test.go:262[0m
    when TLS is disabled
    [38;5;243m/home/thanhpp/go/src/github.com/thanhpp/fabric-openssl/cmd/osnadmin/main_test.go:319[0m
      [38;5;13m[1m[It] uses the channel participation API to remove a channel[0m
      [38;5;243m/home/thanhpp/go/src/github.com/thanhpp/fabric-openssl/cmd/osnadmin/main_test.go:324[0m

  [38;5;13mTest Panicked[0m
  [38;5;13mIn [1m[It][0m[38;5;13m at: [1m/usr/local/go/src/runtime/panic.go:261[0m

  [38;5;13mruntime error: invalid memory address or nil pointer dereference[0m

  [38;5;13mFull Stack Trace[0m
    github.com/hyperledger/fabric/pkg/cryptox/x509.(*CertPool).ToStd(0x0)
    	/home/thanhpp/go/src/github.com/thanhpp/fabric-openssl/pkg/cryptox/x509/cert_pool.go:274 +0x103
    github.com/hyperledger/fabric/internal/osnadmin.httpClient(...)
    	/home/thanhpp/go/src/github.com/thanhpp/fabric-openssl/internal/osnadmin/httpclient.go:20
    github.com/hyperledger/fabric/internal/osnadmin.httpDo(0x2?, 0x2?, {{0x0, 0x0, 0x0}, {0x0, 0x0}, {0x0, 0x0, 0x0}, ...})
    	/home/thanhpp/go/src/github.com/thanhpp/fabric-openssl/internal/osnadmin/httpclient.go:28 +0x68
    github.com/hyperledger/fabric/internal/osnadmin.Remove({0xc00015e720, 0x16}, {0x13c3a97, 0xa}, 0xc0005b5188?, {{0x0, 0x0, 0x0}, {0x0, 0x0}, ...})
    	/home/thanhpp/go/src/github.com/thanhpp/fabric-openssl/internal/osnadmin/remove.go:26 +0x1c5
    github.com/hyperledger/fabric/cmd/osnadmin.executeForArgs({0xc000529740, 0x6, 0x6})
    	/home/thanhpp/go/src/github.com/thanhpp/fabric-openssl/cmd/osnadmin/main.go:124 +0x2e36
    github.com/hyperledger/fabric/cmd/osnadmin.glob..func1.5.4.2()
    	/home/thanhpp/go/src/github.com/thanhpp/fabric-openssl/cmd/osnadmin/main_test.go:331 +0x239
[38;5;243m------------------------------[0m
2024/01/21 21:12:50 http: TLS handshake error from 127.0.0.1:36204: remote error: tls: bad certificate
[38;5;9mâ€¢ [FAILED] [0.016 seconds][0m
osnadmin
[38;5;243m/home/thanhpp/go/src/github.com/thanhpp/fabric-openssl/cmd/osnadmin/main_test.go:36[0m
  Join
  [38;5;243m/home/thanhpp/go/src/github.com/thanhpp/fabric-openssl/cmd/osnadmin/main_test.go:339[0m
    [38;5;9m[1m[It] uses the channel participation API to join a channel[0m
    [38;5;243m/home/thanhpp/go/src/github.com/thanhpp/fabric-openssl/cmd/osnadmin/main_test.go:359[0m

  [38;5;9mExpected
      <int>: 1
  to equal
      <int>: 0[0m
  [38;5;9mIn [1m[It][0m[38;5;9m at: [1m/home/thanhpp/go/src/github.com/thanhpp/fabric-openssl/cmd/osnadmin/main_test.go:720[0m
[38;5;243m------------------------------[0m
[38;5;10mâ€¢[0m[38;5;10mâ€¢[0m2024/01/21 21:12:50 http: TLS handshake error from 127.0.0.1:46358: remote error: tls: bad certificate

[38;5;243m------------------------------[0m
[38;5;9mâ€¢ [FAILED] [0.012 seconds][0m
osnadmin
[38;5;243m/home/thanhpp/go/src/github.com/thanhpp/fabric-openssl/cmd/osnadmin/main_test.go:36[0m
  Join
  [38;5;243m/home/thanhpp/go/src/github.com/thanhpp/fabric-openssl/cmd/osnadmin/main_test.go:339[0m
    when the block isn't a valid config block
    [38;5;243m/home/thanhpp/go/src/github.com/thanhpp/fabric-openssl/cmd/osnadmin/main_test.go:425[0m
      [38;5;9m[1m[It] returns 405 bad request[0m
      [38;5;243m/home/thanhpp/go/src/github.com/thanhpp/fabric-openssl/cmd/osnadmin/main_test.go:446[0m

  [38;5;9mExpected
      <int>: 1
  to equal
      <int>: 0[0m
  [38;5;9mIn [1m[It][0m[38;5;9m at: [1m/home/thanhpp/go/src/github.com/thanhpp/fabric-openssl/cmd/osnadmin/main_test.go:459[0m
[38;5;243m------------------------------[0m
2024/01/21 21:12:50 http: TLS handshake error from 127.0.0.1:45448: remote error: tls: bad certificate
[38;5;9mâ€¢ [FAILED] [0.017 seconds][0m
osnadmin
[38;5;243m/home/thanhpp/go/src/github.com/thanhpp/fabric-openssl/cmd/osnadmin/main_test.go:36[0m
  Join
  [38;5;243m/home/thanhpp/go/src/github.com/thanhpp/fabric-openssl/cmd/osnadmin/main_test.go:339[0m
    when joining the channel fails
    [38;5;243m/home/thanhpp/go/src/github.com/thanhpp/fabric-openssl/cmd/osnadmin/main_test.go:468[0m
      [38;5;9m[1m[It] returns 405 not allowed[0m
      [38;5;243m/home/thanhpp/go/src/github.com/thanhpp/fabric-openssl/cmd/osnadmin/main_test.go:473[0m

  [38;5;9mExpected
      <int>: 1
  to equal
      <int>: 0[0m
  [38;5;9mIn [1m[It][0m[38;5;9m at: [1m/home/thanhpp/go/src/github.com/thanhpp/fabric-openssl/cmd/osnadmin/main_test.go:720[0m
[38;5;243m------------------------------[0m
2024/01/21 21:12:50 http: TLS handshake error from 127.0.0.1:35950: remote error: tls: bad certificate
[38;5;9mâ€¢ [FAILED] [0.015 seconds][0m
osnadmin
[38;5;243m/home/thanhpp/go/src/github.com/thanhpp/fabric-openssl/cmd/osnadmin/main_test.go:36[0m
  Join
  [38;5;243m/home/thanhpp/go/src/github.com/thanhpp/fabric-openssl/cmd/osnadmin/main_test.go:339[0m
    when joining the channel fails
    [38;5;243m/home/thanhpp/go/src/github.com/thanhpp/fabric-openssl/cmd/osnadmin/main_test.go:468[0m
      [38;5;9m[1m[It] returns 405 not allowed (without status)[0m
      [38;5;243m/home/thanhpp/go/src/github.com/thanhpp/fabric-openssl/cmd/osnadmin/main_test.go:491[0m

  [38;5;9mExpected
      <int>: 1
  to equal
      <int>: 0[0m
  [38;5;9mIn [1m[It][0m[38;5;9m at: [1m/home/thanhpp/go/src/github.com/thanhpp/fabric-openssl/cmd/osnadmin/main_test.go:728[0m
[38;5;243m------------------------------[0m
[38;5;13mâ€¢! [PANICKED] [0.005 seconds][0m
osnadmin
[38;5;243m/home/thanhpp/go/src/github.com/thanhpp/fabric-openssl/cmd/osnadmin/main_test.go:36[0m
  Join
  [38;5;243m/home/thanhpp/go/src/github.com/thanhpp/fabric-openssl/cmd/osnadmin/main_test.go:339[0m
    when TLS is disabled
    [38;5;243m/home/thanhpp/go/src/github.com/thanhpp/fabric-openssl/cmd/osnadmin/main_test.go:511[0m
      [38;5;13m[1m[It] uses the channel participation API to join a channel[0m
      [38;5;243m/home/thanhpp/go/src/github.com/thanhpp/fabric-openssl/cmd/osnadmin/main_test.go:516[0m

  [38;5;13mTest Panicked[0m
  [38;5;13mIn [1m[It][0m[38;5;13m at: [1m/usr/local/go/src/runtime/panic.go:261[0m

  [38;5;13mruntime error: invalid memory address or nil pointer dereference[0m

  [38;5;13mFull Stack Trace[0m
    github.com/hyperledger/fabric/pkg/cryptox/x509.(*CertPool).ToStd(0x0)
    	/home/thanhpp/go/src/github.com/thanhpp/fabric-openssl/pkg/cryptox/x509/cert_pool.go:274 +0x103
    github.com/hyperledger/fabric/internal/osnadmin.httpClient(...)
    	/home/thanhpp/go/src/github.com/thanhpp/fabric-openssl/internal/osnadmin/httpclient.go:20
    github.com/hyperledger/fabric/internal/osnadmin.httpDo(0xc?, 0xc0004dacc0?, {{0x0, 0x0, 0x0}, {0x0, 0x0}, {0x0, 0x0, 0x0}, ...})
    	/home/thanhpp/go/src/github.com/thanhpp/fabric-openssl/internal/osnadmin/httpclient.go:28 +0x68
    github.com/hyperledger/fabric/internal/osnadmin.Join({0xc0004e0b10, 0x16}, {0xc00019de00, 0x9c, 0x200}, 0x0?, {{0x0, 0x0, 0x0}, {0x0, ...}, ...})
    	/home/thanhpp/go/src/github.com/thanhpp/fabric-openssl/internal/osnadmin/join.go:27 +0x165
    github.com/hyperledger/fabric/cmd/osnadmin.executeForArgs({0xc0005a1e80, 0x8, 0x8})
    	/home/thanhpp/go/src/github.com/thanhpp/fabric-openssl/cmd/osnadmin/main.go:116 +0x2fc9
    github.com/hyperledger/fabric/cmd/osnadmin.glob..func1.6.7.2()
    	/home/thanhpp/go/src/github.com/thanhpp/fabric-openssl/cmd/osnadmin/main_test.go:524 +0x2be
[38;5;243m------------------------------[0m
2024/01/21 21:12:50 http: TLS handshake error from 127.0.0.1:54588: remote error: tls: bad certificate
[38;5;9mâ€¢ [FAILED] [0.012 seconds][0m
osnadmin
[38;5;243m/home/thanhpp/go/src/github.com/thanhpp/fabric-openssl/cmd/osnadmin/main_test.go:36[0m
  Flags
  [38;5;243m/home/thanhpp/go/src/github.com/thanhpp/fabric-openssl/cmd/osnadmin/main_test.go:537[0m
    [38;5;9m[1m[It] accepts short versions of the --orderer-address, --channelID, and --config-block flags[0m
    [38;5;243m/home/thanhpp/go/src/github.com/thanhpp/fabric-openssl/cmd/osnadmin/main_test.go:538[0m

  [38;5;9mExpected
      <int>: 1
  to equal
      <int>: 0[0m
  [38;5;9mIn [1m[It][0m[38;5;9m at: [1m/home/thanhpp/go/src/github.com/thanhpp/fabric-openssl/cmd/osnadmin/main_test.go:720[0m
[38;5;243m------------------------------[0m
[38;5;10mâ€¢[0m[38;5;10mâ€¢[0m[38;5;10mâ€¢[0m[38;5;10mâ€¢[0m[38;5;10mâ€¢[0m[38;5;10mâ€¢[0m2024/01/21 21:12:50 http: TLS handshake error from 127.0.0.1:36112: remote error: tls: bad certificate

[38;5;243m------------------------------[0m
[38;5;9mâ€¢ [FAILED] [0.012 seconds][0m
osnadmin
[38;5;243m/home/thanhpp/go/src/github.com/thanhpp/fabric-openssl/cmd/osnadmin/main_test.go:36[0m
  Server using intermediate CA
  [38;5;243m/home/thanhpp/go/src/github.com/thanhpp/fabric-openssl/cmd/osnadmin/main_test.go:669[0m
    [38;5;9m[1m[It] uses the channel participation API to list all application and and the system channel (when it exists)[0m
    [38;5;243m/home/thanhpp/go/src/github.com/thanhpp/fabric-openssl/cmd/osnadmin/main_test.go:681[0m

  [38;5;9mExpected
      <int>: 1
  to equal
      <int>: 0[0m
  [38;5;9mIn [1m[It][0m[38;5;9m at: [1m/home/thanhpp/go/src/github.com/thanhpp/fabric-openssl/cmd/osnadmin/main_test.go:720[0m
[38;5;243m------------------------------[0m
2024/01/21 21:12:50 http: TLS handshake error from 127.0.0.1:38210: remote error: tls: bad certificate
[38;5;10mâ€¢[0m


[38;5;9m[1mSummarizing 16 Failures:[0m
  [38;5;9m[FAIL][0m [0mosnadmin [38;5;243mList [0m[38;5;9m[1m[It] uses the channel participation API to list all application channels and the system channel (when it exists)[0m[0m
  [38;5;243m/home/thanhpp/go/src/github.com/thanhpp/fabric-openssl/cmd/osnadmin/main_test.go:720[0m
  [38;5;9m[FAIL][0m [0mosnadmin [38;5;243mList [0m[38;5;9m[1m[It] uses the channel participation API to list the details of a single channel[0m[0m
  [38;5;243m/home/thanhpp/go/src/github.com/thanhpp/fabric-openssl/cmd/osnadmin/main_test.go:720[0m
  [38;5;9m[FAIL][0m [0mosnadmin [38;5;243mList [0mwhen the channel does not exist [38;5;243m[38;5;9m[1m[It] returns 404 not found[0m[0m
  [38;5;243m/home/thanhpp/go/src/github.com/thanhpp/fabric-openssl/cmd/osnadmin/main_test.go:720[0m
  [38;5;13m[PANICKED!][0m [0mosnadmin [38;5;243mList [0mwhen TLS is disabled [38;5;243m[38;5;13m[1m[It] uses the channel participation API to list all channels[0m[0m
  [38;5;243m/usr/local/go/src/runtime/panic.go:261[0m
  [38;5;13m[PANICKED!][0m [0mosnadmin [38;5;243mList [0mwhen TLS is disabled [38;5;243m[38;5;13m[1m[It] uses the channel participation API to list the details of a single channel[0m[0m
  [38;5;243m/usr/local/go/src/runtime/panic.go:261[0m
  [38;5;9m[FAIL][0m [0mosnadmin [38;5;243mRemove [0m[38;5;9m[1m[It] uses the channel participation API to remove a channel[0m[0m
  [38;5;243m/home/thanhpp/go/src/github.com/thanhpp/fabric-openssl/cmd/osnadmin/main_test.go:275[0m
  [38;5;9m[FAIL][0m [0mosnadmin [38;5;243mRemove [0m[38;5;9m[1m[It] uses the channel participation API to remove a channel (without status)[0m[0m
  [38;5;243m/home/thanhpp/go/src/github.com/thanhpp/fabric-openssl/cmd/osnadmin/main_test.go:292[0m
  [38;5;9m[FAIL][0m [0mosnadmin [38;5;243mRemove [0mwhen the channel does not exist [38;5;243m[38;5;9m[1m[It] returns 404 not found[0m[0m
  [38;5;243m/home/thanhpp/go/src/github.com/thanhpp/fabric-openssl/cmd/osnadmin/main_test.go:720[0m
  [38;5;13m[PANICKED!][0m [0mosnadmin [38;5;243mRemove [0mwhen TLS is disabled [38;5;243m[38;5;13m[1m[It] uses the channel participation API to remove a channel[0m[0m
  [38;5;243m/usr/local/go/src/runtime/panic.go:261[0m
  [38;5;9m[FAIL][0m [0mosnadmin [38;5;243mJoin [0m[38;5;9m[1m[It] uses the channel participation API to join a channel[0m[0m
  [38;5;243m/home/thanhpp/go/src/github.com/thanhpp/fabric-openssl/cmd/osnadmin/main_test.go:720[0m
  [38;5;9m[FAIL][0m [0mosnadmin [38;5;243mJoin [0mwhen the block isn't a valid config block [38;5;243m[38;5;9m[1m[It] returns 405 bad request[0m[0m
  [38;5;243m/home/thanhpp/go/src/github.com/thanhpp/fabric-openssl/cmd/osnadmin/main_test.go:459[0m
  [38;5;9m[FAIL][0m [0mosnadmin [38;5;243mJoin [0mwhen joining the channel fails [38;5;243m[38;5;9m[1m[It] returns 405 not allowed[0m[0m
  [38;5;243m/home/thanhpp/go/src/github.com/thanhpp/fabric-openssl/cmd/osnadmin/main_test.go:720[0m
  [38;5;9m[FAIL][0m [0mosnadmin [38;5;243mJoin [0mwhen joining the channel fails [38;5;243m[38;5;9m[1m[It] returns 405 not allowed (without status)[0m[0m
  [38;5;243m/home/thanhpp/go/src/github.com/thanhpp/fabric-openssl/cmd/osnadmin/main_test.go:728[0m
  [38;5;13m[PANICKED!][0m [0mosnadmin [38;5;243mJoin [0mwhen TLS is disabled [38;5;243m[38;5;13m[1m[It] uses the channel participation API to join a channel[0m[0m
  [38;5;243m/usr/local/go/src/runtime/panic.go:261[0m
  [38;5;9m[FAIL][0m [0mosnadmin [38;5;243mFlags [0m[38;5;9m[1m[It] accepts short versions of the --orderer-address, --channelID, and --config-block flags[0m[0m
  [38;5;243m/home/thanhpp/go/src/github.com/thanhpp/fabric-openssl/cmd/osnadmin/main_test.go:720[0m
  [38;5;9m[FAIL][0m [0mosnadmin [38;5;243mServer using intermediate CA [0m[38;5;9m[1m[It] uses the channel participation API to list all application and and the system channel (when it exists)[0m[0m
  [38;5;243m/home/thanhpp/go/src/github.com/thanhpp/fabric-openssl/cmd/osnadmin/main_test.go:720[0m

[38;5;9m[1mRan 25 of 25 Specs in 0.269 seconds[0m
[38;5;9m[1mFAIL![0m -- [38;5;10m[1m9 Passed[0m | [38;5;9m[1m16 Failed[0m | [38;5;11m[1m0 Pending[0m | [38;5;14m[1m0 Skipped[0m
--- FAIL: TestOsnadmin (0.27s)
FAIL
coverage: 69.4% of statements
FAIL	github.com/hyperledger/fabric/cmd/osnadmin	0.422s
ok  	github.com/hyperledger/fabric/cmd/peer	(cached)	coverage: 0.0% of statements
ok  	github.com/hyperledger/fabric/common/capabilities	(cached)	coverage: 98.8% of statements
ok  	github.com/hyperledger/fabric/common/cauthdsl	(cached)	coverage: 97.3% of statements
ok  	github.com/hyperledger/fabric/common/chaincode	(cached)	coverage: 100.0% of statements
ok  	github.com/hyperledger/fabric/common/channelconfig	(cached)	coverage: 77.0% of statements
ok  	github.com/hyperledger/fabric/common/configtx	(cached)	coverage: 85.4% of statements
ok  	github.com/hyperledger/fabric/common/crypto	(cached)	coverage: 98.3% of statements
ok  	github.com/hyperledger/fabric/common/crypto/tlsgen	(cached)	coverage: 76.1% of statements
ok  	github.com/hyperledger/fabric/common/deliver	(cached)	coverage: 97.2% of statements
ok  	github.com/hyperledger/fabric/common/diag	(cached)	coverage: 70.0% of statements
Running Suite: FabHTTP Suite - /home/thanhpp/go/src/github.com/thanhpp/fabric-openssl/common/fabhttp
====================================================================================================
Random Seed: [1m1705846370[0m

Will run [1m19[0m of [1m19[0m specs
[38;5;10mâ€¢[0m[38;5;10mâ€¢[0m[38;5;10mâ€¢[0m[38;5;10mâ€¢[0m[38;5;10mâ€¢[0m[38;5;10mâ€¢[0m2024/01/21 21:12:50 http: TLS handshake error from 127.0.0.1:60916: EOF
[38;5;10mâ€¢[0m2024/01/21 21:12:50 http: TLS handshake error from 127.0.0.1:49342: remote error: tls: bad certificate

[38;5;243m------------------------------[0m
[38;5;9mâ€¢ [FAILED] [0.018 seconds][0m
Server
[38;5;243m/home/thanhpp/go/src/github.com/thanhpp/fabric-openssl/common/fabhttp/server_test.go:26[0m
  [38;5;9m[1m[It] does not host a secure endpoint for additional APIs by default[0m
  [38;5;243m/home/thanhpp/go/src/github.com/thanhpp/fabric-openssl/common/fabhttp/server_test.go:92[0m

  [38;5;9mUnexpected error:
      <*url.Error | 0xc0002382a0>: {
          Op: "Get",
          URL: "https://127.0.0.1:46833/some-additional-test-api",
          Err: <*tls.CertificateVerificationError | 0xc000238270>{
              UnverifiedCertificates: [
                  {
                      Raw: [48, 130, 1, 254, 48, 130, 1, 164, 160, 3, 2, 1, 2, 2, 17, 0, 158, 27, 180, 119, 235, 204, 82, 37, 237, 128, 137, 55, 175, 131, 189, 5, 48, 10, 6, 8, 42, 134, 72, 206, 61, 4, 3, 2, 48, 49, 49, 47, 48, 45, 6, 3, 85, 4, 5, 19, 38, 51, 56, 51, 54, 56, 49, 53, 54, 49, 48, 55, 49, 56, 50, 57, 52, 52, 49, 52, 56, 49, 55, 57, 53, 48, 51, 52, 51, 57, 53, 49, 57, 50, 51, 48, 50, 51, 55, 48, 30, 23, 13, 50, 52, 48, 49, 50, 48, 49, 52, 49, 50, 53, 48, 90, 23, 13, 51, 52, 48, 49, 49, 56, 49, 52, 49, 50, 53, 48, 90, 48, 50, 49, 48, 48, 46, 6, 3, 85, 4, 5, 19, 39, 50, 49, 48, 49, 54, 49, 56, 55, 53, 54, 56, 52, 48, 53, 51, 49, 51, 48, 56, 55, 49, 56, 49, 54, 55, 53, 52, 48, 53, 56, 53, 51, 56, 50, 51, 55, 49, 56, 57, 48, 89, 48, 19, 6, 7, 42, 134, 72, 206, 61, 2, 1, 6, 8, 42, 134, 72, 206, 61, 3, 1, 7, 3, 66, 0, 4, 241, 158, 61, 115, 125, 200, 26, 161, 156, 114, 144, 32, 156, 120, 110, 217, 77, 72, 177, 136, 174, 5, 142, 181, 212, 208, 105, 250, 163, 139, 255, 111, 102, 63, 187, 36, 146, 168, 21, 25, 142, 136, 64, 85, 134, 161, 185, 19, 133, 79, 2, 106, 183, 174, 255, 25, 195, 2, 244, 76, 184, 73, 176, 248, 163, 129, 155, 48, 129, 152, 48, 14, 6, 3, 85, 29, 15, 1, 1, 255, 4, 4, 3, 2, 5, 160, 48, 29, 6, 3, 85, 29, 37, 4, 22, 48, 20, 6, 8, 43, 6, 1, 5, 5, 7, 3, 2, 6, 8, 43, 6, 1, 5, 5, 7, 3, 1, 48, 41, 6, 3, 85, 29, 14, 4, 34, 4, 32, 90, 226, 151, 73, 187, 92, 58, 60, 140, 168, 11, 152, 118, 72, 211, 59, 51, 136, 64, 91, 164, 172, 96, 11, 28, 16, 8, 100, 72, 216, 144, 91, 48, 43, 6, 3, 85, 29, 35, 4, 36, 48, 34, 128, 32, 10, 245, 13, 168, 89, 246, 70, 153, 232, 148, 104, 208, 255, 72, 188, 240, 26, 235, 235, 44, 164, 2, 185, 145, 112, 97, 160, 12, 190, 123, 120, 113, 48, 15, 6, 3, 85, 29, 17, 4, 8, 48, 6, 135, 4, 127, 0, 0, 1, 48, 10, 6, 8, 42, 134, 72, 206, 61, 4, 3, 2, 3, 72, 0, 48, 69, 2, 32, 50, 189, 221, 140, 180, 205, 120, 17, 241, 50, 39, 71, 177, 165, 161, 43, 248, 170, 30, 205, 151, 23, 88, 44, 198, 231, 178, 55, 50, 3, 125, 26, 2, 33, 0, 202, 42, 117, 207, 204, 142, 184, 91, 32, 79, 21, 211, 196, 89, 161, 88, 169, 161, 78, 112, 123, 172, 171, 15, 129, 162, 191, 182, 140, 84, 7, 255],
                      RawTBSCertificate: [48, 130, 1, 164, 160, 3, 2, 1, 2, 2, 17, 0, 158, 27, 180, 119, 235, 204, 82, 37, 237, 128, 137, 55, 175, 131, 189, 5, 48, 10, 6, 8, 42, 134, 72, 206, 61, 4, 3, 2, 48, 49, 49, 47, 48, 45, 6, 3, 85, 4, 5, 19, 38, 51, 56, 51, 54, 56, 49, 53, 54, 49, 48, 55, 49, 56, 50, 57, 52, 52, 49, 52, 56, 49, 55, 57, 53, 48, 51, 52, 51, 57, 53, 49, 57, 50, 51, 48, 50, 51, 55, 48, 30, 23, 13, 50, 52, 48, 49, 50, 48, 49, 52, 49, 50, 53, 48, 90, 23, 13, 51, 52, 48, 49, 49, 56, 49, 52, 49, 50, 53, 48, 90, 48, 50, 49, 48, 48, 46, 6, 3, 85, 4, 5, 19, 39, 50, 49, 48, 49, 54, 49, 56, 55, 53, 54, 56, 52, 48, 53, 51, 49, 51, 48, 56, 55, 49, 56, 49, 54, 55, 53, 52, 48, 53, 56, 53, 51, 56, 50, 51, 55, 49, 56, 57, 48, 89, 48, 19, 6, 7, 42, 134, 72, 206, 61, 2, 1, 6, 8, 42, 134, 72, 206, 61, 3, 1, 7, 3, 66, 0, 4, 241, 158, 61, 115, 125, 200, 26, 161, 156, 114, 144, 32, 156, 120, 110, 217, 77, 72, 177, 136, 174, 5, 142, 181, 212, 208, 105, 250, 163, 139, 255, 111, 102, 63, 187, 36, 146, 168, 21, 25, 142, 136, 64, 85, 134, 161, 185, 19, 133, 79, 2, 106, 183, 174, 255, 25, 195, 2, 244, 76, 184, 73, 176, 248, 163, 129, 155, 48, 129, 152, 48, 14, 6, 3, 85, 29, 15, 1, 1, 255, 4, 4, 3, 2, 5, 160, 48, 29, 6, 3, 85, 29, 37, 4, 22, 48, 20, 6, 8, 43, 6, 1, 5, 5, 7, 3, 2, 6, 8, 43, 6, 1, 5, 5, 7, 3, 1, 48, 41, 6, 3, 85, 29, 14, 4, 34, 4, 32, 90, 226, 151, 73, 187, 92, 58, 60, 140, 168, 11, 152, 118, 72, 211, 59, 51, 136, 64, 91, 164, 172, 96, 11, 28, 16, 8, 100, 72, 216, 144, 91, 48, 43, 6, 3, 85, 29, 35, 4, 36, 48, 34, 128, 32, 10, 245, 13, 168, 89, 246, 70, 153, 232, 148, 104, 208, 255, 72, 188, 240, 26, 235, 235, 44, 164, 2,...

  Gomega truncated this representation as it exceeds 'format.MaxLength'.
  Consider having the object provide a custom 'GomegaStringer' representation
  or adjust the parameters in Gomega's 'format' package.

  Learn more here: https://onsi.github.io/gomega/#adjusting-output

      Get "https://127.0.0.1:46833/some-additional-test-api": tls: failed to verify certificate: x509: certificate has expired or is not yet valid: current time 2024-01-21T21:12:50+07:00 is after 0001-01-01T00:00:00Z
  occurred[0m
  [38;5;9mIn [1m[It][0m[38;5;9m at: [1m/home/thanhpp/go/src/github.com/thanhpp/fabric-openssl/common/fabhttp/server_test.go:98[0m
[38;5;243m------------------------------[0m
2024/01/21 21:12:50 http: TLS handshake error from 127.0.0.1:45798: remote error: tls: bad certificate
[38;5;9mâ€¢ [FAILED] [0.019 seconds][0m
Server
[38;5;243m/home/thanhpp/go/src/github.com/thanhpp/fabric-openssl/common/fabhttp/server_test.go:26[0m
  [38;5;9m[1m[It] hosts a secure endpoint for additional APIs when added[0m
  [38;5;243m/home/thanhpp/go/src/github.com/thanhpp/fabric-openssl/common/fabhttp/server_test.go:107[0m

  [38;5;9mUnexpected error:
      <*url.Error | 0xc000238c00>: {
          Op: "Get",
          URL: "https://127.0.0.1:45417/some-additional-test-api",
          Err: <*tls.CertificateVerificationError | 0xc000238bd0>{
              UnverifiedCertificates: [
                  {
                      Raw: [48, 130, 1, 252, 48, 130, 1, 163, 160, 3, 2, 1, 2, 2, 16, 60, 200, 167, 50, 143, 220, 191, 200, 63, 191, 165, 100, 236, 191, 127, 57, 48, 10, 6, 8, 42, 134, 72, 206, 61, 4, 3, 2, 48, 50, 49, 48, 48, 46, 6, 3, 85, 4, 5, 19, 39, 50, 53, 50, 56, 48, 56, 55, 52, 50, 53, 49, 54, 52, 50, 57, 50, 52, 50, 51, 53, 52, 49, 48, 56, 48, 49, 54, 56, 50, 50, 50, 54, 56, 51, 49, 49, 57, 50, 53, 48, 30, 23, 13, 50, 52, 48, 49, 50, 48, 49, 52, 49, 50, 53, 48, 90, 23, 13, 51, 52, 48, 49, 49, 56, 49, 52, 49, 50, 53, 48, 90, 48, 49, 49, 47, 48, 45, 6, 3, 85, 4, 5, 19, 38, 56, 48, 55, 57, 53, 53, 51, 48, 50, 56, 55, 49, 51, 55, 48, 55, 57, 49, 57, 50, 56, 50, 48, 51, 55, 57, 56, 51, 56, 56, 56, 48, 54, 52, 52, 57, 50, 49, 48, 89, 48, 19, 6, 7, 42, 134, 72, 206, 61, 2, 1, 6, 8, 42, 134, 72, 206, 61, 3, 1, 7, 3, 66, 0, 4, 205, 198, 29, 217, 255, 147, 229, 249, 226, 19, 163, 182, 255, 17, 191, 232, 30, 99, 10, 110, 93, 66, 228, 140, 177, 250, 31, 187, 83, 25, 155, 194, 223, 13, 201, 61, 0, 241, 77, 55, 53, 138, 87, 156, 86, 110, 235, 130, 78, 61, 80, 187, 76, 87, 97, 66, 22, 41, 91, 51, 38, 126, 92, 229, 163, 129, 155, 48, 129, 152, 48, 14, 6, 3, 85, 29, 15, 1, 1, 255, 4, 4, 3, 2, 5, 160, 48, 29, 6, 3, 85, 29, 37, 4, 22, 48, 20, 6, 8, 43, 6, 1, 5, 5, 7, 3, 2, 6, 8, 43, 6, 1, 5, 5, 7, 3, 1, 48, 41, 6, 3, 85, 29, 14, 4, 34, 4, 32, 36, 128, 32, 65, 160, 190, 6, 179, 6, 246, 153, 254, 5, 56, 48, 45, 60, 88, 245, 113, 230, 243, 71, 52, 90, 40, 176, 58, 34, 1, 180, 247, 48, 43, 6, 3, 85, 29, 35, 4, 36, 48, 34, 128, 32, 85, 161, 152, 4, 243, 159, 205, 8, 45, 54, 227, 92, 127, 142, 178, 254, 80, 154, 70, 27, 157, 201, 134, 86, 141, 112, 97, 150, 220, 107, 175, 247, 48, 15, 6, 3, 85, 29, 17, 4, 8, 48, 6, 135, 4, 127, 0, 0, 1, 48, 10, 6, 8, 42, 134, 72, 206, 61, 4, 3, 2, 3, 71, 0, 48, 68, 2, 32, 72, 127, 104, 245, 77, 178, 86, 126, 182, 28, 13, 39, 170, 170, 2, 81, 214, 231, 118, 60, 172, 85, 136, 149, 140, 124, 107, 31, 176, 243, 20, 163, 2, 32, 82, 123, 53, 20, 100, 119, 247, 35, 243, 73, 130, 125, 202, 251, 112, 132, 3, 182, 120, 206, 105, 205, 100, 18, 230, 179, 231, 123, 4, 42, 233, 112],
                      RawTBSCertificate: [48, 130, 1, 163, 160, 3, 2, 1, 2, 2, 16, 60, 200, 167, 50, 143, 220, 191, 200, 63, 191, 165, 100, 236, 191, 127, 57, 48, 10, 6, 8, 42, 134, 72, 206, 61, 4, 3, 2, 48, 50, 49, 48, 48, 46, 6, 3, 85, 4, 5, 19, 39, 50, 53, 50, 56, 48, 56, 55, 52, 50, 53, 49, 54, 52, 50, 57, 50, 52, 50, 51, 53, 52, 49, 48, 56, 48, 49, 54, 56, 50, 50, 50, 54, 56, 51, 49, 49, 57, 50, 53, 48, 30, 23, 13, 50, 52, 48, 49, 50, 48, 49, 52, 49, 50, 53, 48, 90, 23, 13, 51, 52, 48, 49, 49, 56, 49, 52, 49, 50, 53, 48, 90, 48, 49, 49, 47, 48, 45, 6, 3, 85, 4, 5, 19, 38, 56, 48, 55, 57, 53, 53, 51, 48, 50, 56, 55, 49, 51, 55, 48, 55, 57, 49, 57, 50, 56, 50, 48, 51, 55, 57, 56, 51, 56, 56, 56, 48, 54, 52, 52, 57, 50, 49, 48, 89, 48, 19, 6, 7, 42, 134, 72, 206, 61, 2, 1, 6, 8, 42, 134, 72, 206, 61, 3, 1, 7, 3, 66, 0, 4, 205, 198, 29, 217, 255, 147, 229, 249, 226, 19, 163, 182, 255, 17, 191, 232, 30, 99, 10, 110, 93, 66, 228, 140, 177, 250, 31, 187, 83, 25, 155, 194, 223, 13, 201, 61, 0, 241, 77, 55, 53, 138, 87, 156, 86, 110, 235, 130, 78, 61, 80, 187, 76, 87, 97, 66, 22, 41, 91, 51, 38, 126, 92, 229, 163, 129, 155, 48, 129, 152, 48, 14, 6, 3, 85, 29, 15, 1, 1, 255, 4, 4, 3, 2, 5, 160, 48, 29, 6, 3, 85, 29, 37, 4, 22, 48, 20, 6, 8, 43, 6, 1, 5, 5, 7, 3, 2, 6, 8, 43, 6, 1, 5, 5, 7, 3, 1, 48, 41, 6, 3, 85, 29, 14, 4, 34, 4, 32, 36, 128, 32, 65, 160, 190, 6, 179, 6, 246, 153, 254, 5, 56, 48, 45, 60, 88, 245, 113, 230, 243, 71, 52, 90, 40, 176, 58, 34, 1, 180, 247, 48, 43, 6, 3, 85, 29, 35, 4, 36, 48, 34, 128, 32, 85, 161, 152, 4, 243, 159, 205, 8, 45, 54, 227, 92, 127, 142, 178, 254, 80, 154, 70, 27, 157, 201, 134, 86, 141, 112, 97, 150, 220, ...

  Gomega truncated this representation as it exceeds 'format.MaxLength'.
  Consider having the object provide a custom 'GomegaStringer' representation
  or adjust the parameters in Gomega's 'format' package.

  Learn more here: https://onsi.github.io/gomega/#adjusting-output

      Get "https://127.0.0.1:45417/some-additional-test-api": tls: failed to verify certificate: x509: certificate has expired or is not yet valid: current time 2024-01-21T21:12:50+07:00 is after 0001-01-01T00:00:00Z
  occurred[0m
  [38;5;9mIn [1m[It][0m[38;5;9m at: [1m/home/thanhpp/go/src/github.com/thanhpp/fabric-openssl/common/fabhttp/server_test.go:114[0m
[38;5;243m------------------------------[0m
[38;5;10mâ€¢[0m[38;5;10mâ€¢[0m2024/01/21 21:12:50 http: TLS handshake error from 127.0.0.1:59748: remote error: tls: bad certificate

[38;5;243m------------------------------[0m
[38;5;9mâ€¢ [FAILED] [0.023 seconds][0m
Server
[38;5;243m/home/thanhpp/go/src/github.com/thanhpp/fabric-openssl/common/fabhttp/server_test.go:26[0m
  when ClientCertRequired is true
  [38;5;243m/home/thanhpp/go/src/github.com/thanhpp/fabric-openssl/common/fabhttp/server_test.go:161[0m
    [38;5;9m[1m[It] requires a client cert to connect[0m
    [38;5;243m/home/thanhpp/go/src/github.com/thanhpp/fabric-openssl/common/fabhttp/server_test.go:167[0m

  [38;5;9mExpected
      <*url.Error | 0xc0000fa570>: {
          Op: "Get",
          URL: "https://127.0.0.1:46523/healthz",
          Err: <*tls.CertificateVerificationError | 0xc0000fa540>{
              UnverifiedCertificates: [
                  {
                      Raw: [48, 130, 1, 255, 48, 130, 1, 165, 160, 3, 2, 1, 2, 2, 17, 0, 140, 73, 245, 176, 185, 182, 78, 151, 168, 49, 216, 8, 158, 87, 228, 106, 48, 10, 6, 8, 42, 134, 72, 206, 61, 4, 3, 2, 48, 50, 49, 48, 48, 46, 6, 3, 85, 4, 5, 19, 39, 49, 51, 48, 49, 53, 56, 56, 52, 54, 53, 50, 53, 55, 56, 48, 49, 57, 55, 51, 52, 48, 55, 50, 53, 55, 49, 50, 55, 53, 57, 48, 48, 52, 55, 49, 48, 54, 55, 53, 48, 30, 23, 13, 50, 52, 48, 49, 50, 48, 49, 52, 49, 50, 53, 48, 90, 23, 13, 51, 52, 48, 49, 49, 56, 49, 52, 49, 50, 53, 48, 90, 48, 50, 49, 48, 48, 46, 6, 3, 85, 4, 5, 19, 39, 49, 56, 54, 52, 55, 53, 57, 52, 48, 50, 55, 50, 53, 52, 53, 56, 56, 52, 50, 53, 49, 52, 55, 53, 52, 50, 51, 48, 48, 49, 54, 57, 48, 50, 51, 54, 48, 49, 48, 48, 89, 48, 19, 6, 7, 42, 134, 72, 206, 61, 2, 1, 6, 8, 42, 134, 72, 206, 61, 3, 1, 7, 3, 66, 0, 4, 50, 135, 11, 8, 76, 151, 58, 210, 143, 28, 251, 217, 100, 235, 44, 16, 100, 19, 68, 195, 216, 129, 111, 101, 225, 205, 219, 36, 20, 243, 248, 48, 251, 68, 3, 220, 238, 79, 122, 180, 113, 236, 243, 232, 142, 66, 41, 92, 214, 73, 124, 183, 143, 122, 136, 35, 51, 155, 249, 130, 254, 247, 108, 40, 163, 129, 155, 48, 129, 152, 48, 14, 6, 3, 85, 29, 15, 1, 1, 255, 4, 4, 3, 2, 5, 160, 48, 29, 6, 3, 85, 29, 37, 4, 22, 48, 20, 6, 8, 43, 6, 1, 5, 5, 7, 3, 2, 6, 8, 43, 6, 1, 5, 5, 7, 3, 1, 48, 41, 6, 3, 85, 29, 14, 4, 34, 4, 32, 222, 253, 201, 153, 254, 245, 1, 232, 126, 34, 150, 110, 244, 69, 21, 54, 200, 34, 65, 149, 89, 234, 159, 244, 88, 253, 49, 38, 161, 211, 170, 73, 48, 43, 6, 3, 85, 29, 35, 4, 36, 48, 34, 128, 32, 62, 6, 5, 215, 59, 87, 60, 251, 251, 183, 172, 153, 109, 84, 14, 203, 234, 240, 240, 185, 124, 76, 151, 138, 164, 159, 191, 200, 173, 75, 180, 223, 48, 15, 6, 3, 85, 29, 17, 4, 8, 48, 6, 135, 4, 127, 0, 0, 1, 48, 10, 6, 8, 42, 134, 72, 206, 61, 4, 3, 2, 3, 72, 0, 48, 69, 2, 33, 0, 251, 84, 132, 119, 124, 27, 174, 29, 24, 116, 189, 11, 175, 247, 67, 183, 58, 101, 153, 5, 222, 138, 56, 198, 25, 45, 194, 56, 84, 251, 239, 112, 2, 32, 52, 153, 254, 254, 72, 64, 145, 169, 178, 122, 125, 28, 145, 229, 183, 223, 168, 113, 97, 159, 200, 182, 170, 59, 120, 201, 76, 191, 163, 151, 222, 170],
                      RawTBSCertificate: [48, 130, 1, 165, 160, 3, 2, 1, 2, 2, 17, 0, 140, 73, 245, 176, 185, 182, 78, 151, 168, 49, 216, 8, 158, 87, 228, 106, 48, 10, 6, 8, 42, 134, 72, 206, 61, 4, 3, 2, 48, 50, 49, 48, 48, 46, 6, 3, 85, 4, 5, 19, 39, 49, 51, 48, 49, 53, 56, 56, 52, 54, 53, 50, 53, 55, 56, 48, 49, 57, 55, 51, 52, 48, 55, 50, 53, 55, 49, 50, 55, 53, 57, 48, 48, 52, 55, 49, 48, 54, 55, 53, 48, 30, 23, 13, 50, 52, 48, 49, 50, 48, 49, 52, 49, 50, 53, 48, 90, 23, 13, 51, 52, 48, 49, 49, 56, 49, 52, 49, 50, 53, 48, 90, 48, 50, 49, 48, 48, 46, 6, 3, 85, 4, 5, 19, 39, 49, 56, 54, 52, 55, 53, 57, 52, 48, 50, 55, 50, 53, 52, 53, 56, 56, 52, 50, 53, 49, 52, 55, 53, 52, 50, 51, 48, 48, 49, 54, 57, 48, 50, 51, 54, 48, 49, 48, 48, 89, 48, 19, 6, 7, 42, 134, 72, 206, 61, 2, 1, 6, 8, 42, 134, 72, 206, 61, 3, 1, 7, 3, 66, 0, 4, 50, 135, 11, 8, 76, 151, 58, 210, 143, 28, 251, 217, 100, 235, 44, 16, 100, 19, 68, 195, 216, 129, 111, 101, 225, 205, 219, 36, 20, 243, 248, 48, 251, 68, 3, 220, 238, 79, 122, 180, 113, 236, 243, 232, 142, 66, 41, 92, 214, 73, 124, 183, 143, 122, 136, 35, 51, 155, 249, 130, 254, 247, 108, 40, 163, 129, 155, 48, 129, 152, 48, 14, 6, 3, 85, 29, 15, 1, 1, 255, 4, 4, 3, 2, 5, 160, 48, 29, 6, 3, 85, 29, 37, 4, 22, 48, 20, 6, 8, 43, 6, 1, 5, 5, 7, 3, 2, 6, 8, 43, 6, 1, 5, 5, 7, 3, 1, 48, 41, 6, 3, 85, 29, 14, 4, 34, 4, 32, 222, 253, 201, 153, 254, 245, 1, 232, 126, 34, 150, 110, 244, 69, 21, 54, 200, 34, 65, 149, 89, 234, 159, 244, 88, 253, 49, 38, 161, 211, 170, 73, 48, 43, 6, 3, 85, 29, 35, 4, 36, 48, 34, 128, 32, 62, 6, 5, 215, 59, 87, 60, 251, 251, 183, 172, 153, 109, 84, 14, 203, 234, 240, 240, 185, 124, 76,...

  Gomega truncated this representation as it exceeds 'format.MaxLength'.
  Consider having the object provide a custom 'GomegaStringer' representation
  or adjust the parameters in Gomega's 'format' package.

  Learn more here: https://onsi.github.io/gomega/#adjusting-output

  to match error
      <*matchers.ContainSubstringMatcher | 0xc0000fa5a0>: {
          Substr: "remote error: tls: bad certificate",
          Args: nil,
      }[0m
  [38;5;9mIn [1m[It][0m[38;5;9m at: [1m/home/thanhpp/go/src/github.com/thanhpp/fabric-openssl/common/fabhttp/server_test.go:172[0m
[38;5;243m------------------------------[0m
[38;5;10mâ€¢[0m[38;5;10mâ€¢[0m[38;5;10mâ€¢[0m[33m2024-01-21 21:12:50.717 +07 0001 WARN[0m [fabhttp] [33;1mLog[0m -> key value
[38;5;10mâ€¢[0m[33m2024-01-21 21:12:50.721 +07 0002 WARN[0m [fabhttp] [33;1mLog[0m -> key value
[38;5;10mâ€¢[0m[38;5;10mâ€¢[0m[38;5;10mâ€¢[0m


[38;5;9m[1mSummarizing 3 Failures:[0m
  [38;5;9m[FAIL][0m [0mServer [38;5;243m[38;5;9m[1m[It] does not host a secure endpoint for additional APIs by default[0m[0m
  [38;5;243m/home/thanhpp/go/src/github.com/thanhpp/fabric-openssl/common/fabhttp/server_test.go:98[0m
  [38;5;9m[FAIL][0m [0mServer [38;5;243m[38;5;9m[1m[It] hosts a secure endpoint for additional APIs when added[0m[0m
  [38;5;243m/home/thanhpp/go/src/github.com/thanhpp/fabric-openssl/common/fabhttp/server_test.go:114[0m
  [38;5;9m[FAIL][0m [0mServer [38;5;243mwhen ClientCertRequired is true [0m[38;5;9m[1m[It] requires a client cert to connect[0m[0m
  [38;5;243m/home/thanhpp/go/src/github.com/thanhpp/fabric-openssl/common/fabhttp/server_test.go:172[0m

[38;5;9m[1mRan 19 of 19 Specs in 0.241 seconds[0m
[38;5;9m[1mFAIL![0m -- [38;5;10m[1m16 Passed[0m | [38;5;9m[1m3 Failed[0m | [38;5;11m[1m0 Pending[0m | [38;5;14m[1m0 Skipped[0m
--- FAIL: TestFabHTTP (0.24s)
FAIL
coverage: 100.0% of statements
FAIL	github.com/hyperledger/fabric/common/fabhttp	0.396s
ok  	github.com/hyperledger/fabric/common/flogging	(cached)	coverage: 96.8% of statements
ok  	github.com/hyperledger/fabric/common/flogging/fabenc	(cached)	coverage: 100.0% of statements
ok  	github.com/hyperledger/fabric/common/flogging/floggingtest	(cached)	coverage: 94.7% of statements
ok  	github.com/hyperledger/fabric/common/flogging/httpadmin	(cached)	coverage: 95.5% of statements
ok  	github.com/hyperledger/fabric/common/flogging/metrics	(cached)	coverage: 100.0% of statements
ok  	github.com/hyperledger/fabric/common/genesis	(cached)	coverage: 100.0% of statements
ok  	github.com/hyperledger/fabric/common/graph	(cached)	coverage: 100.0% of statements
ok  	github.com/hyperledger/fabric/common/grpclogging	(cached)	coverage: 100.0% of statements
ok  	github.com/hyperledger/fabric/common/grpcmetrics	(cached)	coverage: 91.4% of statements
ok  	github.com/hyperledger/fabric/common/ledger/blkstorage	(cached)	coverage: 82.5% of statements
ok  	github.com/hyperledger/fabric/common/ledger/blockledger	(cached)	coverage: 30.3% of statements
ok  	github.com/hyperledger/fabric/common/ledger/blockledger/fileledger	(cached)	coverage: 94.3% of statements
ok  	github.com/hyperledger/fabric/common/ledger/snapshot	(cached)	coverage: 89.7% of statements
ok  	github.com/hyperledger/fabric/common/ledger/util	(cached)	coverage: 96.2% of statements
ok  	github.com/hyperledger/fabric/common/ledger/util/leveldbhelper	(cached)	coverage: 89.5% of statements
ok  	github.com/hyperledger/fabric/common/metrics	(cached)	coverage: [no statements]
ok  	github.com/hyperledger/fabric/common/metrics/disabled	(cached)	coverage: 100.0% of statements
ok  	github.com/hyperledger/fabric/common/metrics/gendoc	(cached)	coverage: 86.0% of statements
ok  	github.com/hyperledger/fabric/common/metrics/internal/namer	(cached)	coverage: 100.0% of statements
ok  	github.com/hyperledger/fabric/common/metrics/prometheus	(cached)	coverage: 100.0% of statements
ok  	github.com/hyperledger/fabric/common/metrics/statsd	(cached)	coverage: 100.0% of statements
ok  	github.com/hyperledger/fabric/common/metrics/statsd/goruntime	(cached)	coverage: 100.0% of statements
ok  	github.com/hyperledger/fabric/common/policies	(cached)	coverage: 78.5% of statements
ok  	github.com/hyperledger/fabric/common/policies/inquire	(cached)	coverage: 91.3% of statements
ok  	github.com/hyperledger/fabric/common/policydsl	(cached)	coverage: 81.2% of statements
ok  	github.com/hyperledger/fabric/common/semaphore	(cached)	coverage: 100.0% of statements
ok  	github.com/hyperledger/fabric/common/util	(cached)	coverage: 95.4% of statements
ok  	github.com/hyperledger/fabric/common/viperutil	(cached)	coverage: 69.4% of statements
ok  	github.com/hyperledger/fabric/core/aclmgmt	(cached)	coverage: 27.8% of statements
ok  	github.com/hyperledger/fabric/core/cclifecycle	(cached)	coverage: 98.0% of statements
ok  	github.com/hyperledger/fabric/core/chaincode	(cached)	coverage: 93.1% of statements
ok  	github.com/hyperledger/fabric/core/chaincode/accesscontrol	(cached)	coverage: 86.4% of statements
ok  	github.com/hyperledger/fabric/core/chaincode/extcc	(cached)	coverage: 94.1% of statements
ok  	github.com/hyperledger/fabric/core/chaincode/implicitcollection	(cached)	coverage: 100.0% of statements
ok  	github.com/hyperledger/fabric/core/chaincode/lifecycle	(cached)	coverage: 97.4% of statements
ok  	github.com/hyperledger/fabric/core/chaincode/persistence	(cached)	coverage: 94.1% of statements
ok  	github.com/hyperledger/fabric/core/chaincode/platforms	(cached)	coverage: 95.2% of statements
?   	github.com/hyperledger/fabric/core/chaincode/platforms/mock	[no test files]
?   	github.com/hyperledger/fabric/core/committer/txvalidator/mocks	[no test files]
?   	github.com/hyperledger/fabric/core/committer/txvalidator/plugin	[no test files]
?   	github.com/hyperledger/fabric/core/committer/txvalidator/v14/mocks	[no test files]
?   	github.com/hyperledger/fabric/core/committer/txvalidator/v20/mocks	[no test files]
?   	github.com/hyperledger/fabric/core/committer/txvalidator/v20/plugindispatcher/mocks	[no test files]
?   	github.com/hyperledger/fabric/core/committer/txvalidator/v20/valinforetriever/mocks	[no test files]
?   	github.com/hyperledger/fabric/core/common/privdata/mock	[no test files]
?   	github.com/hyperledger/fabric/core/common/validation/statebased/mocks	[no test files]
?   	github.com/hyperledger/fabric/core/config/configtest	[no test files]
?   	github.com/hyperledger/fabric/core/container/ccintf	[no test files]
?   	github.com/hyperledger/fabric/core/container/dockercontroller/mock	[no test files]
?   	github.com/hyperledger/fabric/core/container/mock	[no test files]
?   	github.com/hyperledger/fabric/core/deliverservice/fake	[no test files]
?   	github.com/hyperledger/fabric/core/dispatcher/mock	[no test files]
?   	github.com/hyperledger/fabric/core/endorser/fake	[no test files]
?   	github.com/hyperledger/fabric/core/endorser/mocks	[no test files]
?   	github.com/hyperledger/fabric/core/handlers/endorsement/api	[no test files]
?   	github.com/hyperledger/fabric/core/handlers/endorsement/api/identities	[no test files]
?   	github.com/hyperledger/fabric/core/handlers/endorsement/api/state	[no test files]
?   	github.com/hyperledger/fabric/core/handlers/endorsement/builtin/mocks	[no test files]
?   	github.com/hyperledger/fabric/core/handlers/validation/api	[no test files]
?   	github.com/hyperledger/fabric/core/handlers/validation/api/capabilities	[no test files]
?   	github.com/hyperledger/fabric/core/handlers/validation/api/identities	[no test files]
?   	github.com/hyperledger/fabric/core/handlers/validation/api/state	[no test files]
?   	github.com/hyperledger/fabric/core/handlers/validation/api/policies	[no test files]
?   	github.com/hyperledger/fabric/core/handlers/validation/builtin/mocks	[no test files]
?   	github.com/hyperledger/fabric/core/handlers/validation/builtin/v12/mocks	[no test files]
?   	github.com/hyperledger/fabric/core/handlers/validation/builtin/v13/mocks	[no test files]
?   	github.com/hyperledger/fabric/core/handlers/validation/builtin/v20/mocks	[no test files]
?   	github.com/hyperledger/fabric/core/ledger/kvledger/benchmark/mocks	[no test files]
?   	github.com/hyperledger/fabric/core/ledger/kvledger/mock	[no test files]
?   	github.com/hyperledger/fabric/core/ledger/kvledger/msgs	[no test files]
?   	github.com/hyperledger/fabric/core/ledger/kvledger/tests/fakes	[no test files]
?   	github.com/hyperledger/fabric/core/ledger/kvledger/txmgmt/privacyenabledstate/mock	[no test files]
?   	github.com/hyperledger/fabric/core/ledger/kvledger/txmgmt/queryutil/mock	[no test files]
?   	github.com/hyperledger/fabric/core/ledger/kvledger/txmgmt/statedb/commontests	[no test files]
?   	github.com/hyperledger/fabric/core/ledger/kvledger/txmgmt/statedb/mock	[no test files]
?   	github.com/hyperledger/fabric/core/ledger/kvledger/txmgmt/validation/mock	[no test files]
?   	github.com/hyperledger/fabric/core/ledger/ledgermgmt/ledgermgmttest	[no test files]
?   	github.com/hyperledger/fabric/core/ledger/mock	[no test files]
?   	github.com/hyperledger/fabric/core/ledger/pvtdatapolicy/testutil	[no test files]
?   	github.com/hyperledger/fabric/core/ledger/pvtdatapolicy/mock	[no test files]
?   	github.com/hyperledger/fabric/core/ledger/snapshotgrpc/mock	[no test files]
?   	github.com/hyperledger/fabric/core/middleware/fakes	[no test files]
?   	github.com/hyperledger/fabric/core/mocks/txvalidator	[no test files]
?   	github.com/hyperledger/fabric/core/mocks/validator	[no test files]
--- FAIL: TestDockerBuildOptions (0.00s)
    --- FAIL: TestDockerBuildOptions/GOPROXY_and_GOSUMDB_not_set (0.00s)
        platform_test.go:387: 
            	Error Trace:	/home/thanhpp/go/src/github.com/thanhpp/fabric-openssl/core/chaincode/platforms/golang/platform_test.go:387
            	Error:      	Not equal: 
            	            	expected: util.DockerBuildOptions{Image:"", Cmd:"\nset -e\nif [ -f \"/chaincode/input/src/go.mod\" ] && [ -d \"/chaincode/input/src/vendor\" ]; then\n    cd /chaincode/input/src\n    GO111MODULE=on go build -v -mod=vendor -ldflags \"-linkmode external -extldflags '-static'\" -o /chaincode/output/chaincode the-path\nelif [ -f \"/chaincode/input/src/go.mod\" ]; then\n    cd /chaincode/input/src\n    GO111MODULE=on go build -v -mod=readonly -ldflags \"-linkmode external -extldflags '-static'\" -o /chaincode/output/chaincode the-path\nelif [ -f \"/chaincode/input/src/the-path/go.mod\" ] && [ -d \"/chaincode/input/src/the-path/vendor\" ]; then\n    cd /chaincode/input/src/the-path\n    GO111MODULE=on go build -v -mod=vendor -ldflags \"-linkmode external -extldflags '-static'\" -o /chaincode/output/chaincode .\nelif [ -f \"/chaincode/input/src/the-path/go.mod\" ]; then\n    cd /chaincode/input/src/the-path\n    GO111MODULE=on go build -v -mod=readonly -ldflags \"-linkmode external -extldflags '-static'\" -o /chaincode/output/chaincode .\nelse\n    GO111MODULE=off GOPATH=/chaincode/input:$GOPATH go build -v -ldflags \"-linkmode external -extldflags '-static'\" -o /chaincode/output/chaincode the-path\nfi\necho Done!\n", Env:[]string{"GOPROXY=https://proxy.golang.org"}, InputStream:io.Reader(nil), OutputStream:io.Writer(nil)}
            	            	actual  : util.DockerBuildOptions{Image:"", Cmd:"\nset -e\nif [ -f \"/chaincode/input/src/go.mod\" ] && [ -d \"/chaincode/input/src/vendor\" ]; then\n    cd /chaincode/input/src\n    GO111MODULE=on go build -v -mod=vendor -ldflags \"-linkmode external -extldflags '-static'\" -o /chaincode/output/chaincode the-path\nelif [ -f \"/chaincode/input/src/go.mod\" ]; then\n    cd /chaincode/input/src\n    GO111MODULE=on go build -v -mod=readonly -ldflags \"-linkmode external -extldflags '-static'\" -o /chaincode/output/chaincode the-path\nelif [ -f \"/chaincode/input/src/the-path/go.mod\" ] && [ -d \"/chaincode/input/src/the-path/vendor\" ]; then\n    cd /chaincode/input/src/the-path\n    GO111MODULE=on go build -v -mod=vendor -ldflags \"-linkmode external -extldflags '-static'\" -o /chaincode/output/chaincode .\nelif [ -f \"/chaincode/input/src/the-path/go.mod\" ]; then\n    cd /chaincode/input/src/the-path\n    GO111MODULE=on go build -v -mod=readonly -ldflags \"-linkmode external -extldflags '-static'\" -o /chaincode/output/chaincode .\nelse\n    GO111MODULE=off GOPATH=/chaincode/input:$GOPATH go build -v -ldflags \"-linkmode external -extldflags '-static'\" -o /chaincode/output/chaincode the-path\nfi\necho Done!\n", Env:[]string{"GOPROXY=proxy.golang.org,sum.golang.org,index.golang.org,direct"}, InputStream:io.Reader(nil), OutputStream:io.Writer(nil)}
            	            	
            	            	Diff:
            	            	--- Expected
            	            	+++ Actual
            	            	@@ -4,3 +4,3 @@
            	            	  Env: ([]string) (len=1) {
            	            	-  (string) (len=32) "GOPROXY=https://proxy.golang.org"
            	            	+  (string) (len=63) "GOPROXY=proxy.golang.org,sum.golang.org,index.golang.org,direct"
            	            	  },
            	Test:       	TestDockerBuildOptions/GOPROXY_and_GOSUMDB_not_set
FAIL
coverage: 90.5% of statements
FAIL	github.com/hyperledger/fabric/core/chaincode/platforms/golang	1.433s
ok  	github.com/hyperledger/fabric/core/chaincode/platforms/java	(cached)	coverage: 83.3% of statements
ok  	github.com/hyperledger/fabric/core/chaincode/platforms/node	(cached)	coverage: 73.4% of statements
ok  	github.com/hyperledger/fabric/core/chaincode/platforms/util	(cached)	coverage: 80.0% of statements
ok  	github.com/hyperledger/fabric/core/committer	(cached)	coverage: 63.2% of statements
ok  	github.com/hyperledger/fabric/core/committer/txvalidator	(cached)	coverage: 100.0% of statements
ok  	github.com/hyperledger/fabric/core/committer/txvalidator/v14	(cached)	coverage: 78.4% of statements
ok  	github.com/hyperledger/fabric/core/committer/txvalidator/v20	(cached)	coverage: 68.0% of statements
ok  	github.com/hyperledger/fabric/core/committer/txvalidator/v20/plugindispatcher	(cached)	coverage: 32.9% of statements
ok  	github.com/hyperledger/fabric/core/committer/txvalidator/v20/valinforetriever	(cached)	coverage: 93.3% of statements
ok  	github.com/hyperledger/fabric/core/common/ccpackage	(cached)	coverage: 78.2% of statements
ok  	github.com/hyperledger/fabric/core/common/ccprovider	(cached)	coverage: 78.0% of statements
ok  	github.com/hyperledger/fabric/core/common/privdata	(cached)	coverage: 71.0% of statements
ok  	github.com/hyperledger/fabric/core/common/sysccprovider	(cached)	coverage: 100.0% of statements
ok  	github.com/hyperledger/fabric/core/common/validation	(cached)	coverage: 85.1% of statements
ok  	github.com/hyperledger/fabric/core/common/validation/statebased	(cached)	coverage: 93.1% of statements
ok  	github.com/hyperledger/fabric/core/config	(cached)	coverage: 85.2% of statements
ok  	github.com/hyperledger/fabric/core/container	(cached)	coverage: 78.7% of statements
ok  	github.com/hyperledger/fabric/core/container/dockercontroller	(cached)	coverage: 88.2% of statements
ok  	github.com/hyperledger/fabric/core/container/externalbuilder	(cached)	coverage: 85.9% of statements
ok  	github.com/hyperledger/fabric/core/deliverservice	(cached)	coverage: 90.2% of statements
ok  	github.com/hyperledger/fabric/core/dispatcher	(cached)	coverage: 100.0% of statements
ok  	github.com/hyperledger/fabric/core/endorser	(cached)	coverage: 87.0% of statements
ok  	github.com/hyperledger/fabric/core/handlers/auth	(cached)	coverage: 100.0% of statements
ok  	github.com/hyperledger/fabric/core/handlers/auth/filter	(cached)	coverage: 100.0% of statements
ok  	github.com/hyperledger/fabric/core/handlers/auth/plugin	(cached)	coverage: 100.0% of statements
ok  	github.com/hyperledger/fabric/core/handlers/decoration	(cached)	coverage: 100.0% of statements
ok  	github.com/hyperledger/fabric/core/handlers/decoration/decorator	(cached)	coverage: 100.0% of statements
ok  	github.com/hyperledger/fabric/core/handlers/decoration/plugin	(cached)	coverage: 100.0% of statements
ok  	github.com/hyperledger/fabric/core/handlers/endorsement/builtin	(cached)	coverage: 100.0% of statements
ok  	github.com/hyperledger/fabric/core/handlers/endorsement/plugin	(cached)	coverage: 100.0% of statements
ok  	github.com/hyperledger/fabric/core/handlers/library	(cached)	coverage: 73.3% of statements
ok  	github.com/hyperledger/fabric/core/handlers/validation/builtin	(cached)	coverage: 92.7% of statements
ok  	github.com/hyperledger/fabric/core/handlers/validation/builtin/v12	(cached)	coverage: 87.3% of statements
ok  	github.com/hyperledger/fabric/core/handlers/validation/builtin/v13	(cached)	coverage: 87.3% of statements
ok  	github.com/hyperledger/fabric/core/handlers/validation/builtin/v20	(cached)	coverage: 83.1% of statements
ok  	github.com/hyperledger/fabric/core/ledger	(cached)	coverage: 30.0% of statements
ok  	github.com/hyperledger/fabric/core/ledger/cceventmgmt	(cached)	coverage: 81.2% of statements
ok  	github.com/hyperledger/fabric/core/ledger/confighistory	(cached)	coverage: 85.7% of statements
ok  	github.com/hyperledger/fabric/core/ledger/confighistory/confighistorytest	(cached)	coverage: 85.0% of statements
ok  	github.com/hyperledger/fabric/core/ledger/internal/version	(cached)	coverage: 81.5% of statements
ok  	github.com/hyperledger/fabric/core/ledger/kvledger	(cached)	coverage: 78.3% of statements
ok  	github.com/hyperledger/fabric/core/ledger/kvledger/benchmark/chainmgmt	(cached)	coverage: 46.5% of statements
ok  	github.com/hyperledger/fabric/core/ledger/kvledger/benchmark/experiments	(cached)	coverage: 42.3% of statements [no tests to run]
ok  	github.com/hyperledger/fabric/core/ledger/kvledger/bookkeeping	(cached)	coverage: 94.4% of statements
ok  	github.com/hyperledger/fabric/core/ledger/kvledger/history	(cached)	coverage: 80.7% of statements
ok  	github.com/hyperledger/fabric/core/ledger/kvledger/tests	(cached)	coverage: 96.8% of statements
ok  	github.com/hyperledger/fabric/core/ledger/kvledger/txmgmt/privacyenabledstate	(cached)	coverage: 82.0% of statements
ok  	github.com/hyperledger/fabric/core/ledger/kvledger/txmgmt/pvtstatepurgemgmt	(cached)	coverage: 74.8% of statements
ok  	github.com/hyperledger/fabric/core/ledger/kvledger/txmgmt/queryutil	(cached)	coverage: 93.3% of statements
ok  	github.com/hyperledger/fabric/core/ledger/kvledger/txmgmt/rwsetutil	(cached)	coverage: 84.7% of statements
ok  	github.com/hyperledger/fabric/core/ledger/kvledger/txmgmt/statedb	(cached)	coverage: 96.7% of statements
ok  	github.com/hyperledger/fabric/core/ledger/kvledger/txmgmt/statedb/statecouchdb	(cached)	coverage: 86.1% of statements
ok  	github.com/hyperledger/fabric/core/ledger/kvledger/txmgmt/statedb/stateleveldb	(cached)	coverage: 82.8% of statements
ok  	github.com/hyperledger/fabric/core/ledger/kvledger/txmgmt/statemetadata	(cached)	coverage: 81.8% of statements
ok  	github.com/hyperledger/fabric/core/ledger/kvledger/txmgmt/txmgr	(cached)	coverage: 73.0% of statements
ok  	github.com/hyperledger/fabric/core/ledger/kvledger/txmgmt/validation	(cached)	coverage: 85.8% of statements
ok  	github.com/hyperledger/fabric/core/ledger/ledgermgmt	(cached)	coverage: 89.7% of statements
ok  	github.com/hyperledger/fabric/core/ledger/pvtdatapolicy	(cached)	coverage: 96.3% of statements
ok  	github.com/hyperledger/fabric/core/ledger/pvtdatastorage	(cached)	coverage: 82.4% of statements
ok  	github.com/hyperledger/fabric/core/ledger/snapshotgrpc	(cached)	coverage: 95.8% of statements
ok  	github.com/hyperledger/fabric/core/ledger/util	(cached)	coverage: 88.0% of statements
ok  	github.com/hyperledger/fabric/core/middleware	(cached)	coverage: 96.3% of statements
?   	github.com/hyperledger/fabric/core/operations/fakes	[no test files]
?   	github.com/hyperledger/fabric/core/peer/mock	[no test files]
?   	github.com/hyperledger/fabric/core/policy/mocks	[no test files]
?   	github.com/hyperledger/fabric/core/scc/lscc/mock	[no test files]
?   	github.com/hyperledger/fabric/core/scc/mock	[no test files]
?   	github.com/hyperledger/fabric/core/scc/cscc/mocks	[no test files]
?   	github.com/hyperledger/fabric/core/scc/test-plugin	[no test files]
?   	github.com/hyperledger/fabric/core/testutil	[no test files]
?   	github.com/hyperledger/fabric/discovery/cmd/mocks	[no test files]
?   	github.com/hyperledger/fabric/discovery/support	[no test files]
?   	github.com/hyperledger/fabric/discovery/support/gossip/mocks	[no test files]
?   	github.com/hyperledger/fabric/discovery/support/mocks	[no test files]
Running Suite: Operations Suite - /home/thanhpp/go/src/github.com/thanhpp/fabric-openssl/core/operations
========================================================================================================
Random Seed: [1m1705846373[0m

Will run [1m29[0m of [1m29[0m specs
[38;5;10mâ€¢[0m[38;5;10mâ€¢[0m[31m2024-01-21 21:12:53.121 +07 0001 ERRO[0m [operations.runner] [31;1msendResponse[0m -> failed to encode payload error="json: unsupported type: chan int"
[38;5;10mâ€¢[0m2024/01/21 21:12:53 http: TLS handshake error from 127.0.0.1:37104: remote error: tls: bad certificate

[38;5;243m------------------------------[0m
[38;5;9mâ€¢ [FAILED] [0.015 seconds][0m
System
[38;5;243m/home/thanhpp/go/src/github.com/thanhpp/fabric-openssl/core/operations/system_test.go:35[0m
  [38;5;9m[1m[It] hosts an unsecured endpoint for the version information[0m
  [38;5;243m/home/thanhpp/go/src/github.com/thanhpp/fabric-openssl/core/operations/system_test.go:86[0m

  [38;5;9mUnexpected error:
      <*url.Error | 0xc0000183c0>: {
          Op: "Get",
          URL: "https://127.0.0.1:46509/version",
          Err: <*tls.CertificateVerificationError | 0xc000018390>{
              UnverifiedCertificates: [
                  {
                      Raw: [48, 130, 1, 252, 48, 130, 1, 163, 160, 3, 2, 1, 2, 2, 17, 0, 135, 92, 175, 111, 129, 52, 105, 71, 203, 19, 230, 186, 236, 163, 162, 126, 48, 10, 6, 8, 42, 134, 72, 206, 61, 4, 3, 2, 48, 48, 49, 46, 48, 44, 6, 3, 85, 4, 5, 19, 37, 49, 55, 51, 55, 57, 52, 57, 54, 52, 51, 55, 55, 51, 50, 57, 49, 51, 51, 51, 53, 53, 54, 53, 57, 56, 56, 55, 56, 50, 56, 50, 54, 57, 49, 49, 55, 56, 48, 30, 23, 13, 50, 52, 48, 49, 50, 48, 49, 52, 49, 50, 53, 51, 90, 23, 13, 51, 52, 48, 49, 49, 56, 49, 52, 49, 50, 53, 51, 90, 48, 50, 49, 48, 48, 46, 6, 3, 85, 4, 5, 19, 39, 49, 55, 57, 57, 50, 55, 48, 50, 56, 57, 57, 55, 57, 52, 50, 52, 53, 50, 54, 57, 49, 57, 49, 48, 55, 50, 48, 56, 56, 53, 57, 54, 48, 55, 49, 50, 56, 51, 48, 48, 89, 48, 19, 6, 7, 42, 134, 72, 206, 61, 2, 1, 6, 8, 42, 134, 72, 206, 61, 3, 1, 7, 3, 66, 0, 4, 103, 57, 53, 182, 186, 248, 53, 124, 221, 17, 32, 94, 118, 1, 188, 107, 130, 55, 139, 19, 135, 197, 151, 129, 242, 115, 127, 178, 188, 204, 227, 135, 45, 216, 33, 97, 84, 16, 176, 48, 153, 35, 150, 181, 227, 53, 237, 174, 210, 39, 245, 211, 224, 37, 227, 60, 82, 43, 111, 87, 123, 230, 46, 233, 163, 129, 155, 48, 129, 152, 48, 14, 6, 3, 85, 29, 15, 1, 1, 255, 4, 4, 3, 2, 5, 160, 48, 29, 6, 3, 85, 29, 37, 4, 22, 48, 20, 6, 8, 43, 6, 1, 5, 5, 7, 3, 2, 6, 8, 43, 6, 1, 5, 5, 7, 3, 1, 48, 41, 6, 3, 85, 29, 14, 4, 34, 4, 32, 117, 41, 177, 180, 160, 8, 161, 206, 249, 149, 218, 86, 89, 179, 13, 123, 129, 140, 182, 66, 156, 57, 75, 223, 71, 41, 172, 51, 153, 151, 218, 130, 48, 43, 6, 3, 85, 29, 35, 4, 36, 48, 34, 128, 32, 78, 232, 10, 73, 113, 109, 208, 246, 133, 62, 106, 177, 139, 61, 123, 247, 88, 195, 191, 121, 31, 244, 220, 44, 8, 113, 184, 116, 251, 11, 21, 183, 48, 15, 6, 3, 85, 29, 17, 4, 8, 48, 6, 135, 4, 127, 0, 0, 1, 48, 10, 6, 8, 42, 134, 72, 206, 61, 4, 3, 2, 3, 71, 0, 48, 68, 2, 32, 93, 166, 178, 45, 169, 44, 9, 31, 63, 251, 111, 109, 182, 221, 31, 178, 29, 203, 197, 19, 152, 136, 176, 161, 41, 208, 233, 222, 135, 200, 31, 99, 2, 32, 117, 159, 149, 184, 43, 12, 156, 135, 111, 126, 180, 208, 100, 205, 188, 38, 166, 158, 125, 120, 166, 25, 206, 165, 114, 90, 140, 96, 1, 35, 168, 42],
                      RawTBSCertificate: [48, 130, 1, 163, 160, 3, 2, 1, 2, 2, 17, 0, 135, 92, 175, 111, 129, 52, 105, 71, 203, 19, 230, 186, 236, 163, 162, 126, 48, 10, 6, 8, 42, 134, 72, 206, 61, 4, 3, 2, 48, 48, 49, 46, 48, 44, 6, 3, 85, 4, 5, 19, 37, 49, 55, 51, 55, 57, 52, 57, 54, 52, 51, 55, 55, 51, 50, 57, 49, 51, 51, 51, 53, 53, 54, 53, 57, 56, 56, 55, 56, 50, 56, 50, 54, 57, 49, 49, 55, 56, 48, 30, 23, 13, 50, 52, 48, 49, 50, 48, 49, 52, 49, 50, 53, 51, 90, 23, 13, 51, 52, 48, 49, 49, 56, 49, 52, 49, 50, 53, 51, 90, 48, 50, 49, 48, 48, 46, 6, 3, 85, 4, 5, 19, 39, 49, 55, 57, 57, 50, 55, 48, 50, 56, 57, 57, 55, 57, 52, 50, 52, 53, 50, 54, 57, 49, 57, 49, 48, 55, 50, 48, 56, 56, 53, 57, 54, 48, 55, 49, 50, 56, 51, 48, 48, 89, 48, 19, 6, 7, 42, 134, 72, 206, 61, 2, 1, 6, 8, 42, 134, 72, 206, 61, 3, 1, 7, 3, 66, 0, 4, 103, 57, 53, 182, 186, 248, 53, 124, 221, 17, 32, 94, 118, 1, 188, 107, 130, 55, 139, 19, 135, 197, 151, 129, 242, 115, 127, 178, 188, 204, 227, 135, 45, 216, 33, 97, 84, 16, 176, 48, 153, 35, 150, 181, 227, 53, 237, 174, 210, 39, 245, 211, 224, 37, 227, 60, 82, 43, 111, 87, 123, 230, 46, 233, 163, 129, 155, 48, 129, 152, 48, 14, 6, 3, 85, 29, 15, 1, 1, 255, 4, 4, 3, 2, 5, 160, 48, 29, 6, 3, 85, 29, 37, 4, 22, 48, 20, 6, 8, 43, 6, 1, 5, 5, 7, 3, 2, 6, 8, 43, 6, 1, 5, 5, 7, 3, 1, 48, 41, 6, 3, 85, 29, 14, 4, 34, 4, 32, 117, 41, 177, 180, 160, 8, 161, 206, 249, 149, 218, 86, 89, 179, 13, 123, 129, 140, 182, 66, 156, 57, 75, 223, 71, 41, 172, 51, 153, 151, 218, 130, 48, 43, 6, 3, 85, 29, 35, 4, 36, 48, 34, 128, 32, 78, 232, 10, 73, 113, 109, 208, 246, 133, 62, 106, 177, 139, 61, 123, 247, 88, 195, 191, 121, 31, 244, 220, 44, 8...

  Gomega truncated this representation as it exceeds 'format.MaxLength'.
  Consider having the object provide a custom 'GomegaStringer' representation
  or adjust the parameters in Gomega's 'format' package.

  Learn more here: https://onsi.github.io/gomega/#adjusting-output

      Get "https://127.0.0.1:46509/version": tls: failed to verify certificate: x509: certificate has expired or is not yet valid: current time 2024-01-21T21:12:53+07:00 is after 0001-01-01T00:00:00Z
  occurred[0m
  [38;5;9mIn [1m[It][0m[38;5;9m at: [1m/home/thanhpp/go/src/github.com/thanhpp/fabric-openssl/core/operations/system_test.go:92[0m
[38;5;243m------------------------------[0m
2024/01/21 21:12:53 http: TLS handshake error from 127.0.0.1:59372: remote error: tls: bad certificate
[38;5;9mâ€¢ [FAILED] [0.013 seconds][0m
System
[38;5;243m/home/thanhpp/go/src/github.com/thanhpp/fabric-openssl/core/operations/system_test.go:35[0m
  [38;5;9m[1m[It] hosts a secure endpoint for logging[0m
  [38;5;243m/home/thanhpp/go/src/github.com/thanhpp/fabric-openssl/core/operations/system_test.go:97[0m

  [38;5;9mUnexpected error:
      <*url.Error | 0xc000516420>: {
          Op: "Get",
          URL: "https://127.0.0.1:41819/logspec",
          Err: <*tls.CertificateVerificationError | 0xc0005163f0>{
              UnverifiedCertificates: [
                  {
                      Raw: [48, 130, 1, 254, 48, 130, 1, 163, 160, 3, 2, 1, 2, 2, 16, 43, 21, 123, 12, 189, 69, 246, 53, 62, 9, 103, 88, 64, 121, 99, 16, 48, 10, 6, 8, 42, 134, 72, 206, 61, 4, 3, 2, 48, 50, 49, 48, 48, 46, 6, 3, 85, 4, 5, 19, 39, 49, 49, 55, 52, 51, 49, 52, 50, 54, 50, 53, 56, 49, 53, 52, 51, 49, 53, 49, 57, 50, 50, 52, 57, 55, 55, 53, 48, 57, 49, 54, 57, 53, 55, 57, 50, 53, 56, 55, 48, 30, 23, 13, 50, 52, 48, 49, 50, 48, 49, 52, 49, 50, 53, 51, 90, 23, 13, 51, 52, 48, 49, 49, 56, 49, 52, 49, 50, 53, 51, 90, 48, 49, 49, 47, 48, 45, 6, 3, 85, 4, 5, 19, 38, 53, 55, 50, 54, 56, 51, 51, 55, 55, 57, 56, 52, 55, 55, 48, 53, 56, 54, 54, 51, 55, 56, 55, 49, 48, 55, 54, 50, 52, 54, 52, 57, 53, 56, 49, 51, 50, 56, 48, 89, 48, 19, 6, 7, 42, 134, 72, 206, 61, 2, 1, 6, 8, 42, 134, 72, 206, 61, 3, 1, 7, 3, 66, 0, 4, 220, 107, 169, 107, 45, 0, 112, 32, 15, 174, 159, 199, 250, 148, 57, 101, 55, 186, 51, 52, 95, 125, 182, 159, 15, 86, 87, 250, 122, 10, 87, 154, 240, 10, 9, 52, 173, 18, 222, 93, 61, 133, 212, 244, 147, 178, 187, 235, 142, 203, 43, 205, 30, 5, 84, 183, 14, 8, 194, 188, 86, 168, 135, 136, 163, 129, 155, 48, 129, 152, 48, 14, 6, 3, 85, 29, 15, 1, 1, 255, 4, 4, 3, 2, 5, 160, 48, 29, 6, 3, 85, 29, 37, 4, 22, 48, 20, 6, 8, 43, 6, 1, 5, 5, 7, 3, 2, 6, 8, 43, 6, 1, 5, 5, 7, 3, 1, 48, 41, 6, 3, 85, 29, 14, 4, 34, 4, 32, 189, 182, 20, 186, 135, 87, 176, 153, 160, 36, 171, 38, 177, 62, 187, 52, 106, 19, 100, 230, 41, 38, 156, 85, 129, 234, 244, 145, 118, 123, 108, 71, 48, 43, 6, 3, 85, 29, 35, 4, 36, 48, 34, 128, 32, 176, 14, 17, 204, 142, 196, 75, 234, 238, 195, 81, 30, 146, 223, 233, 11, 53, 136, 106, 21, 107, 97, 238, 25, 28, 248, 216, 94, 30, 146, 85, 123, 48, 15, 6, 3, 85, 29, 17, 4, 8, 48, 6, 135, 4, 127, 0, 0, 1, 48, 10, 6, 8, 42, 134, 72, 206, 61, 4, 3, 2, 3, 73, 0, 48, 70, 2, 33, 0, 229, 220, 53, 62, 0, 216, 95, 209, 6, 177, 30, 52, 20, 204, 27, 75, 33, 209, 93, 52, 85, 246, 131, 233, 53, 112, 205, 72, 99, 246, 124, 6, 2, 33, 0, 133, 130, 188, 0, 104, 219, 18, 205, 151, 15, 126, 193, 71, 3, 149, 149, 20, 233, 172, 90, 79, 79, 26, 124, 83, 111, 0, 37, 215, 51, 201, 226],
                      RawTBSCertificate: [48, 130, 1, 163, 160, 3, 2, 1, 2, 2, 16, 43, 21, 123, 12, 189, 69, 246, 53, 62, 9, 103, 88, 64, 121, 99, 16, 48, 10, 6, 8, 42, 134, 72, 206, 61, 4, 3, 2, 48, 50, 49, 48, 48, 46, 6, 3, 85, 4, 5, 19, 39, 49, 49, 55, 52, 51, 49, 52, 50, 54, 50, 53, 56, 49, 53, 52, 51, 49, 53, 49, 57, 50, 50, 52, 57, 55, 55, 53, 48, 57, 49, 54, 57, 53, 55, 57, 50, 53, 56, 55, 48, 30, 23, 13, 50, 52, 48, 49, 50, 48, 49, 52, 49, 50, 53, 51, 90, 23, 13, 51, 52, 48, 49, 49, 56, 49, 52, 49, 50, 53, 51, 90, 48, 49, 49, 47, 48, 45, 6, 3, 85, 4, 5, 19, 38, 53, 55, 50, 54, 56, 51, 51, 55, 55, 57, 56, 52, 55, 55, 48, 53, 56, 54, 54, 51, 55, 56, 55, 49, 48, 55, 54, 50, 52, 54, 52, 57, 53, 56, 49, 51, 50, 56, 48, 89, 48, 19, 6, 7, 42, 134, 72, 206, 61, 2, 1, 6, 8, 42, 134, 72, 206, 61, 3, 1, 7, 3, 66, 0, 4, 220, 107, 169, 107, 45, 0, 112, 32, 15, 174, 159, 199, 250, 148, 57, 101, 55, 186, 51, 52, 95, 125, 182, 159, 15, 86, 87, 250, 122, 10, 87, 154, 240, 10, 9, 52, 173, 18, 222, 93, 61, 133, 212, 244, 147, 178, 187, 235, 142, 203, 43, 205, 30, 5, 84, 183, 14, 8, 194, 188, 86, 168, 135, 136, 163, 129, 155, 48, 129, 152, 48, 14, 6, 3, 85, 29, 15, 1, 1, 255, 4, 4, 3, 2, 5, 160, 48, 29, 6, 3, 85, 29, 37, 4, 22, 48, 20, 6, 8, 43, 6, 1, 5, 5, 7, 3, 2, 6, 8, 43, 6, 1, 5, 5, 7, 3, 1, 48, 41, 6, 3, 85, 29, 14, 4, 34, 4, 32, 189, 182, 20, 186, 135, 87, 176, 153, 160, 36, 171, 38, 177, 62, 187, 52, 106, 19, 100, 230, 41, 38, 156, 85, 129, 234, 244, 145, 118, 123, 108, 71, 48, 43, 6, 3, 85, 29, 35, 4, 36, 48, 34, 128, 32, 176, 14, 17, 204, 142, 196, 75, 234, 238, 195, 81, 30, 146, 223, 233, 11, 53, 136, 106, 21, 107, 97, 238, 25, 28, 248, 216, 94, 30, 146, 85, 123, 48...

  Gomega truncated this representation as it exceeds 'format.MaxLength'.
  Consider having the object provide a custom 'GomegaStringer' representation
  or adjust the parameters in Gomega's 'format' package.

  Learn more here: https://onsi.github.io/gomega/#adjusting-output

      Get "https://127.0.0.1:41819/logspec": tls: failed to verify certificate: x509: certificate has expired or is not yet valid: current time 2024-01-21T21:12:53+07:00 is after 0001-01-01T00:00:00Z
  occurred[0m
  [38;5;9mIn [1m[It][0m[38;5;9m at: [1m/home/thanhpp/go/src/github.com/thanhpp/fabric-openssl/core/operations/system_test.go:103[0m
[38;5;243m------------------------------[0m
2024/01/21 21:12:53 http: TLS handshake error from 127.0.0.1:33732: remote error: tls: bad certificate
[38;5;9mâ€¢ [FAILED] [0.014 seconds][0m
System
[38;5;243m/home/thanhpp/go/src/github.com/thanhpp/fabric-openssl/core/operations/system_test.go:35[0m
  [38;5;9m[1m[It] does not host a secure endpoint for additional APIs by default[0m
  [38;5;243m/home/thanhpp/go/src/github.com/thanhpp/fabric-openssl/core/operations/system_test.go:112[0m

  [38;5;9mUnexpected error:
      <*url.Error | 0xc000018030>: {
          Op: "Get",
          URL: "https://127.0.0.1:44515/some-additional-test-api",
          Err: <*tls.CertificateVerificationError | 0xc000018000>{
              UnverifiedCertificates: [
                  {
                      Raw: [48, 130, 1, 255, 48, 130, 1, 165, 160, 3, 2, 1, 2, 2, 17, 0, 219, 172, 230, 54, 19, 216, 245, 211, 148, 235, 106, 29, 15, 51, 56, 229, 48, 10, 6, 8, 42, 134, 72, 206, 61, 4, 3, 2, 48, 50, 49, 48, 48, 46, 6, 3, 85, 4, 5, 19, 39, 50, 52, 56, 54, 48, 56, 48, 48, 52, 57, 51, 48, 54, 54, 55, 53, 52, 52, 52, 53, 55, 49, 54, 52, 55, 48, 56, 52, 57, 57, 51, 52, 54, 56, 57, 50, 54, 50, 54, 48, 30, 23, 13, 50, 52, 48, 49, 50, 48, 49, 52, 49, 50, 53, 51, 90, 23, 13, 51, 52, 48, 49, 49, 56, 49, 52, 49, 50, 53, 51, 90, 48, 50, 49, 48, 48, 46, 6, 3, 85, 4, 5, 19, 39, 50, 57, 49, 57, 57, 56, 54, 55, 53, 51, 55, 53, 50, 51, 54, 54, 56, 54, 50, 49, 56, 57, 51, 55, 49, 51, 53, 53, 50, 50, 54, 55, 50, 52, 57, 48, 55, 50, 53, 48, 89, 48, 19, 6, 7, 42, 134, 72, 206, 61, 2, 1, 6, 8, 42, 134, 72, 206, 61, 3, 1, 7, 3, 66, 0, 4, 241, 99, 218, 246, 50, 9, 95, 37, 140, 172, 206, 115, 129, 60, 27, 113, 71, 87, 18, 143, 0, 20, 227, 154, 206, 86, 23, 242, 237, 48, 32, 42, 214, 227, 141, 148, 63, 22, 252, 135, 216, 96, 149, 7, 12, 130, 221, 162, 33, 254, 51, 133, 102, 245, 212, 236, 138, 143, 249, 133, 128, 177, 103, 92, 163, 129, 155, 48, 129, 152, 48, 14, 6, 3, 85, 29, 15, 1, 1, 255, 4, 4, 3, 2, 5, 160, 48, 29, 6, 3, 85, 29, 37, 4, 22, 48, 20, 6, 8, 43, 6, 1, 5, 5, 7, 3, 2, 6, 8, 43, 6, 1, 5, 5, 7, 3, 1, 48, 41, 6, 3, 85, 29, 14, 4, 34, 4, 32, 248, 195, 12, 44, 66, 196, 177, 166, 137, 141, 72, 164, 159, 15, 97, 73, 230, 149, 155, 31, 64, 66, 86, 106, 121, 148, 31, 78, 8, 125, 213, 7, 48, 43, 6, 3, 85, 29, 35, 4, 36, 48, 34, 128, 32, 2, 69, 128, 107, 7, 227, 186, 34, 21, 89, 147, 27, 162, 235, 129, 44, 154, 84, 128, 106, 28, 130, 21, 97, 27, 21, 173, 43, 18, 92, 135, 96, 48, 15, 6, 3, 85, 29, 17, 4, 8, 48, 6, 135, 4, 127, 0, 0, 1, 48, 10, 6, 8, 42, 134, 72, 206, 61, 4, 3, 2, 3, 72, 0, 48, 69, 2, 33, 0, 131, 163, 28, 69, 116, 60, 32, 103, 108, 44, 185, 183, 143, 38, 59, 79, 7, 40, 60, 18, 169, 85, 63, 68, 29, 211, 133, 71, 238, 194, 123, 11, 2, 32, 108, 54, 193, 23, 180, 173, 110, 222, 116, 20, 33, 204, 52, 39, 72, 21, 34, 0, 188, 187, 119, 117, 118, 108, 4, 175, 44, 25, 117, 176, 52, 156],
                      RawTBSCertificate: [48, 130, 1, 165, 160, 3, 2, 1, 2, 2, 17, 0, 219, 172, 230, 54, 19, 216, 245, 211, 148, 235, 106, 29, 15, 51, 56, 229, 48, 10, 6, 8, 42, 134, 72, 206, 61, 4, 3, 2, 48, 50, 49, 48, 48, 46, 6, 3, 85, 4, 5, 19, 39, 50, 52, 56, 54, 48, 56, 48, 48, 52, 57, 51, 48, 54, 54, 55, 53, 52, 52, 52, 53, 55, 49, 54, 52, 55, 48, 56, 52, 57, 57, 51, 52, 54, 56, 57, 50, 54, 50, 54, 48, 30, 23, 13, 50, 52, 48, 49, 50, 48, 49, 52, 49, 50, 53, 51, 90, 23, 13, 51, 52, 48, 49, 49, 56, 49, 52, 49, 50, 53, 51, 90, 48, 50, 49, 48, 48, 46, 6, 3, 85, 4, 5, 19, 39, 50, 57, 49, 57, 57, 56, 54, 55, 53, 51, 55, 53, 50, 51, 54, 54, 56, 54, 50, 49, 56, 57, 51, 55, 49, 51, 53, 53, 50, 50, 54, 55, 50, 52, 57, 48, 55, 50, 53, 48, 89, 48, 19, 6, 7, 42, 134, 72, 206, 61, 2, 1, 6, 8, 42, 134, 72, 206, 61, 3, 1, 7, 3, 66, 0, 4, 241, 99, 218, 246, 50, 9, 95, 37, 140, 172, 206, 115, 129, 60, 27, 113, 71, 87, 18, 143, 0, 20, 227, 154, 206, 86, 23, 242, 237, 48, 32, 42, 214, 227, 141, 148, 63, 22, 252, 135, 216, 96, 149, 7, 12, 130, 221, 162, 33, 254, 51, 133, 102, 245, 212, 236, 138, 143, 249, 133, 128, 177, 103, 92, 163, 129, 155, 48, 129, 152, 48, 14, 6, 3, 85, 29, 15, 1, 1, 255, 4, 4, 3, 2, 5, 160, 48, 29, 6, 3, 85, 29, 37, 4, 22, 48, 20, 6, 8, 43, 6, 1, 5, 5, 7, 3, 2, 6, 8, 43, 6, 1, 5, 5, 7, 3, 1, 48, 41, 6, 3, 85, 29, 14, 4, 34, 4, 32, 248, 195, 12, 44, 66, 196, 177, 166, 137, 141, 72, 164, 159, 15, 97, 73, 230, 149, 155, 31, 64, 66, 86, 106, 121, 148, 31, 78, 8, 125, 213, 7, 48, 43, 6, 3, 85, 29, 35, 4, 36, 48, 34, 128, 32, 2, 69, 128, 107, 7, 227, 186, 34, 21, 89, 147, 27, 162, 235, 129, 44, 154, 84, 128, 106, 28, 130, 21, 97, 27, 21, 173...

  Gomega truncated this representation as it exceeds 'format.MaxLength'.
  Consider having the object provide a custom 'GomegaStringer' representation
  or adjust the parameters in Gomega's 'format' package.

  Learn more here: https://onsi.github.io/gomega/#adjusting-output

      Get "https://127.0.0.1:44515/some-additional-test-api": tls: failed to verify certificate: x509: certificate has expired or is not yet valid: current time 2024-01-21T21:12:53+07:00 is after 0001-01-01T00:00:00Z
  occurred[0m
  [38;5;9mIn [1m[It][0m[38;5;9m at: [1m/home/thanhpp/go/src/github.com/thanhpp/fabric-openssl/core/operations/system_test.go:118[0m
[38;5;243m------------------------------[0m
2024/01/21 21:12:53 http: TLS handshake error from 127.0.0.1:35334: remote error: tls: bad certificate
[38;5;9mâ€¢ [FAILED] [0.014 seconds][0m
System
[38;5;243m/home/thanhpp/go/src/github.com/thanhpp/fabric-openssl/core/operations/system_test.go:35[0m
  [38;5;9m[1m[It] hosts a secure endpoint for additional APIs when added[0m
  [38;5;243m/home/thanhpp/go/src/github.com/thanhpp/fabric-openssl/core/operations/system_test.go:127[0m

  [38;5;9mUnexpected error:
      <*url.Error | 0xc00062a000>: {
          Op: "Get",
          URL: "https://127.0.0.1:46473/some-additional-test-api",
          Err: <*tls.CertificateVerificationError | 0xc0004137a0>{
              UnverifiedCertificates: [
                  {
                      Raw: [48, 130, 1, 254, 48, 130, 1, 165, 160, 3, 2, 1, 2, 2, 17, 0, 146, 65, 148, 86, 52, 139, 64, 243, 206, 44, 249, 181, 82, 29, 134, 144, 48, 10, 6, 8, 42, 134, 72, 206, 61, 4, 3, 2, 48, 50, 49, 48, 48, 46, 6, 3, 85, 4, 5, 19, 39, 49, 55, 56, 54, 57, 48, 50, 49, 54, 52, 49, 57, 55, 50, 50, 48, 54, 53, 53, 53, 56, 52, 57, 50, 49, 48, 54, 49, 48, 50, 50, 57, 48, 57, 48, 55, 52, 55, 51, 48, 30, 23, 13, 50, 52, 48, 49, 50, 48, 49, 52, 49, 50, 53, 51, 90, 23, 13, 51, 52, 48, 49, 49, 56, 49, 52, 49, 50, 53, 51, 90, 48, 50, 49, 48, 48, 46, 6, 3, 85, 4, 5, 19, 39, 49, 57, 52, 52, 48, 55, 55, 57, 53, 51, 48, 54, 57, 48, 55, 51, 54, 53, 56, 52, 50, 50, 55, 50, 55, 48, 52, 55, 50, 53, 57, 51, 55, 54, 53, 51, 51, 57, 50, 48, 89, 48, 19, 6, 7, 42, 134, 72, 206, 61, 2, 1, 6, 8, 42, 134, 72, 206, 61, 3, 1, 7, 3, 66, 0, 4, 86, 107, 155, 3, 224, 53, 82, 24, 85, 215, 117, 128, 150, 126, 99, 234, 188, 19, 181, 106, 242, 85, 202, 9, 208, 20, 106, 78, 175, 192, 82, 145, 196, 243, 197, 119, 103, 9, 255, 65, 157, 170, 235, 197, 3, 106, 5, 240, 162, 60, 136, 102, 86, 87, 227, 237, 16, 97, 164, 153, 80, 184, 6, 146, 163, 129, 155, 48, 129, 152, 48, 14, 6, 3, 85, 29, 15, 1, 1, 255, 4, 4, 3, 2, 5, 160, 48, 29, 6, 3, 85, 29, 37, 4, 22, 48, 20, 6, 8, 43, 6, 1, 5, 5, 7, 3, 2, 6, 8, 43, 6, 1, 5, 5, 7, 3, 1, 48, 41, 6, 3, 85, 29, 14, 4, 34, 4, 32, 248, 20, 62, 64, 237, 220, 87, 119, 20, 163, 177, 66, 230, 250, 22, 67, 215, 145, 108, 97, 199, 126, 107, 35, 219, 49, 176, 144, 115, 218, 50, 216, 48, 43, 6, 3, 85, 29, 35, 4, 36, 48, 34, 128, 32, 169, 249, 135, 19, 193, 57, 23, 133, 174, 94, 43, 9, 24, 188, 183, 200, 209, 49, 154, 179, 114, 37, 41, 201, 242, 252, 198, 235, 29, 248, 113, 33, 48, 15, 6, 3, 85, 29, 17, 4, 8, 48, 6, 135, 4, 127, 0, 0, 1, 48, 10, 6, 8, 42, 134, 72, 206, 61, 4, 3, 2, 3, 71, 0, 48, 68, 2, 32, 4, 19, 195, 226, 114, 166, 126, 120, 44, 61, 108, 134, 55, 162, 37, 77, 208, 90, 182, 208, 150, 94, 189, 65, 53, 46, 25, 123, 150, 14, 51, 142, 2, 32, 17, 58, 244, 87, 0, 45, 6, 173, 77, 250, 179, 37, 101, 113, 159, 74, 151, 192, 162, 120, 169, 93, 229, 203, 124, 166, 240, 239, 112, 145, 158, 197],
                      RawTBSCertificate: [48, 130, 1, 165, 160, 3, 2, 1, 2, 2, 17, 0, 146, 65, 148, 86, 52, 139, 64, 243, 206, 44, 249, 181, 82, 29, 134, 144, 48, 10, 6, 8, 42, 134, 72, 206, 61, 4, 3, 2, 48, 50, 49, 48, 48, 46, 6, 3, 85, 4, 5, 19, 39, 49, 55, 56, 54, 57, 48, 50, 49, 54, 52, 49, 57, 55, 50, 50, 48, 54, 53, 53, 53, 56, 52, 57, 50, 49, 48, 54, 49, 48, 50, 50, 57, 48, 57, 48, 55, 52, 55, 51, 48, 30, 23, 13, 50, 52, 48, 49, 50, 48, 49, 52, 49, 50, 53, 51, 90, 23, 13, 51, 52, 48, 49, 49, 56, 49, 52, 49, 50, 53, 51, 90, 48, 50, 49, 48, 48, 46, 6, 3, 85, 4, 5, 19, 39, 49, 57, 52, 52, 48, 55, 55, 57, 53, 51, 48, 54, 57, 48, 55, 51, 54, 53, 56, 52, 50, 50, 55, 50, 55, 48, 52, 55, 50, 53, 57, 51, 55, 54, 53, 51, 51, 57, 50, 48, 89, 48, 19, 6, 7, 42, 134, 72, 206, 61, 2, 1, 6, 8, 42, 134, 72, 206, 61, 3, 1, 7, 3, 66, 0, 4, 86, 107, 155, 3, 224, 53, 82, 24, 85, 215, 117, 128, 150, 126, 99, 234, 188, 19, 181, 106, 242, 85, 202, 9, 208, 20, 106, 78, 175, 192, 82, 145, 196, 243, 197, 119, 103, 9, 255, 65, 157, 170, 235, 197, 3, 106, 5, 240, 162, 60, 136, 102, 86, 87, 227, 237, 16, 97, 164, 153, 80, 184, 6, 146, 163, 129, 155, 48, 129, 152, 48, 14, 6, 3, 85, 29, 15, 1, 1, 255, 4, 4, 3, 2, 5, 160, 48, 29, 6, 3, 85, 29, 37, 4, 22, 48, 20, 6, 8, 43, 6, 1, 5, 5, 7, 3, 2, 6, 8, 43, 6, 1, 5, 5, 7, 3, 1, 48, 41, 6, 3, 85, 29, 14, 4, 34, 4, 32, 248, 20, 62, 64, 237, 220, 87, 119, 20, 163, 177, 66, 230, 250, 22, 67, 215, 145, 108, 97, 199, 126, 107, 35, 219, 49, 176, 144, 115, 218, 50, 216, 48, 43, 6, 3, 85, 29, 35, 4, 36, 48, 34, 128, 32, 169, 249, 135, 19, 193, 57, 23, 133, 174, 94, 43, 9, 24, 188, 183, 200, 209, 49, 154, 179, 114, 37, 41...

  Gomega truncated this representation as it exceeds 'format.MaxLength'.
  Consider having the object provide a custom 'GomegaStringer' representation
  or adjust the parameters in Gomega's 'format' package.

  Learn more here: https://onsi.github.io/gomega/#adjusting-output

      Get "https://127.0.0.1:46473/some-additional-test-api": tls: failed to verify certificate: x509: certificate has expired or is not yet valid: current time 2024-01-21T21:12:53+07:00 is after 0001-01-01T00:00:00Z
  occurred[0m
  [38;5;9mIn [1m[It][0m[38;5;9m at: [1m/home/thanhpp/go/src/github.com/thanhpp/fabric-openssl/core/operations/system_test.go:134[0m
[38;5;243m------------------------------[0m
[38;5;10mâ€¢[0m[38;5;10mâ€¢[0m[38;5;10mâ€¢[0m2024/01/21 21:12:53 http: TLS handshake error from 127.0.0.1:47462: remote error: tls: bad certificate

[38;5;243m------------------------------[0m
[38;5;9mâ€¢ [FAILED] [0.025 seconds][0m
System
[38;5;243m/home/thanhpp/go/src/github.com/thanhpp/fabric-openssl/core/operations/system_test.go:35[0m
  when ClientCertRequired is true
  [38;5;243m/home/thanhpp/go/src/github.com/thanhpp/fabric-openssl/core/operations/system_test.go:191[0m
    [38;5;9m[1m[It] requires a client cert to connect[0m
    [38;5;243m/home/thanhpp/go/src/github.com/thanhpp/fabric-openssl/core/operations/system_test.go:197[0m

  [38;5;9mExpected
      <*url.Error | 0xc0002e5890>: {
          Op: "Get",
          URL: "https://127.0.0.1:33139/healthz",
          Err: <*tls.CertificateVerificationError | 0xc0002e5860>{
              UnverifiedCertificates: [
                  {
                      Raw: [48, 130, 1, 255, 48, 130, 1, 165, 160, 3, 2, 1, 2, 2, 17, 0, 228, 227, 227, 211, 145, 120, 42, 101, 229, 73, 110, 77, 156, 192, 175, 7, 48, 10, 6, 8, 42, 134, 72, 206, 61, 4, 3, 2, 48, 50, 49, 48, 48, 46, 6, 3, 85, 4, 5, 19, 39, 50, 52, 53, 49, 56, 53, 49, 53, 55, 50, 52, 51, 57, 52, 53, 54, 53, 49, 49, 50, 57, 53, 48, 52, 53, 50, 49, 53, 48, 51, 48, 56, 57, 55, 54, 51, 51, 49, 48, 48, 30, 23, 13, 50, 52, 48, 49, 50, 48, 49, 52, 49, 50, 53, 51, 90, 23, 13, 51, 52, 48, 49, 49, 56, 49, 52, 49, 50, 53, 51, 90, 48, 50, 49, 48, 48, 46, 6, 3, 85, 4, 5, 19, 39, 51, 48, 52, 50, 52, 55, 50, 53, 53, 50, 57, 52, 57, 57, 49, 49, 52, 50, 48, 55, 52, 49, 56, 57, 57, 56, 49, 48, 57, 55, 56, 57, 53, 52, 52, 48, 49, 51, 53, 48, 89, 48, 19, 6, 7, 42, 134, 72, 206, 61, 2, 1, 6, 8, 42, 134, 72, 206, 61, 3, 1, 7, 3, 66, 0, 4, 222, 67, 249, 143, 139, 152, 128, 30, 22, 236, 182, 138, 16, 101, 197, 145, 11, 165, 132, 189, 102, 192, 95, 10, 121, 48, 2, 214, 249, 197, 232, 153, 194, 187, 140, 231, 47, 238, 199, 61, 171, 101, 62, 24, 10, 125, 190, 242, 197, 45, 217, 54, 124, 19, 22, 7, 164, 126, 204, 37, 72, 228, 156, 53, 163, 129, 155, 48, 129, 152, 48, 14, 6, 3, 85, 29, 15, 1, 1, 255, 4, 4, 3, 2, 5, 160, 48, 29, 6, 3, 85, 29, 37, 4, 22, 48, 20, 6, 8, 43, 6, 1, 5, 5, 7, 3, 2, 6, 8, 43, 6, 1, 5, 5, 7, 3, 1, 48, 41, 6, 3, 85, 29, 14, 4, 34, 4, 32, 185, 231, 152, 45, 223, 43, 40, 209, 36, 45, 0, 144, 213, 184, 115, 115, 222, 113, 119, 233, 22, 6, 88, 248, 101, 79, 110, 229, 46, 24, 64, 40, 48, 43, 6, 3, 85, 29, 35, 4, 36, 48, 34, 128, 32, 23, 250, 50, 67, 98, 82, 152, 32, 69, 239, 82, 44, 231, 0, 172, 196, 231, 239, 58, 12, 170, 40, 216, 92, 222, 234, 176, 133, 217, 217, 154, 229, 48, 15, 6, 3, 85, 29, 17, 4, 8, 48, 6, 135, 4, 127, 0, 0, 1, 48, 10, 6, 8, 42, 134, 72, 206, 61, 4, 3, 2, 3, 72, 0, 48, 69, 2, 32, 7, 170, 66, 93, 171, 213, 114, 103, 172, 12, 216, 25, 124, 201, 217, 142, 20, 30, 13, 115, 173, 10, 115, 216, 87, 159, 147, 1, 154, 254, 139, 220, 2, 33, 0, 210, 19, 127, 191, 154, 147, 199, 196, 158, 130, 41, 149, 2, 41, 209, 163, 48, 116, 123, 67, 224, 254, 48, 223, 156, 95, 137, 30, 149, 56, 34, 133],
                      RawTBSCertificate: [48, 130, 1, 165, 160, 3, 2, 1, 2, 2, 17, 0, 228, 227, 227, 211, 145, 120, 42, 101, 229, 73, 110, 77, 156, 192, 175, 7, 48, 10, 6, 8, 42, 134, 72, 206, 61, 4, 3, 2, 48, 50, 49, 48, 48, 46, 6, 3, 85, 4, 5, 19, 39, 50, 52, 53, 49, 56, 53, 49, 53, 55, 50, 52, 51, 57, 52, 53, 54, 53, 49, 49, 50, 57, 53, 48, 52, 53, 50, 49, 53, 48, 51, 48, 56, 57, 55, 54, 51, 51, 49, 48, 48, 30, 23, 13, 50, 52, 48, 49, 50, 48, 49, 52, 49, 50, 53, 51, 90, 23, 13, 51, 52, 48, 49, 49, 56, 49, 52, 49, 50, 53, 51, 90, 48, 50, 49, 48, 48, 46, 6, 3, 85, 4, 5, 19, 39, 51, 48, 52, 50, 52, 55, 50, 53, 53, 50, 57, 52, 57, 57, 49, 49, 52, 50, 48, 55, 52, 49, 56, 57, 57, 56, 49, 48, 57, 55, 56, 57, 53, 52, 52, 48, 49, 51, 53, 48, 89, 48, 19, 6, 7, 42, 134, 72, 206, 61, 2, 1, 6, 8, 42, 134, 72, 206, 61, 3, 1, 7, 3, 66, 0, 4, 222, 67, 249, 143, 139, 152, 128, 30, 22, 236, 182, 138, 16, 101, 197, 145, 11, 165, 132, 189, 102, 192, 95, 10, 121, 48, 2, 214, 249, 197, 232, 153, 194, 187, 140, 231, 47, 238, 199, 61, 171, 101, 62, 24, 10, 125, 190, 242, 197, 45, 217, 54, 124, 19, 22, 7, 164, 126, 204, 37, 72, 228, 156, 53, 163, 129, 155, 48, 129, 152, 48, 14, 6, 3, 85, 29, 15, 1, 1, 255, 4, 4, 3, 2, 5, 160, 48, 29, 6, 3, 85, 29, 37, 4, 22, 48, 20, 6, 8, 43, 6, 1, 5, 5, 7, 3, 2, 6, 8, 43, 6, 1, 5, 5, 7, 3, 1, 48, 41, 6, 3, 85, 29, 14, 4, 34, 4, 32, 185, 231, 152, 45, 223, 43, 40, 209, 36, 45, 0, 144, 213, 184, 115, 115, 222, 113, 119, 233, 22, 6, 88, 248, 101, 79, 110, 229, 46, 24, 64, 40, 48, 43, 6, 3, 85, 29, 35, 4, 36, 48, 34, 128, 32, 23, 250, 50, 67, 98, 82, 152, 32, 69, 239, 82, 44, 231, 0, 172, 196, 231, 239, 58, 12, 170, 40, 216, 92, 22...

  Gomega truncated this representation as it exceeds 'format.MaxLength'.
  Consider having the object provide a custom 'GomegaStringer' representation
  or adjust the parameters in Gomega's 'format' package.

  Learn more here: https://onsi.github.io/gomega/#adjusting-output

  to match error
      <*matchers.ContainSubstringMatcher | 0xc0002e58c0>: {
          Substr: "remote error: tls: bad certificate",
          Args: nil,
      }[0m
  [38;5;9mIn [1m[It][0m[38;5;9m at: [1m/home/thanhpp/go/src/github.com/thanhpp/fabric-openssl/core/operations/system_test.go:202[0m
[38;5;243m------------------------------[0m
[38;5;10mâ€¢[0m[38;5;10mâ€¢[0m[38;5;10mâ€¢[0m[33m2024-01-21 21:12:53.247 +07 0002 WARN[0m [fabhttp] [33;1mLog[0m -> key value
[38;5;10mâ€¢[0m[33m2024-01-21 21:12:53.253 +07 0003 WARN[0m [fabhttp] [33;1mLog[0m -> key value
[38;5;10mâ€¢[0m2024/01/21 21:12:53 http: TLS handshake error from 127.0.0.1:32966: remote error: tls: bad certificate

[38;5;243m------------------------------[0m
[38;5;9mâ€¢ [FAILED] [0.022 seconds][0m
System
[38;5;243m/home/thanhpp/go/src/github.com/thanhpp/fabric-openssl/core/operations/system_test.go:35[0m
  [38;5;9m[1m[It] hosts a health check endpoint[0m
  [38;5;243m/home/thanhpp/go/src/github.com/thanhpp/fabric-openssl/core/operations/system_test.go:264[0m

  [38;5;9mUnexpected error:
      <*url.Error | 0xc0002e5f20>: {
          Op: "Get",
          URL: "https://127.0.0.1:46749/healthz",
          Err: <*tls.CertificateVerificationError | 0xc0002e5ef0>{
              UnverifiedCertificates: [
                  {
                      Raw: [48, 130, 1, 255, 48, 130, 1, 165, 160, 3, 2, 1, 2, 2, 17, 0, 166, 173, 113, 241, 201, 229, 222, 10, 121, 139, 61, 101, 153, 196, 25, 245, 48, 10, 6, 8, 42, 134, 72, 206, 61, 4, 3, 2, 48, 50, 49, 48, 48, 46, 6, 3, 85, 4, 5, 19, 39, 49, 56, 52, 52, 50, 49, 51, 49, 57, 57, 54, 49, 50, 53, 54, 54, 57, 56, 53, 51, 55, 56, 48, 57, 53, 49, 53, 55, 56, 52, 54, 52, 55, 49, 53, 57, 57, 55, 50, 48, 30, 23, 13, 50, 52, 48, 49, 50, 48, 49, 52, 49, 50, 53, 51, 90, 23, 13, 51, 52, 48, 49, 49, 56, 49, 52, 49, 50, 53, 51, 90, 48, 50, 49, 48, 48, 46, 6, 3, 85, 4, 5, 19, 39, 50, 50, 49, 53, 53, 50, 52, 50, 53, 55, 50, 53, 53, 55, 57, 51, 49, 56, 50, 48, 51, 53, 57, 55, 57, 50, 50, 48, 53, 52, 57, 51, 52, 49, 48, 56, 54, 54, 49, 48, 89, 48, 19, 6, 7, 42, 134, 72, 206, 61, 2, 1, 6, 8, 42, 134, 72, 206, 61, 3, 1, 7, 3, 66, 0, 4, 244, 26, 104, 82, 10, 26, 40, 127, 46, 242, 65, 156, 125, 166, 97, 21, 245, 229, 113, 12, 195, 30, 35, 120, 204, 204, 123, 248, 90, 96, 170, 163, 158, 119, 249, 135, 53, 207, 4, 39, 87, 175, 119, 168, 174, 169, 107, 22, 197, 188, 86, 224, 93, 210, 155, 196, 115, 191, 15, 130, 138, 17, 252, 22, 163, 129, 155, 48, 129, 152, 48, 14, 6, 3, 85, 29, 15, 1, 1, 255, 4, 4, 3, 2, 5, 160, 48, 29, 6, 3, 85, 29, 37, 4, 22, 48, 20, 6, 8, 43, 6, 1, 5, 5, 7, 3, 2, 6, 8, 43, 6, 1, 5, 5, 7, 3, 1, 48, 41, 6, 3, 85, 29, 14, 4, 34, 4, 32, 64, 19, 89, 228, 118, 245, 176, 157, 54, 239, 98, 171, 27, 54, 40, 182, 206, 45, 53, 52, 186, 31, 72, 173, 162, 62, 198, 255, 13, 139, 93, 88, 48, 43, 6, 3, 85, 29, 35, 4, 36, 48, 34, 128, 32, 182, 1, 49, 244, 86, 146, 77, 167, 111, 2, 99, 164, 63, 151, 0, 20, 227, 189, 165, 107, 197, 121, 5, 181, 222, 110, 66, 96, 147, 117, 178, 53, 48, 15, 6, 3, 85, 29, 17, 4, 8, 48, 6, 135, 4, 127, 0, 0, 1, 48, 10, 6, 8, 42, 134, 72, 206, 61, 4, 3, 2, 3, 72, 0, 48, 69, 2, 32, 119, 162, 195, 1, 94, 190, 98, 227, 127, 154, 178, 60, 125, 87, 137, 195, 34, 89, 200, 202, 9, 69, 124, 107, 212, 136, 167, 95, 122, 212, 33, 83, 2, 33, 0, 225, 58, 33, 174, 155, 255, 244, 246, 97, 27, 175, 245, 223, 169, 207, 134, 29, 72, 209, 119, 48, 76, 121, 200, 17, 205, 80, 63, 12, 26, 131, 164],
                      RawTBSCertificate: [48, 130, 1, 165, 160, 3, 2, 1, 2, 2, 17, 0, 166, 173, 113, 241, 201, 229, 222, 10, 121, 139, 61, 101, 153, 196, 25, 245, 48, 10, 6, 8, 42, 134, 72, 206, 61, 4, 3, 2, 48, 50, 49, 48, 48, 46, 6, 3, 85, 4, 5, 19, 39, 49, 56, 52, 52, 50, 49, 51, 49, 57, 57, 54, 49, 50, 53, 54, 54, 57, 56, 53, 51, 55, 56, 48, 57, 53, 49, 53, 55, 56, 52, 54, 52, 55, 49, 53, 57, 57, 55, 50, 48, 30, 23, 13, 50, 52, 48, 49, 50, 48, 49, 52, 49, 50, 53, 51, 90, 23, 13, 51, 52, 48, 49, 49, 56, 49, 52, 49, 50, 53, 51, 90, 48, 50, 49, 48, 48, 46, 6, 3, 85, 4, 5, 19, 39, 50, 50, 49, 53, 53, 50, 52, 50, 53, 55, 50, 53, 53, 55, 57, 51, 49, 56, 50, 48, 51, 53, 57, 55, 57, 50, 50, 48, 53, 52, 57, 51, 52, 49, 48, 56, 54, 54, 49, 48, 89, 48, 19, 6, 7, 42, 134, 72, 206, 61, 2, 1, 6, 8, 42, 134, 72, 206, 61, 3, 1, 7, 3, 66, 0, 4, 244, 26, 104, 82, 10, 26, 40, 127, 46, 242, 65, 156, 125, 166, 97, 21, 245, 229, 113, 12, 195, 30, 35, 120, 204, 204, 123, 248, 90, 96, 170, 163, 158, 119, 249, 135, 53, 207, 4, 39, 87, 175, 119, 168, 174, 169, 107, 22, 197, 188, 86, 224, 93, 210, 155, 196, 115, 191, 15, 130, 138, 17, 252, 22, 163, 129, 155, 48, 129, 152, 48, 14, 6, 3, 85, 29, 15, 1, 1, 255, 4, 4, 3, 2, 5, 160, 48, 29, 6, 3, 85, 29, 37, 4, 22, 48, 20, 6, 8, 43, 6, 1, 5, 5, 7, 3, 2, 6, 8, 43, 6, 1, 5, 5, 7, 3, 1, 48, 41, 6, 3, 85, 29, 14, 4, 34, 4, 32, 64, 19, 89, 228, 118, 245, 176, 157, 54, 239, 98, 171, 27, 54, 40, 182, 206, 45, 53, 52, 186, 31, 72, 173, 162, 62, 198, 255, 13, 139, 93, 88, 48, 43, 6, 3, 85, 29, 35, 4, 36, 48, 34, 128, 32, 182, 1, 49, 244, 86, 146, 77, 167, 111, 2, 99, 164, 63, 151, 0, 20, 227, 189, 165, 107, 197, 121, 5, 181, 222, ...

  Gomega truncated this representation as it exceeds 'format.MaxLength'.
  Consider having the object provide a custom 'GomegaStringer' representation
  or adjust the parameters in Gomega's 'format' package.

  Learn more here: https://onsi.github.io/gomega/#adjusting-output

      Get "https://127.0.0.1:46749/healthz": tls: failed to verify certificate: x509: certificate has expired or is not yet valid: current time 2024-01-21T21:12:53+07:00 is after 0001-01-01T00:00:00Z
  occurred[0m
  [38;5;9mIn [1m[It][0m[38;5;9m at: [1m/home/thanhpp/go/src/github.com/thanhpp/fabric-openssl/core/operations/system_test.go:276[0m
[38;5;243m------------------------------[0m
[38;5;10mâ€¢[0m[38;5;10mâ€¢[0m2024/01/21 21:12:53 http: TLS handshake error from 127.0.0.1:34314: remote error: tls: bad certificate

[38;5;243m------------------------------[0m
[38;5;9mâ€¢ [FAILED] [0.017 seconds][0m
System
[38;5;243m/home/thanhpp/go/src/github.com/thanhpp/fabric-openssl/core/operations/system_test.go:35[0m
  when the metrics provider is prometheus
  [38;5;243m/home/thanhpp/go/src/github.com/thanhpp/fabric-openssl/core/operations/system_test.go:306[0m
    [38;5;9m[1m[It] hosts a secure endpoint for metrics[0m
    [38;5;243m/home/thanhpp/go/src/github.com/thanhpp/fabric-openssl/core/operations/system_test.go:319[0m

  [38;5;9mUnexpected error:
      <*url.Error | 0xc00047f140>: {
          Op: "Get",
          URL: "https://127.0.0.1:43711/metrics",
          Err: <*tls.CertificateVerificationError | 0xc00047f110>{
              UnverifiedCertificates: [
                  {
                      Raw: [48, 130, 1, 253, 48, 130, 1, 163, 160, 3, 2, 1, 2, 2, 16, 51, 84, 200, 76, 105, 238, 78, 209, 159, 23, 151, 215, 41, 127, 232, 235, 48, 10, 6, 8, 42, 134, 72, 206, 61, 4, 3, 2, 48, 50, 49, 48, 48, 46, 6, 3, 85, 4, 5, 19, 39, 50, 56, 56, 52, 53, 50, 48, 50, 54, 52, 54, 55, 54, 48, 53, 51, 57, 48, 54, 48, 53, 54, 52, 57, 52, 52, 52, 53, 55, 48, 55, 57, 49, 51, 55, 53, 51, 54, 48, 48, 30, 23, 13, 50, 52, 48, 49, 50, 48, 49, 52, 49, 50, 53, 51, 90, 23, 13, 51, 52, 48, 49, 49, 56, 49, 52, 49, 50, 53, 51, 90, 48, 49, 49, 47, 48, 45, 6, 3, 85, 4, 5, 19, 38, 54, 56, 50, 51, 48, 56, 52, 51, 50, 53, 55, 49, 57, 50, 55, 51, 57, 48, 52, 52, 55, 57, 51, 54, 53, 53, 56, 52, 57, 55, 49, 57, 52, 50, 53, 50, 53, 57, 48, 89, 48, 19, 6, 7, 42, 134, 72, 206, 61, 2, 1, 6, 8, 42, 134, 72, 206, 61, 3, 1, 7, 3, 66, 0, 4, 167, 205, 248, 110, 239, 40, 194, 100, 170, 250, 121, 182, 3, 192, 162, 210, 156, 76, 39, 168, 178, 47, 110, 218, 135, 130, 71, 79, 199, 46, 156, 43, 222, 223, 134, 97, 215, 211, 41, 85, 167, 95, 108, 252, 69, 82, 167, 224, 100, 15, 75, 26, 22, 219, 101, 106, 17, 100, 124, 200, 22, 14, 85, 254, 163, 129, 155, 48, 129, 152, 48, 14, 6, 3, 85, 29, 15, 1, 1, 255, 4, 4, 3, 2, 5, 160, 48, 29, 6, 3, 85, 29, 37, 4, 22, 48, 20, 6, 8, 43, 6, 1, 5, 5, 7, 3, 2, 6, 8, 43, 6, 1, 5, 5, 7, 3, 1, 48, 41, 6, 3, 85, 29, 14, 4, 34, 4, 32, 163, 194, 143, 74, 0, 75, 90, 18, 13, 163, 155, 94, 4, 40, 199, 241, 51, 136, 0, 218, 73, 10, 145, 201, 49, 57, 4, 207, 8, 133, 75, 226, 48, 43, 6, 3, 85, 29, 35, 4, 36, 48, 34, 128, 32, 228, 126, 235, 25, 232, 177, 222, 209, 57, 188, 166, 116, 6, 57, 20, 252, 183, 26, 133, 121, 138, 208, 149, 248, 83, 137, 24, 75, 81, 185, 211, 160, 48, 15, 6, 3, 85, 29, 17, 4, 8, 48, 6, 135, 4, 127, 0, 0, 1, 48, 10, 6, 8, 42, 134, 72, 206, 61, 4, 3, 2, 3, 72, 0, 48, 69, 2, 32, 64, 57, 62, 92, 223, 74, 38, 240, 202, 13, 226, 118, 139, 49, 166, 230, 20, 27, 142, 123, 60, 57, 63, 111, 7, 63, 146, 157, 81, 235, 127, 245, 2, 33, 0, 136, 210, 25, 202, 171, 125, 133, 202, 57, 73, 244, 246, 150, 185, 231, 241, 253, 133, 186, 160, 69, 3, 127, 209, 147, 163, 210, 62, 215, 116, 22, 31],
                      RawTBSCertificate: [48, 130, 1, 163, 160, 3, 2, 1, 2, 2, 16, 51, 84, 200, 76, 105, 238, 78, 209, 159, 23, 151, 215, 41, 127, 232, 235, 48, 10, 6, 8, 42, 134, 72, 206, 61, 4, 3, 2, 48, 50, 49, 48, 48, 46, 6, 3, 85, 4, 5, 19, 39, 50, 56, 56, 52, 53, 50, 48, 50, 54, 52, 54, 55, 54, 48, 53, 51, 57, 48, 54, 48, 53, 54, 52, 57, 52, 52, 52, 53, 55, 48, 55, 57, 49, 51, 55, 53, 51, 54, 48, 48, 30, 23, 13, 50, 52, 48, 49, 50, 48, 49, 52, 49, 50, 53, 51, 90, 23, 13, 51, 52, 48, 49, 49, 56, 49, 52, 49, 50, 53, 51, 90, 48, 49, 49, 47, 48, 45, 6, 3, 85, 4, 5, 19, 38, 54, 56, 50, 51, 48, 56, 52, 51, 50, 53, 55, 49, 57, 50, 55, 51, 57, 48, 52, 52, 55, 57, 51, 54, 53, 53, 56, 52, 57, 55, 49, 57, 52, 50, 53, 50, 53, 57, 48, 89, 48, 19, 6, 7, 42, 134, 72, 206, 61, 2, 1, 6, 8, 42, 134, 72, 206, 61, 3, 1, 7, 3, 66, 0, 4, 167, 205, 248, 110, 239, 40, 194, 100, 170, 250, 121, 182, 3, 192, 162, 210, 156, 76, 39, 168, 178, 47, 110, 218, 135, 130, 71, 79, 199, 46, 156, 43, 222, 223, 134, 97, 215, 211, 41, 85, 167, 95, 108, 252, 69, 82, 167, 224, 100, 15, 75, 26, 22, 219, 101, 106, 17, 100, 124, 200, 22, 14, 85, 254, 163, 129, 155, 48, 129, 152, 48, 14, 6, 3, 85, 29, 15, 1, 1, 255, 4, 4, 3, 2, 5, 160, 48, 29, 6, 3, 85, 29, 37, 4, 22, 48, 20, 6, 8, 43, 6, 1, 5, 5, 7, 3, 2, 6, 8, 43, 6, 1, 5, 5, 7, 3, 1, 48, 41, 6, 3, 85, 29, 14, 4, 34, 4, 32, 163, 194, 143, 74, 0, 75, 90, 18, 13, 163, 155, 94, 4, 40, 199, 241, 51, 136, 0, 218, 73, 10, 145, 201, 49, 57, 4, 207, 8, 133, 75, 226, 48, 43, 6, 3, 85, 29, 35, 4, 36, 48, 34, 128, 32, 228, 126, 235, 25, 232, 177, 222, 209, 57, 188, 166, 116, 6, 57, 20, 252, 183, 26, 133, 121, 138, 208, 149, 248, 83, 137, 24, 75, 81, ...

  Gomega truncated this representation as it exceeds 'format.MaxLength'.
  Consider having the object provide a custom 'GomegaStringer' representation
  or adjust the parameters in Gomega's 'format' package.

  Learn more here: https://onsi.github.io/gomega/#adjusting-output

      Get "https://127.0.0.1:43711/metrics": tls: failed to verify certificate: x509: certificate has expired or is not yet valid: current time 2024-01-21T21:12:53+07:00 is after 0001-01-01T00:00:00Z
  occurred[0m
  [38;5;9mIn [1m[It][0m[38;5;9m at: [1m/home/thanhpp/go/src/github.com/thanhpp/fabric-openssl/core/operations/system_test.go:325[0m
[38;5;243m------------------------------[0m
2024/01/21 21:12:53 http: TLS handshake error from 127.0.0.1:51726: remote error: tls: bad certificate
[38;5;9mâ€¢ [FAILED] [0.030 seconds][0m
System
[38;5;243m/home/thanhpp/go/src/github.com/thanhpp/fabric-openssl/core/operations/system_test.go:35[0m
  when the metrics provider is prometheus
  [38;5;243m/home/thanhpp/go/src/github.com/thanhpp/fabric-openssl/core/operations/system_test.go:306[0m
    [38;5;9m[1m[It] records the fabric version[0m
    [38;5;243m/home/thanhpp/go/src/github.com/thanhpp/fabric-openssl/core/operations/system_test.go:337[0m

  [38;5;9mUnexpected error:
      <*url.Error | 0xc000413fb0>: {
          Op: "Get",
          URL: "https://127.0.0.1:39261/metrics",
          Err: <*tls.CertificateVerificationError | 0xc000413c80>{
              UnverifiedCertificates: [
                  {
                      Raw: [48, 130, 2, 0, 48, 130, 1, 165, 160, 3, 2, 1, 2, 2, 17, 0, 219, 252, 191, 139, 180, 240, 111, 68, 179, 149, 248, 230, 250, 65, 245, 105, 48, 10, 6, 8, 42, 134, 72, 206, 61, 4, 3, 2, 48, 50, 49, 48, 48, 46, 6, 3, 85, 4, 5, 19, 39, 51, 50, 48, 49, 53, 48, 51, 48, 50, 57, 51, 48, 56, 57, 55, 54, 53, 48, 48, 49, 53, 49, 48, 56, 50, 54, 51, 48, 50, 52, 50, 52, 50, 55, 56, 49, 51, 52, 49, 48, 30, 23, 13, 50, 52, 48, 49, 50, 48, 49, 52, 49, 50, 53, 51, 90, 23, 13, 51, 52, 48, 49, 49, 56, 49, 52, 49, 50, 53, 51, 90, 48, 50, 49, 48, 48, 46, 6, 3, 85, 4, 5, 19, 39, 50, 57, 50, 52, 49, 51, 50, 55, 52, 56, 57, 52, 49, 57, 52, 50, 48, 57, 48, 57, 52, 54, 54, 53, 54, 55, 50, 51, 57, 52, 52, 54, 53, 55, 51, 54, 48, 52, 49, 48, 89, 48, 19, 6, 7, 42, 134, 72, 206, 61, 2, 1, 6, 8, 42, 134, 72, 206, 61, 3, 1, 7, 3, 66, 0, 4, 253, 157, 215, 167, 203, 74, 6, 247, 75, 191, 87, 119, 214, 191, 28, 88, 23, 94, 123, 204, 43, 97, 210, 182, 124, 167, 145, 79, 246, 212, 128, 67, 77, 86, 229, 54, 65, 11, 214, 209, 48, 73, 150, 234, 210, 46, 86, 46, 83, 121, 12, 37, 254, 200, 200, 172, 223, 253, 88, 36, 46, 221, 230, 118, 163, 129, 155, 48, 129, 152, 48, 14, 6, 3, 85, 29, 15, 1, 1, 255, 4, 4, 3, 2, 5, 160, 48, 29, 6, 3, 85, 29, 37, 4, 22, 48, 20, 6, 8, 43, 6, 1, 5, 5, 7, 3, 2, 6, 8, 43, 6, 1, 5, 5, 7, 3, 1, 48, 41, 6, 3, 85, 29, 14, 4, 34, 4, 32, 123, 157, 19, 164, 48, 207, 114, 213, 144, 138, 74, 165, 33, 232, 21, 218, 171, 156, 211, 189, 71, 143, 27, 120, 200, 8, 4, 49, 20, 110, 45, 1, 48, 43, 6, 3, 85, 29, 35, 4, 36, 48, 34, 128, 32, 250, 25, 25, 248, 52, 190, 80, 66, 24, 136, 170, 9, 140, 213, 154, 229, 246, 8, 49, 79, 208, 201, 222, 174, 242, 223, 215, 186, 24, 26, 249, 185, 48, 15, 6, 3, 85, 29, 17, 4, 8, 48, 6, 135, 4, 127, 0, 0, 1, 48, 10, 6, 8, 42, 134, 72, 206, 61, 4, 3, 2, 3, 73, 0, 48, 70, 2, 33, 0, 158, 208, 178, 106, 212, 169, 168, 183, 47, 190, 172, 149, 33, 42, 246, 246, 255, 244, 155, 74, 81, 109, 70, 90, 219, 65, 202, 13, 5, 126, 57, 238, 2, 33, 0, 163, 225, 102, 167, 126, 85, 127, 145, 236, 4, 199, 207, 241, 159, 221, 209, 151, 216, 46, 31, 85, 133, 182, 209, 251, 189, 28, 211, 144, 86, 90, 94],
                      RawTBSCertificate: [48, 130, 1, 165, 160, 3, 2, 1, 2, 2, 17, 0, 219, 252, 191, 139, 180, 240, 111, 68, 179, 149, 248, 230, 250, 65, 245, 105, 48, 10, 6, 8, 42, 134, 72, 206, 61, 4, 3, 2, 48, 50, 49, 48, 48, 46, 6, 3, 85, 4, 5, 19, 39, 51, 50, 48, 49, 53, 48, 51, 48, 50, 57, 51, 48, 56, 57, 55, 54, 53, 48, 48, 49, 53, 49, 48, 56, 50, 54, 51, 48, 50, 52, 50, 52, 50, 55, 56, 49, 51, 52, 49, 48, 30, 23, 13, 50, 52, 48, 49, 50, 48, 49, 52, 49, 50, 53, 51, 90, 23, 13, 51, 52, 48, 49, 49, 56, 49, 52, 49, 50, 53, 51, 90, 48, 50, 49, 48, 48, 46, 6, 3, 85, 4, 5, 19, 39, 50, 57, 50, 52, 49, 51, 50, 55, 52, 56, 57, 52, 49, 57, 52, 50, 48, 57, 48, 57, 52, 54, 54, 53, 54, 55, 50, 51, 57, 52, 52, 54, 53, 55, 51, 54, 48, 52, 49, 48, 89, 48, 19, 6, 7, 42, 134, 72, 206, 61, 2, 1, 6, 8, 42, 134, 72, 206, 61, 3, 1, 7, 3, 66, 0, 4, 253, 157, 215, 167, 203, 74, 6, 247, 75, 191, 87, 119, 214, 191, 28, 88, 23, 94, 123, 204, 43, 97, 210, 182, 124, 167, 145, 79, 246, 212, 128, 67, 77, 86, 229, 54, 65, 11, 214, 209, 48, 73, 150, 234, 210, 46, 86, 46, 83, 121, 12, 37, 254, 200, 200, 172, 223, 253, 88, 36, 46, 221, 230, 118, 163, 129, 155, 48, 129, 152, 48, 14, 6, 3, 85, 29, 15, 1, 1, 255, 4, 4, 3, 2, 5, 160, 48, 29, 6, 3, 85, 29, 37, 4, 22, 48, 20, 6, 8, 43, 6, 1, 5, 5, 7, 3, 2, 6, 8, 43, 6, 1, 5, 5, 7, 3, 1, 48, 41, 6, 3, 85, 29, 14, 4, 34, 4, 32, 123, 157, 19, 164, 48, 207, 114, 213, 144, 138, 74, 165, 33, 232, 21, 218, 171, 156, 211, 189, 71, 143, 27, 120, 200, 8, 4, 49, 20, 110, 45, 1, 48, 43, 6, 3, 85, 29, 35, 4, 36, 48, 34, 128, 32, 250, 25, 25, 248, 52, 190, 80, 66, 24, 136, 170, 9, 140, 213, 154, 229, 246, 8, 49, 79, 208, 201, 222, 174...

  Gomega truncated this representation as it exceeds 'format.MaxLength'.
  Consider having the object provide a custom 'GomegaStringer' representation
  or adjust the parameters in Gomega's 'format' package.

  Learn more here: https://onsi.github.io/gomega/#adjusting-output

      Get "https://127.0.0.1:39261/metrics": tls: failed to verify certificate: x509: certificate has expired or is not yet valid: current time 2024-01-21T21:12:53+07:00 is after 0001-01-01T00:00:00Z
  occurred[0m
  [38;5;9mIn [1m[It][0m[38;5;9m at: [1m/home/thanhpp/go/src/github.com/thanhpp/fabric-openssl/core/operations/system_test.go:343[0m
[38;5;243m------------------------------[0m
[38;5;10mâ€¢[0m[38;5;10mâ€¢[0m[38;5;10mâ€¢[0m[38;5;10mâ€¢[0m[38;5;10mâ€¢[0m[38;5;10mâ€¢[0m[38;5;10mâ€¢[0m[38;5;10mâ€¢[0m


[38;5;9m[1mSummarizing 8 Failures:[0m
  [38;5;9m[FAIL][0m [0mSystem [38;5;243m[38;5;9m[1m[It] hosts an unsecured endpoint for the version information[0m[0m
  [38;5;243m/home/thanhpp/go/src/github.com/thanhpp/fabric-openssl/core/operations/system_test.go:92[0m
  [38;5;9m[FAIL][0m [0mSystem [38;5;243m[38;5;9m[1m[It] hosts a secure endpoint for logging[0m[0m
  [38;5;243m/home/thanhpp/go/src/github.com/thanhpp/fabric-openssl/core/operations/system_test.go:103[0m
  [38;5;9m[FAIL][0m [0mSystem [38;5;243m[38;5;9m[1m[It] does not host a secure endpoint for additional APIs by default[0m[0m
  [38;5;243m/home/thanhpp/go/src/github.com/thanhpp/fabric-openssl/core/operations/system_test.go:118[0m
  [38;5;9m[FAIL][0m [0mSystem [38;5;243m[38;5;9m[1m[It] hosts a secure endpoint for additional APIs when added[0m[0m
  [38;5;243m/home/thanhpp/go/src/github.com/thanhpp/fabric-openssl/core/operations/system_test.go:134[0m
  [38;5;9m[FAIL][0m [0mSystem [38;5;243mwhen ClientCertRequired is true [0m[38;5;9m[1m[It] requires a client cert to connect[0m[0m
  [38;5;243m/home/thanhpp/go/src/github.com/thanhpp/fabric-openssl/core/operations/system_test.go:202[0m
  [38;5;9m[FAIL][0m [0mSystem [38;5;243m[38;5;9m[1m[It] hosts a health check endpoint[0m[0m
  [38;5;243m/home/thanhpp/go/src/github.com/thanhpp/fabric-openssl/core/operations/system_test.go:276[0m
  [38;5;9m[FAIL][0m [0mSystem [38;5;243mwhen the metrics provider is prometheus [0m[38;5;9m[1m[It] hosts a secure endpoint for metrics[0m[0m
  [38;5;243m/home/thanhpp/go/src/github.com/thanhpp/fabric-openssl/core/operations/system_test.go:325[0m
  [38;5;9m[FAIL][0m [0mSystem [38;5;243mwhen the metrics provider is prometheus [0m[38;5;9m[1m[It] records the fabric version[0m[0m
  [38;5;243m/home/thanhpp/go/src/github.com/thanhpp/fabric-openssl/core/operations/system_test.go:343[0m

[38;5;9m[1mRan 29 of 29 Specs in 0.570 seconds[0m
[38;5;9m[1mFAIL![0m -- [38;5;10m[1m21 Passed[0m | [38;5;9m[1m8 Failed[0m | [38;5;11m[1m0 Pending[0m | [38;5;14m[1m0 Skipped[0m
--- FAIL: TestOperations (0.57s)
FAIL
coverage: 100.0% of statements
FAIL	github.com/hyperledger/fabric/core/operations	0.688s
?   	github.com/hyperledger/fabric/internal/configtxgen/encoder/fakes	[no test files]
?   	github.com/hyperledger/fabric/internal/osnadmin	[no test files]
?   	github.com/hyperledger/fabric/internal/peer/chaincode/mock	[no test files]
?   	github.com/hyperledger/fabric/internal/peer/channel/mock	[no test files]
?   	github.com/hyperledger/fabric/internal/peer/common/mock	[no test files]
?   	github.com/hyperledger/fabric/internal/peer/gossip/mocks	[no test files]
?   	github.com/hyperledger/fabric/internal/peer/lifecycle	[no test files]
?   	github.com/hyperledger/fabric/internal/peer/lifecycle/chaincode/mock	[no test files]
?   	github.com/hyperledger/fabric/internal/peer/node/mock	[no test files]
?   	github.com/hyperledger/fabric/internal/peer/packaging/mock	[no test files]
?   	github.com/hyperledger/fabric/internal/peer/snapshot/mock	[no test files]
?   	github.com/hyperledger/fabric/internal/pkg/comm/testpb	[no test files]
?   	github.com/hyperledger/fabric/internal/pkg/gateway/commit/mocks	[no test files]
?   	github.com/hyperledger/fabric/internal/pkg/gateway/event/mocks	[no test files]
?   	github.com/hyperledger/fabric/internal/pkg/gateway/ledger/mocks	[no test files]
?   	github.com/hyperledger/fabric/internal/pkg/gateway/mocks	[no test files]
?   	github.com/hyperledger/fabric/internal/pkg/identity	[no test files]
?   	github.com/hyperledger/fabric/internal/pkg/identity/mocks	[no test files]
?   	github.com/hyperledger/fabric/internal/pkg/peer/blocksprovider/fake	[no test files]
?   	github.com/hyperledger/fabric/msp/mocks	[no test files]
?   	github.com/hyperledger/fabric/orderer/common/blockcutter/mock	[no test files]
?   	github.com/hyperledger/fabric/orderer/common/bootstrap	[no test files]
?   	github.com/hyperledger/fabric/orderer/common/broadcast/mock	[no test files]
?   	github.com/hyperledger/fabric/orderer/common/channelparticipation/mocks	[no test files]
?   	github.com/hyperledger/fabric/orderer/common/cluster/mocks	[no test files]
?   	github.com/hyperledger/fabric/orderer/common/follower/mocks	[no test files]
?   	github.com/hyperledger/fabric/orderer/common/msgprocessor/mocks	[no test files]
?   	github.com/hyperledger/fabric/orderer/common/multichannel/mocks	[no test files]
?   	github.com/hyperledger/fabric/orderer/common/onboarding/mocks	[no test files]
?   	github.com/hyperledger/fabric/orderer/common/server/mocks	[no test files]
?   	github.com/hyperledger/fabric/orderer/consensus/etcdraft/mocks	[no test files]
?   	github.com/hyperledger/fabric/orderer/consensus/kafka/mock	[no test files]
?   	github.com/hyperledger/fabric/orderer/consensus/mocks	[no test files]
?   	github.com/hyperledger/fabric/orderer/consensus/solo/mocks	[no test files]
?   	github.com/hyperledger/fabric/orderer/sample_clients/broadcast_config	[no test files]
?   	github.com/hyperledger/fabric/orderer/sample_clients/broadcast_msg	[no test files]
?   	github.com/hyperledger/fabric/orderer/sample_clients/deliver_stdout	[no test files]
?   	github.com/hyperledger/fabric/pkg/bbig	[no test files]
?   	github.com/hyperledger/fabric/pkg/bbig/bridge	[no test files]
?   	github.com/hyperledger/fabric/pkg/bcy256	[no test files]
?   	github.com/hyperledger/fabric/pkg/cryptox	[no test files]
?   	github.com/hyperledger/fabric/pkg/cryptox/x509/pkix	[no test files]
?   	github.com/hyperledger/fabric/pkg/ecc	[no test files]
?   	github.com/hyperledger/fabric/pkg/mopenssl	[no test files]
?   	github.com/hyperledger/fabric/pkg/mopenssl/internal/subtle	[no test files]
?   	github.com/hyperledger/fabric/pkg/statedata	[no test files]
?   	github.com/hyperledger/fabric/pkg/tx	[no test files]
?   	github.com/hyperledger/fabric/protoutil/fakes	[no test files]
?   	github.com/hyperledger/fabric/swagger	[no test files]
[34m2024-01-21 21:12:53.398 +07 0001 INFO[0m [msp] [34;1mSetup[0m -> MSP manager already up
[34m2024-01-21 21:12:53.400 +07 0002 INFO[0m [peer] [34;1mgetLocalAddress[0m -> Auto-detected peer address: 192.168.7.106:7051
[34m2024-01-21 21:12:53.401 +07 0003 INFO[0m [peer] [34;1mgetLocalAddress[0m -> Returning testing.com:7051
[33m2024-01-21 21:12:53.401 +07 0004 WARN[0m [common.deliverevents] [33;1mload[0m -> `peer.authentication.timewindow` not set; defaulting to 15m0s
[34m2024-01-21 21:12:53.402 +07 0005 INFO[0m [peer] [34;1mgetLocalAddress[0m -> Auto-detected peer address: 192.168.7.106:7051
[34m2024-01-21 21:12:53.402 +07 0006 INFO[0m [peer] [34;1mgetLocalAddress[0m -> Auto-detect flag is set, returning 192.168.7.106:7051
[33m2024-01-21 21:12:53.402 +07 0007 WARN[0m [common.deliverevents] [33;1mload[0m -> `peer.authentication.timewindow` not set; defaulting to 15m0s
[34m2024-01-21 21:12:53.403 +07 0008 INFO[0m [peer] [34;1mgetLocalAddress[0m -> Auto-detected peer address: 192.168.7.106:7051
[34m2024-01-21 21:12:53.403 +07 0009 INFO[0m [peer] [34;1mgetLocalAddress[0m -> Host is 0.0.0.0 , falling back to auto-detected address: 192.168.7.106:7051
[33m2024-01-21 21:12:53.403 +07 000a WARN[0m [common.deliverevents] [33;1mload[0m -> `peer.authentication.timewindow` not set; defaulting to 15m0s
[34m2024-01-21 21:12:53.404 +07 000b INFO[0m [peer] [34;1mgetLocalAddress[0m -> Auto-detected peer address: 192.168.7.106:7051
[34m2024-01-21 21:12:53.404 +07 000c INFO[0m [peer] [34;1mgetLocalAddress[0m -> Auto-detect flag is set, returning 192.168.7.106:7051
[33m2024-01-21 21:12:53.404 +07 000d WARN[0m [common.deliverevents] [33;1mload[0m -> `peer.authentication.timewindow` not set; defaulting to 15m0s
[34m2024-01-21 21:12:53.411 +07 000e INFO[0m [peer] [34;1mgetLocalAddress[0m -> Auto-detected peer address: 192.168.7.106:8080
[34m2024-01-21 21:12:53.411 +07 000f INFO[0m [peer] [34;1mgetLocalAddress[0m -> Returning localhost:8080
[34m2024-01-21 21:12:53.411 +07 0010 INFO[0m [peer] [34;1mgetLocalAddress[0m -> Auto-detected peer address: 192.168.7.106:8080
[34m2024-01-21 21:12:53.411 +07 0011 INFO[0m [peer] [34;1mgetLocalAddress[0m -> Returning localhost:8080
[33m2024-01-21 21:12:53.411 +07 0012 WARN[0m [common.deliverevents] [33;1mload[0m -> `peer.authentication.timewindow` not set; defaulting to 15m0s
[34m2024-01-21 21:12:53.412 +07 0013 INFO[0m [peer] [34;1mgetLocalAddress[0m -> Auto-detected peer address: 192.168.7.106:8080
[34m2024-01-21 21:12:53.412 +07 0014 INFO[0m [peer] [34;1mgetLocalAddress[0m -> Returning localhost:8080
[33m2024-01-21 21:12:53.412 +07 0015 WARN[0m [common.deliverevents] [33;1mload[0m -> `peer.authentication.timewindow` not set; defaulting to 15m0s
[34m2024-01-21 21:12:53.413 +07 0016 INFO[0m [peer] [34;1mgetLocalAddress[0m -> Auto-detected peer address: 192.168.7.106:8080
[34m2024-01-21 21:12:53.413 +07 0017 INFO[0m [peer] [34;1mgetLocalAddress[0m -> Returning localhost:8080
[33m2024-01-21 21:12:53.413 +07 0018 WARN[0m [common.deliverevents] [33;1mload[0m -> `peer.authentication.timewindow` not set; defaulting to 15m0s
[34m2024-01-21 21:12:53.414 +07 0019 INFO[0m [peer] [34;1mgetLocalAddress[0m -> Auto-detected peer address: 192.168.7.106:8080
[34m2024-01-21 21:12:53.414 +07 001a INFO[0m [peer] [34;1mgetLocalAddress[0m -> Returning localhost:8080
[33m2024-01-21 21:12:53.414 +07 001b WARN[0m [common.deliverevents] [33;1mload[0m -> `peer.authentication.timewindow` not set; defaulting to 15m0s
[34m2024-01-21 21:12:53.415 +07 001c INFO[0m [peer] [34;1mgetLocalAddress[0m -> Auto-detected peer address: 192.168.7.106:8080
[34m2024-01-21 21:12:53.415 +07 001d INFO[0m [peer] [34;1mgetLocalAddress[0m -> Returning localhost:8080
[33m2024-01-21 21:12:53.415 +07 001e WARN[0m [common.deliverevents] [33;1mload[0m -> `peer.authentication.timewindow` not set; defaulting to 15m0s
[34m2024-01-21 21:12:53.416 +07 001f INFO[0m [ledgermgmt] [34;1mNewLedgerMgr[0m -> Initializing LedgerMgr
[34m2024-01-21 21:12:53.427 +07 0020 INFO[0m [leveldbhelper] [34;1mopenDBAndCheckFormat[0m -> DB is empty Setting db format as 2.0
[34m2024-01-21 21:12:53.428 +07 0021 INFO[0m [blkstorage] [34;1mNewProvider[0m -> Creating new file ledger directory at /tmp/peer-test480539518/chains/chains
[34m2024-01-21 21:12:53.433 +07 0022 INFO[0m [leveldbhelper] [34;1mopenDBAndCheckFormat[0m -> DB is empty Setting db format as 2.5
[34m2024-01-21 21:12:53.437 +07 0023 INFO[0m [leveldbhelper] [34;1mopenDBAndCheckFormat[0m -> DB is empty Setting db format as 2.0
[34m2024-01-21 21:12:53.446 +07 0024 INFO[0m [leveldbhelper] [34;1mopenDBAndCheckFormat[0m -> DB is empty Setting db format as 2.0
[34m2024-01-21 21:12:53.447 +07 0025 INFO[0m [ledgermgmt] [34;1mNewLedgerMgr[0m -> Initialized LedgerMgr
[34m2024-01-21 21:12:53.537 +07 0026 INFO[0m [common.tools.configtxgen.localconfig] [34;1mcompleteInitialization[0m -> orderer type: solo
[34m2024-01-21 21:12:53.537 +07 0027 INFO[0m [common.tools.configtxgen.localconfig] [34;1mLoad[0m -> Loaded configuration: /home/thanhpp/go/src/github.com/thanhpp/fabric-openssl/sampleconfig/configtx.yaml
[34m2024-01-21 21:12:53.545 +07 0028 INFO[0m [ledgermgmt] [34;1mCreateLedger[0m -> Creating ledger [testchain1] with genesis block
[34m2024-01-21 21:12:53.546 +07 0029 INFO[0m [blkstorage] [34;1mnewBlockfileMgr[0m -> Getting block information from block storage
[34m2024-01-21 21:12:53.551 +07 002a INFO[0m [kvledger] [34;1mcommit[0m -> [testchain1] Committed block [0] with 1 transaction(s) in 3ms (state_validation=0ms block_and_pvtdata_commit=1ms state_commit=0ms) commitHash=[]
[34m2024-01-21 21:12:53.551 +07 002b INFO[0m [kvledger] [34;1mupdateLedgerStatus[0m -> Updating ledger [testchain1] status to [ACTIVE]
[34m2024-01-21 21:12:53.551 +07 002c INFO[0m [ledgermgmt] [34;1mCreateLedger[0m -> Created ledger [testchain1] with genesis block
[34m2024-01-21 21:12:53.555 +07 002d INFO[0m [ledgermgmt] [34;1mClose[0m -> Closing ledger mgmt
[34m2024-01-21 21:12:53.556 +07 002e INFO[0m [ledgermgmt] [34;1mClose[0m -> ledger mgmt closed
[34m2024-01-21 21:12:53.558 +07 002f INFO[0m [ledgermgmt] [34;1mNewLedgerMgr[0m -> Initializing LedgerMgr
[34m2024-01-21 21:12:53.569 +07 0030 INFO[0m [leveldbhelper] [34;1mopenDBAndCheckFormat[0m -> DB is empty Setting db format as 2.0
[34m2024-01-21 21:12:53.569 +07 0031 INFO[0m [blkstorage] [34;1mNewProvider[0m -> Creating new file ledger directory at /tmp/peer-test1852785431/chains/chains
[34m2024-01-21 21:12:53.577 +07 0032 INFO[0m [leveldbhelper] [34;1mopenDBAndCheckFormat[0m -> DB is empty Setting db format as 2.5
[34m2024-01-21 21:12:53.580 +07 0033 INFO[0m [leveldbhelper] [34;1mopenDBAndCheckFormat[0m -> DB is empty Setting db format as 2.0
[34m2024-01-21 21:12:53.589 +07 0034 INFO[0m [leveldbhelper] [34;1mopenDBAndCheckFormat[0m -> DB is empty Setting db format as 2.0
[34m2024-01-21 21:12:53.590 +07 0035 INFO[0m [ledgermgmt] [34;1mNewLedgerMgr[0m -> Initialized LedgerMgr
[34m2024-01-21 21:12:53.606 +07 0036 INFO[0m [common.tools.configtxgen.localconfig] [34;1mcompleteInitialization[0m -> orderer type: solo
[34m2024-01-21 21:12:53.606 +07 0037 INFO[0m [common.tools.configtxgen.localconfig] [34;1mLoad[0m -> Loaded configuration: /home/thanhpp/go/src/github.com/thanhpp/fabric-openssl/sampleconfig/configtx.yaml
[34m2024-01-21 21:12:53.613 +07 0038 INFO[0m [ledgermgmt] [34;1mCreateLedger[0m -> Creating ledger [testchain1] with genesis block
[34m2024-01-21 21:12:53.614 +07 0039 INFO[0m [blkstorage] [34;1mnewBlockfileMgr[0m -> Getting block information from block storage
[34m2024-01-21 21:12:53.617 +07 003a INFO[0m [kvledger] [34;1mcommit[0m -> [testchain1] Committed block [0] with 1 transaction(s) in 2ms (state_validation=0ms block_and_pvtdata_commit=1ms state_commit=0ms) commitHash=[]
[34m2024-01-21 21:12:53.618 +07 003b INFO[0m [kvledger] [34;1mupdateLedgerStatus[0m -> Updating ledger [testchain1] status to [ACTIVE]
[34m2024-01-21 21:12:53.618 +07 003c INFO[0m [ledgermgmt] [34;1mCreateLedger[0m -> Created ledger [testchain1] with genesis block
[34m2024-01-21 21:12:53.636 +07 003d INFO[0m [ledgermgmt] [34;1mOpenLedger[0m -> Opening ledger with id = testchain1
[34m2024-01-21 21:12:53.638 +07 003e INFO[0m [ledgermgmt] [34;1mOpenLedger[0m -> Opened ledger with id = testchain1
[34m2024-01-21 21:12:53.639 +07 003f INFO[0m [ledgermgmt] [34;1mClose[0m -> Closing ledger mgmt
[34m2024-01-21 21:12:53.639 +07 0040 INFO[0m [ledgermgmt] [34;1mClose[0m -> ledger mgmt closed
[34m2024-01-21 21:12:53.658 +07 0041 INFO[0m [common.tools.configtxgen.localconfig] [34;1mcompleteInitialization[0m -> orderer type: solo
[34m2024-01-21 21:12:53.658 +07 0042 INFO[0m [common.tools.configtxgen.localconfig] [34;1mLoad[0m -> Loaded configuration: /home/thanhpp/go/src/github.com/thanhpp/fabric-openssl/sampleconfig/configtx.yaml
[34m2024-01-21 21:12:53.665 +07 0043 INFO[0m [ledgermgmt] [34;1mNewLedgerMgr[0m -> Initializing LedgerMgr
[34m2024-01-21 21:12:53.673 +07 0044 INFO[0m [leveldbhelper] [34;1mopenDBAndCheckFormat[0m -> DB is empty Setting db format as 2.0
[34m2024-01-21 21:12:53.674 +07 0045 INFO[0m [blkstorage] [34;1mNewProvider[0m -> Creating new file ledger directory at /tmp/peer-test3368419598/chains/chains
[34m2024-01-21 21:12:53.680 +07 0046 INFO[0m [leveldbhelper] [34;1mopenDBAndCheckFormat[0m -> DB is empty Setting db format as 2.5
[34m2024-01-21 21:12:53.683 +07 0047 INFO[0m [leveldbhelper] [34;1mopenDBAndCheckFormat[0m -> DB is empty Setting db format as 2.0
[34m2024-01-21 21:12:53.693 +07 0048 INFO[0m [leveldbhelper] [34;1mopenDBAndCheckFormat[0m -> DB is empty Setting db format as 2.0
[34m2024-01-21 21:12:53.694 +07 0049 INFO[0m [ledgermgmt] [34;1mNewLedgerMgr[0m -> Initialized LedgerMgr
[34m2024-01-21 21:12:53.694 +07 004a INFO[0m [ledgermgmt] [34;1mCreateLedger[0m -> Creating ledger [testchain] with genesis block
[34m2024-01-21 21:12:53.695 +07 004b INFO[0m [blkstorage] [34;1mnewBlockfileMgr[0m -> Getting block information from block storage
[34m2024-01-21 21:12:53.699 +07 004c INFO[0m [kvledger] [34;1mcommit[0m -> [testchain] Committed block [0] with 1 transaction(s) in 2ms (state_validation=0ms block_and_pvtdata_commit=1ms state_commit=0ms) commitHash=[]
[34m2024-01-21 21:12:53.699 +07 004d INFO[0m [kvledger] [34;1mupdateLedgerStatus[0m -> Updating ledger [testchain] status to [ACTIVE]
[34m2024-01-21 21:12:53.700 +07 004e INFO[0m [ledgermgmt] [34;1mCreateLedger[0m -> Created ledger [testchain] with genesis block
[34m2024-01-21 21:12:53.702 +07 004f INFO[0m [ledgermgmt] [34;1mClose[0m -> Closing ledger mgmt
[34m2024-01-21 21:12:53.703 +07 0050 INFO[0m [ledgermgmt] [34;1mClose[0m -> ledger mgmt closed
[33m2024-01-21 21:12:53.711 +07 0051 WARN[0m [common.deliver] [33;1mdeliverBlocks[0m -> error parsing envelope from : envelope has no header
[33m2024-01-21 21:12:53.715 +07 0052 WARN[0m [common.deliver] [33;1mdeliverBlocks[0m -> error parsing envelope from : envelope has no header
[34m2024-01-21 21:12:53.716 +07 0053 INFO[0m [gossip.service] [34;1mNew[0m -> Initialize gossip with endpoint localhost:0
[34m2024-01-21 21:12:53.718 +07 0054 INFO[0m [gossip.gossip] [34;1mNew[0m -> Creating gossip service with self membership of Endpoint: , InternalEndpoint: localhost:0, PKI-ID: 0d46737a45894d123895671221dbaddf8480fb0364f404be3aed491df442945f, Metadata: 
[33m2024-01-21 21:12:53.719 +07 0055 WARN[0m [gossip.gossip] [33;1mNew[0m -> External endpoint is empty, peer will not be accessible outside of its organization
[34m2024-01-21 21:12:53.719 +07 0056 INFO[0m [ledgermgmt] [34;1mNewLedgerMgr[0m -> Initializing LedgerMgr
[34m2024-01-21 21:12:53.719 +07 0057 INFO[0m [gossip.gossip] [34;1mstart[0m -> Gossip instance localhost:0 started
[34m2024-01-21 21:12:53.728 +07 0058 INFO[0m [leveldbhelper] [34;1mopenDBAndCheckFormat[0m -> DB is empty Setting db format as 2.0
[34m2024-01-21 21:12:53.729 +07 0059 INFO[0m [blkstorage] [34;1mNewProvider[0m -> Creating new file ledger directory at /tmp/peer-test1849429442/ledgersData/chains/chains
[34m2024-01-21 21:12:53.736 +07 005a INFO[0m [leveldbhelper] [34;1mopenDBAndCheckFormat[0m -> DB is empty Setting db format as 2.5
[34m2024-01-21 21:12:53.740 +07 005b INFO[0m [leveldbhelper] [34;1mopenDBAndCheckFormat[0m -> DB is empty Setting db format as 2.0
[34m2024-01-21 21:12:53.751 +07 005c INFO[0m [leveldbhelper] [34;1mopenDBAndCheckFormat[0m -> DB is empty Setting db format as 2.0
[34m2024-01-21 21:12:53.752 +07 005d INFO[0m [ledgermgmt] [34;1mNewLedgerMgr[0m -> Initialized LedgerMgr
[34m2024-01-21 21:12:53.760 +07 005e INFO[0m [ledgermgmt] [34;1mClose[0m -> Closing ledger mgmt
[34m2024-01-21 21:12:53.761 +07 005f INFO[0m [ledgermgmt] [34;1mClose[0m -> ledger mgmt closed
[34m2024-01-21 21:12:53.762 +07 0060 INFO[0m [gossip.service] [34;1mNew[0m -> Initialize gossip with endpoint localhost:0
[34m2024-01-21 21:12:53.763 +07 0061 INFO[0m [gossip.gossip] [34;1mNew[0m -> Creating gossip service with self membership of Endpoint: , InternalEndpoint: localhost:0, PKI-ID: 0d46737a45894d123895671221dbaddf8480fb0364f404be3aed491df442945f, Metadata: 
[33m2024-01-21 21:12:53.763 +07 0062 WARN[0m [gossip.gossip] [33;1mNew[0m -> External endpoint is empty, peer will not be accessible outside of its organization
[34m2024-01-21 21:12:53.763 +07 0063 INFO[0m [ledgermgmt] [34;1mNewLedgerMgr[0m -> Initializing LedgerMgr
[34m2024-01-21 21:12:53.763 +07 0064 INFO[0m [gossip.gossip] [34;1mstart[0m -> Gossip instance localhost:0 started
[34m2024-01-21 21:12:53.773 +07 0065 INFO[0m [leveldbhelper] [34;1mopenDBAndCheckFormat[0m -> DB is empty Setting db format as 2.0
[34m2024-01-21 21:12:53.774 +07 0066 INFO[0m [blkstorage] [34;1mNewProvider[0m -> Creating new file ledger directory at /tmp/peer-test1257629502/ledgersData/chains/chains
[34m2024-01-21 21:12:53.781 +07 0067 INFO[0m [leveldbhelper] [34;1mopenDBAndCheckFormat[0m -> DB is empty Setting db format as 2.5
[34m2024-01-21 21:12:53.784 +07 0068 INFO[0m [leveldbhelper] [34;1mopenDBAndCheckFormat[0m -> DB is empty Setting db format as 2.0
[34m2024-01-21 21:12:53.794 +07 0069 INFO[0m [leveldbhelper] [34;1mopenDBAndCheckFormat[0m -> DB is empty Setting db format as 2.0
[34m2024-01-21 21:12:53.795 +07 006a INFO[0m [ledgermgmt] [34;1mNewLedgerMgr[0m -> Initialized LedgerMgr
[34m2024-01-21 21:12:53.817 +07 006b INFO[0m [common.tools.configtxgen.localconfig] [34;1mcompleteInitialization[0m -> orderer type: solo
[34m2024-01-21 21:12:53.817 +07 006c INFO[0m [common.tools.configtxgen.localconfig] [34;1mLoad[0m -> Loaded configuration: /home/thanhpp/go/src/github.com/thanhpp/fabric-openssl/sampleconfig/configtx.yaml
[34m2024-01-21 21:12:53.824 +07 006d INFO[0m [ledgermgmt] [34;1mCreateLedger[0m -> Creating ledger [mytestchannelid-6172863775802251425] with genesis block
[34m2024-01-21 21:12:53.825 +07 006e INFO[0m [blkstorage] [34;1mnewBlockfileMgr[0m -> Getting block information from block storage
[34m2024-01-21 21:12:53.829 +07 006f INFO[0m [kvledger] [34;1mcommit[0m -> [mytestchannelid-6172863775802251425] Committed block [0] with 1 transaction(s) in 2ms (state_validation=0ms block_and_pvtdata_commit=1ms state_commit=0ms) commitHash=[]
[34m2024-01-21 21:12:53.829 +07 0070 INFO[0m [kvledger] [34;1mupdateLedgerStatus[0m -> Updating ledger [mytestchannelid-6172863775802251425] status to [ACTIVE]
[34m2024-01-21 21:12:53.829 +07 0071 INFO[0m [ledgermgmt] [34;1mCreateLedger[0m -> Created ledger [mytestchannelid-6172863775802251425] with genesis block
[34m2024-01-21 21:12:53.837 +07 0072 INFO[0m [gossip.gossip] [34;1mJoinChan[0m -> Joining gossip network of channel mytestchannelid-6172863775802251425 with 1 organizations
[34m2024-01-21 21:12:53.837 +07 0073 INFO[0m [gossip.gossip] [34;1mlearnAnchorPeers[0m -> Learning about the configured anchor peers of SampleOrg for channel mytestchannelid-6172863775802251425: [{127.0.0.1 7051}]
[34m2024-01-21 21:12:53.838 +07 0074 INFO[0m [gossip.state] [34;1mNewGossipStateProvider[0m -> Updating metadata information for channel mytestchannelid-6172863775802251425, current ledger sequence is at = 0, next expected block is = 1
[34m2024-01-21 21:12:53.838 +07 0075 INFO[0m [ledgermgmt] [34;1mClose[0m -> Closing ledger mgmt
[34m2024-01-21 21:12:53.839 +07 0076 INFO[0m [ledgermgmt] [34;1mClose[0m -> ledger mgmt closed
[34m2024-01-21 21:12:53.840 +07 0077 INFO[0m [gossip.service] [34;1mNew[0m -> Initialize gossip with endpoint localhost:0
[34m2024-01-21 21:12:53.841 +07 0078 INFO[0m [gossip.gossip] [34;1mNew[0m -> Creating gossip service with self membership of Endpoint: , InternalEndpoint: localhost:0, PKI-ID: 0d46737a45894d123895671221dbaddf8480fb0364f404be3aed491df442945f, Metadata: 
[33m2024-01-21 21:12:53.841 +07 0079 WARN[0m [gossip.gossip] [33;1mNew[0m -> External endpoint is empty, peer will not be accessible outside of its organization
[34m2024-01-21 21:12:53.841 +07 007a INFO[0m [ledgermgmt] [34;1mNewLedgerMgr[0m -> Initializing LedgerMgr
[34m2024-01-21 21:12:53.841 +07 007b INFO[0m [gossip.gossip] [34;1mstart[0m -> Gossip instance localhost:0 started
[34m2024-01-21 21:12:53.851 +07 007c INFO[0m [leveldbhelper] [34;1mopenDBAndCheckFormat[0m -> DB is empty Setting db format as 2.0
[34m2024-01-21 21:12:53.851 +07 007d INFO[0m [blkstorage] [34;1mNewProvider[0m -> Creating new file ledger directory at /tmp/peer-test1856530986/ledgersData/chains/chains
[34m2024-01-21 21:12:53.859 +07 007e INFO[0m [leveldbhelper] [34;1mopenDBAndCheckFormat[0m -> DB is empty Setting db format as 2.5
[34m2024-01-21 21:12:53.862 +07 007f INFO[0m [leveldbhelper] [34;1mopenDBAndCheckFormat[0m -> DB is empty Setting db format as 2.0
[34m2024-01-21 21:12:53.871 +07 0080 INFO[0m [leveldbhelper] [34;1mopenDBAndCheckFormat[0m -> DB is empty Setting db format as 2.0
[34m2024-01-21 21:12:53.872 +07 0081 INFO[0m [ledgermgmt] [34;1mNewLedgerMgr[0m -> Initialized LedgerMgr
[34m2024-01-21 21:12:53.879 +07 0082 INFO[0m [ledgermgmt] [34;1mNewLedgerMgr[0m -> Initializing LedgerMgr
[34m2024-01-21 21:12:53.888 +07 0083 INFO[0m [leveldbhelper] [34;1mopenDBAndCheckFormat[0m -> DB is empty Setting db format as 2.0
[34m2024-01-21 21:12:53.888 +07 0084 INFO[0m [blkstorage] [34;1mNewProvider[0m -> Creating new file ledger directory at /tmp/createsnapshotwithgenesisblock1159382306/chains/chains
[34m2024-01-21 21:12:53.902 +07 0085 INFO[0m [leveldbhelper] [34;1mopenDBAndCheckFormat[0m -> DB is empty Setting db format as 2.5
[34m2024-01-21 21:12:53.917 +07 0086 INFO[0m [leveldbhelper] [34;1mopenDBAndCheckFormat[0m -> DB is empty Setting db format as 2.0
[34m2024-01-21 21:12:53.918 +07 0087 INFO[0m [ledgermgmt] [34;1mNewLedgerMgr[0m -> Initialized LedgerMgr
[34m2024-01-21 21:12:53.943 +07 0088 INFO[0m [common.tools.configtxgen.localconfig] [34;1mcompleteInitialization[0m -> orderer type: solo
[34m2024-01-21 21:12:53.943 +07 0089 INFO[0m [common.tools.configtxgen.localconfig] [34;1mLoad[0m -> Loaded configuration: /home/thanhpp/go/src/github.com/thanhpp/fabric-openssl/sampleconfig/configtx.yaml
[34m2024-01-21 21:12:53.954 +07 008a INFO[0m [ledgermgmt] [34;1mCreateLedger[0m -> Creating ledger [createchannelbysnapshot] with genesis block
[34m2024-01-21 21:12:53.956 +07 008b INFO[0m [blkstorage] [34;1mnewBlockfileMgr[0m -> Getting block information from block storage
[34m2024-01-21 21:12:53.964 +07 008c INFO[0m [kvledger] [34;1mcommit[0m -> [createchannelbysnapshot] Committed block [0] with 1 transaction(s) in 5ms (state_validation=0ms block_and_pvtdata_commit=4ms state_commit=0ms) commitHash=[]
[34m2024-01-21 21:12:53.964 +07 008d INFO[0m [kvledger] [34;1mupdateLedgerStatus[0m -> Updating ledger [createchannelbysnapshot] status to [ACTIVE]
[34m2024-01-21 21:12:53.965 +07 008e INFO[0m [ledgermgmt] [34;1mCreateLedger[0m -> Created ledger [createchannelbysnapshot] with genesis block
[34m2024-01-21 21:12:53.965 +07 008f INFO[0m [kvledger] [34;1mprocessSnapshotMgmtEvents[0m -> Converting the snapshot generation request from block number 0 to the latest committed block number channelID=createchannelbysnapshot convertedRequestBlockNumber=0
[34m2024-01-21 21:12:53.965 +07 0090 INFO[0m [kvledger] [34;1madd[0m -> Adding new request for snapshot channelID=createchannelbysnapshot blockNumber=0
[34m2024-01-21 21:12:53.966 +07 0091 INFO[0m [kvledger] [34;1madd[0m -> Added new request for snapshot channelID=createchannelbysnapshot blockNumber=0 nextsnapshotblockNumber=0
[34m2024-01-21 21:12:53.966 +07 0092 INFO[0m [kvledger] [34;1mfunc2[0m -> Generating snapshot channelID=createchannelbysnapshot lastCommittedBlockNumber=0
[34m2024-01-21 21:12:53.974 +07 0093 INFO[0m [kvledger] [34;1mfunc2[0m -> Generated snapshot channelID=createchannelbysnapshot lastCommittedBlockNumber=0
[34m2024-01-21 21:12:53.974 +07 0094 INFO[0m [kvledger] [34;1mdelete[0m -> Deleting pending request for snapshot channelID=createchannelbysnapshot blockNumber=0
[34m2024-01-21 21:12:53.975 +07 0095 INFO[0m [kvledger] [34;1mdelete[0m -> Deleted pending request for snapshot channelID=createchannelbysnapshot blockNumber=0 nextsnapshotblockNumber=18446744073709551615
[34m2024-01-21 21:12:54.067 +07 0096 INFO[0m [ledgermgmt] [34;1mClose[0m -> Closing ledger mgmt
[34m2024-01-21 21:12:54.068 +07 0097 INFO[0m [ledgermgmt] [34;1mClose[0m -> ledger mgmt closed
[34m2024-01-21 21:12:54.069 +07 0098 INFO[0m [ledgermgmt] [34;1mcreateFromSnapshot[0m -> Creating ledger from snapshot at /tmp/createchannelbysnapshot1957048473/completed/createchannelbysnapshot/0
[34m2024-01-21 21:12:54.077 +07 0099 INFO[0m [privacyenabledstate] [34;1mNewSnapshotReader[0m -> Data file does not exist. Nothing to be done. filepath=/tmp/createchannelbysnapshot1957048473/completed/createchannelbysnapshot/0/private_state_hashes.data
[34m2024-01-21 21:12:54.079 +07 009a INFO[0m [blkstorage] [34;1mnewBlockfileMgr[0m -> Getting block information from block storage
[34m2024-01-21 21:12:54.081 +07 009b INFO[0m [kvledger] [34;1mupdateLedgerStatus[0m -> Updating ledger [createchannelbysnapshot] status to [ACTIVE]
[34m2024-01-21 21:12:54.082 +07 009c INFO[0m [ledgermgmt] [34;1mcreateFromSnapshot[0m -> Created ledger [createchannelbysnapshot] from snapshot
[34m2024-01-21 21:12:54.091 +07 009d INFO[0m [gossip.gossip] [34;1mJoinChan[0m -> Joining gossip network of channel createchannelbysnapshot with 1 organizations
[34m2024-01-21 21:12:54.091 +07 009e INFO[0m [gossip.gossip] [34;1mlearnAnchorPeers[0m -> Learning about the configured anchor peers of SampleOrg for channel createchannelbysnapshot: [{127.0.0.1 7051}]
[34m2024-01-21 21:12:54.091 +07 009f INFO[0m [gossip.state] [34;1mNewGossipStateProvider[0m -> Updating metadata information for channel createchannelbysnapshot, current ledger sequence is at = 0, next expected block is = 1
[34m2024-01-21 21:12:55.092 +07 00a0 INFO[0m [ledgermgmt] [34;1mClose[0m -> Closing ledger mgmt
[34m2024-01-21 21:12:55.094 +07 00a1 INFO[0m [ledgermgmt] [34;1mClose[0m -> ledger mgmt closed
[34m2024-01-21 21:12:55.095 +07 00a2 INFO[0m [gossip.service] [34;1mNew[0m -> Initialize gossip with endpoint localhost:0
[34m2024-01-21 21:12:55.096 +07 00a3 INFO[0m [gossip.gossip] [34;1mNew[0m -> Creating gossip service with self membership of Endpoint: , InternalEndpoint: localhost:0, PKI-ID: 0d46737a45894d123895671221dbaddf8480fb0364f404be3aed491df442945f, Metadata: 
[33m2024-01-21 21:12:55.096 +07 00a4 WARN[0m [gossip.gossip] [33;1mNew[0m -> External endpoint is empty, peer will not be accessible outside of its organization
[34m2024-01-21 21:12:55.096 +07 00a5 INFO[0m [ledgermgmt] [34;1mNewLedgerMgr[0m -> Initializing LedgerMgr
[34m2024-01-21 21:12:55.096 +07 00a6 INFO[0m [gossip.gossip] [34;1mstart[0m -> Gossip instance localhost:0 started
[34m2024-01-21 21:12:55.107 +07 00a7 INFO[0m [leveldbhelper] [34;1mopenDBAndCheckFormat[0m -> DB is empty Setting db format as 2.0
[34m2024-01-21 21:12:55.108 +07 00a8 INFO[0m [blkstorage] [34;1mNewProvider[0m -> Creating new file ledger directory at /tmp/peer-test678121033/ledgersData/chains/chains
[34m2024-01-21 21:12:55.120 +07 00a9 INFO[0m [leveldbhelper] [34;1mopenDBAndCheckFormat[0m -> DB is empty Setting db format as 2.5
[34m2024-01-21 21:12:55.124 +07 00aa INFO[0m [leveldbhelper] [34;1mopenDBAndCheckFormat[0m -> DB is empty Setting db format as 2.0
[34m2024-01-21 21:12:55.132 +07 00ab INFO[0m [leveldbhelper] [34;1mopenDBAndCheckFormat[0m -> DB is empty Setting db format as 2.0
[34m2024-01-21 21:12:55.133 +07 00ac INFO[0m [ledgermgmt] [34;1mNewLedgerMgr[0m -> Initialized LedgerMgr
[34m2024-01-21 21:12:55.139 +07 00ad INFO[0m [ledgermgmt] [34;1mClose[0m -> Closing ledger mgmt
[34m2024-01-21 21:12:55.140 +07 00ae INFO[0m [ledgermgmt] [34;1mClose[0m -> ledger mgmt closed
[34m2024-01-21 21:12:55.142 +07 00af INFO[0m [gossip.service] [34;1mNew[0m -> Initialize gossip with endpoint localhost:0
[34m2024-01-21 21:12:55.143 +07 00b0 INFO[0m [gossip.gossip] [34;1mNew[0m -> Creating gossip service with self membership of Endpoint: , InternalEndpoint: localhost:0, PKI-ID: 0d46737a45894d123895671221dbaddf8480fb0364f404be3aed491df442945f, Metadata: 
[33m2024-01-21 21:12:55.144 +07 00b1 WARN[0m [gossip.gossip] [33;1mNew[0m -> External endpoint is empty, peer will not be accessible outside of its organization
[34m2024-01-21 21:12:55.144 +07 00b2 INFO[0m [ledgermgmt] [34;1mNewLedgerMgr[0m -> Initializing LedgerMgr
[34m2024-01-21 21:12:55.144 +07 00b3 INFO[0m [gossip.gossip] [34;1mstart[0m -> Gossip instance localhost:0 started
[34m2024-01-21 21:12:55.153 +07 00b4 INFO[0m [leveldbhelper] [34;1mopenDBAndCheckFormat[0m -> DB is empty Setting db format as 2.0
[34m2024-01-21 21:12:55.153 +07 00b5 INFO[0m [blkstorage] [34;1mNewProvider[0m -> Creating new file ledger directory at /tmp/peer-test3306512586/ledgersData/chains/chains
[34m2024-01-21 21:12:55.160 +07 00b6 INFO[0m [leveldbhelper] [34;1mopenDBAndCheckFormat[0m -> DB is empty Setting db format as 2.5
[34m2024-01-21 21:12:55.164 +07 00b7 INFO[0m [leveldbhelper] [34;1mopenDBAndCheckFormat[0m -> DB is empty Setting db format as 2.0
[34m2024-01-21 21:12:55.173 +07 00b8 INFO[0m [leveldbhelper] [34;1mopenDBAndCheckFormat[0m -> DB is empty Setting db format as 2.0
[34m2024-01-21 21:12:55.173 +07 00b9 INFO[0m [ledgermgmt] [34;1mNewLedgerMgr[0m -> Initialized LedgerMgr
[34m2024-01-21 21:12:55.194 +07 00ba INFO[0m [common.tools.configtxgen.localconfig] [34;1mcompleteInitialization[0m -> orderer type: solo
[34m2024-01-21 21:12:55.194 +07 00bb INFO[0m [common.tools.configtxgen.localconfig] [34;1mLoad[0m -> Loaded configuration: /home/thanhpp/go/src/github.com/thanhpp/fabric-openssl/sampleconfig/configtx.yaml
[34m2024-01-21 21:12:55.203 +07 00bc INFO[0m [ledgermgmt] [34;1mCreateLedger[0m -> Creating ledger [mytestchannelid-4662605681621060573] with genesis block
[34m2024-01-21 21:12:55.204 +07 00bd INFO[0m [blkstorage] [34;1mnewBlockfileMgr[0m -> Getting block information from block storage
[34m2024-01-21 21:12:55.208 +07 00be INFO[0m [kvledger] [34;1mcommit[0m -> [mytestchannelid-4662605681621060573] Committed block [0] with 1 transaction(s) in 2ms (state_validation=0ms block_and_pvtdata_commit=1ms state_commit=0ms) commitHash=[]
[34m2024-01-21 21:12:55.208 +07 00bf INFO[0m [kvledger] [34;1mupdateLedgerStatus[0m -> Updating ledger [mytestchannelid-4662605681621060573] status to [ACTIVE]
[34m2024-01-21 21:12:55.208 +07 00c0 INFO[0m [ledgermgmt] [34;1mCreateLedger[0m -> Created ledger [mytestchannelid-4662605681621060573] with genesis block
[34m2024-01-21 21:12:55.217 +07 00c1 INFO[0m [gossip.gossip] [34;1mJoinChan[0m -> Joining gossip network of channel mytestchannelid-4662605681621060573 with 1 organizations
[34m2024-01-21 21:12:55.217 +07 00c2 INFO[0m [gossip.gossip] [34;1mlearnAnchorPeers[0m -> Learning about the configured anchor peers of SampleOrg for channel mytestchannelid-4662605681621060573: [{127.0.0.1 7051}]
[34m2024-01-21 21:12:55.218 +07 00c3 INFO[0m [gossip.state] [34;1mNewGossipStateProvider[0m -> Updating metadata information for channel mytestchannelid-4662605681621060573, current ledger sequence is at = 0, next expected block is = 1
[34m2024-01-21 21:12:55.219 +07 00c4 INFO[0m [ledgermgmt] [34;1mClose[0m -> Closing ledger mgmt
[34m2024-01-21 21:12:55.219 +07 00c5 INFO[0m [ledgermgmt] [34;1mClose[0m -> ledger mgmt closed
[34m2024-01-21 21:12:55.241 +07 00c6 INFO[0m [common.tools.configtxgen.localconfig] [34;1mcompleteInitialization[0m -> orderer type: solo
[34m2024-01-21 21:12:55.242 +07 00c7 INFO[0m [common.tools.configtxgen.localconfig] [34;1mLoad[0m -> Loaded configuration: /home/thanhpp/go/src/github.com/thanhpp/fabric-openssl/sampleconfig/configtx.yaml
[34m2024-01-21 21:12:55.271 +07 00c8 INFO[0m [common.tools.configtxgen.localconfig] [34;1mcompleteInitialization[0m -> orderer type: solo
[34m2024-01-21 21:12:55.272 +07 00c9 INFO[0m [common.tools.configtxgen.localconfig] [34;1mLoad[0m -> Loaded configuration: /home/thanhpp/go/src/github.com/thanhpp/fabric-openssl/sampleconfig/configtx.yaml
[34m2024-01-21 21:12:55.299 +07 00ca INFO[0m [common.tools.configtxgen.localconfig] [34;1mcompleteInitialization[0m -> orderer type: solo
[34m2024-01-21 21:12:55.299 +07 00cb INFO[0m [common.tools.configtxgen.localconfig] [34;1mLoad[0m -> Loaded configuration: /home/thanhpp/go/src/github.com/thanhpp/fabric-openssl/sampleconfig/configtx.yaml
[34m2024-01-21 21:12:55.305 +07 00cc INFO[0m [gossip.service] [34;1mNew[0m -> Initialize gossip with endpoint localhost:0
[34m2024-01-21 21:12:55.305 +07 00cd INFO[0m [gossip.gossip] [34;1mNew[0m -> Creating gossip service with self membership of Endpoint: , InternalEndpoint: localhost:0, PKI-ID: 0d46737a45894d123895671221dbaddf8480fb0364f404be3aed491df442945f, Metadata: 
[33m2024-01-21 21:12:55.306 +07 00ce WARN[0m [gossip.gossip] [33;1mNew[0m -> External endpoint is empty, peer will not be accessible outside of its organization
[34m2024-01-21 21:12:55.306 +07 00cf INFO[0m [ledgermgmt] [34;1mNewLedgerMgr[0m -> Initializing LedgerMgr
[34m2024-01-21 21:12:55.306 +07 00d0 INFO[0m [gossip.gossip] [34;1mstart[0m -> Gossip instance localhost:0 started
[34m2024-01-21 21:12:55.316 +07 00d1 INFO[0m [leveldbhelper] [34;1mopenDBAndCheckFormat[0m -> DB is empty Setting db format as 2.0
[34m2024-01-21 21:12:55.316 +07 00d2 INFO[0m [blkstorage] [34;1mNewProvider[0m -> Creating new file ledger directory at /tmp/peer-test3560545043/ledgersData/chains/chains
[34m2024-01-21 21:12:55.324 +07 00d3 INFO[0m [leveldbhelper] [34;1mopenDBAndCheckFormat[0m -> DB is empty Setting db format as 2.5
[34m2024-01-21 21:12:55.327 +07 00d4 INFO[0m [leveldbhelper] [34;1mopenDBAndCheckFormat[0m -> DB is empty Setting db format as 2.0
[34m2024-01-21 21:12:55.336 +07 00d5 INFO[0m [leveldbhelper] [34;1mopenDBAndCheckFormat[0m -> DB is empty Setting db format as 2.0
[34m2024-01-21 21:12:55.337 +07 00d6 INFO[0m [ledgermgmt] [34;1mNewLedgerMgr[0m -> Initialized LedgerMgr
[31m2024-01-21 21:12:55.348 +07 00d7 ERRO[0m [comm.tls] [31;1mServerHandshake[0m -> Server TLS handshake failed in 2.784197ms with error remote error: tls: bad certificate remoteaddress=127.0.0.1:45714
[34m2024-01-21 21:12:56.344 +07 00d8 INFO[0m [ledgermgmt] [34;1mCreateLedger[0m -> Creating ledger [channel1] with genesis block
[34m2024-01-21 21:12:56.347 +07 00d9 INFO[0m [blkstorage] [34;1mnewBlockfileMgr[0m -> Getting block information from block storage
[34m2024-01-21 21:12:56.351 +07 00da INFO[0m [kvledger] [34;1mcommit[0m -> [channel1] Committed block [0] with 1 transaction(s) in 2ms (state_validation=0ms block_and_pvtdata_commit=1ms state_commit=0ms) commitHash=[]
[34m2024-01-21 21:12:56.351 +07 00db INFO[0m [kvledger] [34;1mupdateLedgerStatus[0m -> Updating ledger [channel1] status to [ACTIVE]
[34m2024-01-21 21:12:56.352 +07 00dc INFO[0m [ledgermgmt] [34;1mCreateLedger[0m -> Created ledger [channel1] with genesis block
[34m2024-01-21 21:12:56.359 +07 00dd INFO[0m [gossip.gossip] [34;1mJoinChan[0m -> Joining gossip network of channel channel1 with 2 organizations
[34m2024-01-21 21:12:56.359 +07 00de INFO[0m [gossip.gossip] [34;1mlearnAnchorPeers[0m -> Learning about the configured anchor peers of SampleOrg for channel channel1: [{127.0.0.1 7051}]
[34m2024-01-21 21:12:56.359 +07 00df INFO[0m [gossip.gossip] [34;1mlearnAnchorPeers[0m -> No configured anchor peers of Org1MSP for channel channel1 to learn about
[34m2024-01-21 21:12:56.360 +07 00e0 INFO[0m [gossip.state] [34;1mNewGossipStateProvider[0m -> Updating metadata information for channel channel1, current ledger sequence is at = 0, next expected block is = 1
[31m2024-01-21 21:12:56.364 +07 00e1 ERRO[0m [comm.tls] [31;1mServerHandshake[0m -> Server TLS handshake failed in 2.844289ms with error remote error: tls: bad certificate remoteaddress=127.0.0.1:45716
[33m2024-01-21 21:12:56.837 +07 00e2 WARN[0m [gossip.gossip] [33;1mfunc1[0m -> Deep probe of 127.0.0.1:7051 for channel mytestchannelid-6172863775802251425 failed: context deadline exceeded
[33m2024-01-21 21:12:56.837 +07 00e3 WARN[0m [gossip.discovery] [33;1mfunc1[0m -> Could not connect to Endpoint: 127.0.0.1:7051, InternalEndpoint: 127.0.0.1:7051, PKI-ID: <nil>, Metadata:  : context deadline exceeded
[33m2024-01-21 21:12:57.091 +07 00e4 WARN[0m [gossip.gossip] [33;1mfunc1[0m -> Deep probe of 127.0.0.1:7051 for channel createchannelbysnapshot failed: context deadline exceeded
[33m2024-01-21 21:12:57.092 +07 00e5 WARN[0m [gossip.discovery] [33;1mfunc1[0m -> Could not connect to Endpoint: 127.0.0.1:7051, InternalEndpoint: 127.0.0.1:7051, PKI-ID: <nil>, Metadata:  : context deadline exceeded
[31m2024-01-21 21:12:57.367 +07 00e6 ERRO[0m [comm.tls] [31;1mServerHandshake[0m -> Server TLS handshake failed in 3.715698ms with error remote error: tls: bad certificate remoteaddress=127.0.0.1:45564
[33m2024-01-21 21:12:58.219 +07 00e7 WARN[0m [gossip.gossip] [33;1mfunc1[0m -> Deep probe of 127.0.0.1:7051 for channel mytestchannelid-4662605681621060573 failed: context deadline exceeded
[33m2024-01-21 21:12:58.219 +07 00e8 WARN[0m [gossip.discovery] [33;1mfunc1[0m -> Could not connect to Endpoint: 127.0.0.1:7051, InternalEndpoint: 127.0.0.1:7051, PKI-ID: <nil>, Metadata:  : context deadline exceeded
[34m2024-01-21 21:12:58.363 +07 00e9 INFO[0m [ledgermgmt] [34;1mCreateLedger[0m -> Creating ledger [channel2] with genesis block
[34m2024-01-21 21:12:58.365 +07 00ea INFO[0m [blkstorage] [34;1mnewBlockfileMgr[0m -> Getting block information from block storage
[34m2024-01-21 21:12:58.368 +07 00eb INFO[0m [kvledger] [34;1mcommit[0m -> [channel2] Committed block [0] with 1 transaction(s) in 2ms (state_validation=0ms block_and_pvtdata_commit=1ms state_commit=0ms) commitHash=[]
[34m2024-01-21 21:12:58.368 +07 00ec INFO[0m [kvledger] [34;1mupdateLedgerStatus[0m -> Updating ledger [channel2] status to [ACTIVE]
[34m2024-01-21 21:12:58.369 +07 00ed INFO[0m [ledgermgmt] [34;1mCreateLedger[0m -> Created ledger [channel2] with genesis block
[34m2024-01-21 21:12:58.376 +07 00ee INFO[0m [gossip.gossip] [34;1mJoinChan[0m -> Joining gossip network of channel channel2 with 2 organizations
[34m2024-01-21 21:12:58.376 +07 00ef INFO[0m [gossip.gossip] [34;1mlearnAnchorPeers[0m -> Learning about the configured anchor peers of SampleOrg for channel channel2: [{127.0.0.1 7051}]
[34m2024-01-21 21:12:58.376 +07 00f0 INFO[0m [gossip.gossip] [34;1mlearnAnchorPeers[0m -> No configured anchor peers of Org2MSP for channel channel2 to learn about
[34m2024-01-21 21:12:58.377 +07 00f1 INFO[0m [gossip.state] [34;1mNewGossipStateProvider[0m -> Updating metadata information for channel channel2, current ledger sequence is at = 0, next expected block is = 1
[31m2024-01-21 21:12:58.381 +07 00f2 ERRO[0m [comm.tls] [31;1mServerHandshake[0m -> Server TLS handshake failed in 2.38683ms with error remote error: tls: bad certificate remoteaddress=127.0.0.1:45570
[33m2024-01-21 21:12:59.360 +07 00f3 WARN[0m [gossip.gossip] [33;1mfunc1[0m -> Deep probe of 127.0.0.1:7051 for channel channel1 failed: context deadline exceeded
[33m2024-01-21 21:12:59.360 +07 00f4 WARN[0m [gossip.discovery] [33;1mfunc1[0m -> Could not connect to Endpoint: 127.0.0.1:7051, InternalEndpoint: 127.0.0.1:7051, PKI-ID: <nil>, Metadata:  : context deadline exceeded
[31m2024-01-21 21:12:59.389 +07 00f5 ERRO[0m [comm.tls] [31;1mServerHandshake[0m -> Server TLS handshake failed in 7.017047ms with error remote error: tls: bad certificate remoteaddress=127.0.0.1:35124
[34m2024-01-21 21:13:00.380 +07 00f6 INFO[0m [ledgermgmt] [34;1mCreateLedger[0m -> Creating ledger [channel3] with genesis block
[34m2024-01-21 21:13:00.386 +07 00f7 INFO[0m [blkstorage] [34;1mnewBlockfileMgr[0m -> Getting block information from block storage
[34m2024-01-21 21:13:00.391 +07 00f8 INFO[0m [kvledger] [34;1mcommit[0m -> [channel3] Committed block [0] with 1 transaction(s) in 2ms (state_validation=0ms block_and_pvtdata_commit=1ms state_commit=0ms) commitHash=[]
[34m2024-01-21 21:13:00.391 +07 00f9 INFO[0m [kvledger] [34;1mupdateLedgerStatus[0m -> Updating ledger [channel3] status to [ACTIVE]
[34m2024-01-21 21:13:00.391 +07 00fa INFO[0m [ledgermgmt] [34;1mCreateLedger[0m -> Created ledger [channel3] with genesis block
[34m2024-01-21 21:13:00.397 +07 00fb INFO[0m [gossip.gossip] [34;1mJoinChan[0m -> Joining gossip network of channel channel3 with 2 organizations
[34m2024-01-21 21:13:00.397 +07 00fc INFO[0m [gossip.gossip] [34;1mlearnAnchorPeers[0m -> Learning about the configured anchor peers of SampleOrg for channel channel3: [{127.0.0.1 7051}]
[34m2024-01-21 21:13:00.398 +07 00fd INFO[0m [gossip.gossip] [34;1mlearnAnchorPeers[0m -> No configured anchor peers of Org2IntermediateMSP for channel channel3 to learn about
[34m2024-01-21 21:13:00.399 +07 00fe INFO[0m [gossip.state] [34;1mNewGossipStateProvider[0m -> Updating metadata information for channel channel3, current ledger sequence is at = 0, next expected block is = 1
[31m2024-01-21 21:13:00.403 +07 00ff ERRO[0m [comm.tls] [31;1mServerHandshake[0m -> Server TLS handshake failed in 2.704486ms with error remote error: tls: bad certificate remoteaddress=127.0.0.1:35134
[33m2024-01-21 21:13:01.377 +07 0100 WARN[0m [gossip.gossip] [33;1mfunc1[0m -> Deep probe of 127.0.0.1:7051 for channel channel2 failed: context deadline exceeded
[33m2024-01-21 21:13:01.377 +07 0101 WARN[0m [gossip.discovery] [33;1mfunc1[0m -> Could not connect to Endpoint: 127.0.0.1:7051, InternalEndpoint: 127.0.0.1:7051, PKI-ID: <nil>, Metadata:  : context deadline exceeded
[34m2024-01-21 21:13:01.400 +07 0102 INFO[0m [ledgermgmt] [34;1mClose[0m -> Closing ledger mgmt
[34m2024-01-21 21:13:01.402 +07 0103 INFO[0m [ledgermgmt] [34;1mClose[0m -> ledger mgmt closed
--- FAIL: TestUpdateRootsFromConfigBlock (6.18s)
    --- FAIL: TestUpdateRootsFromConfigBlock/MutualTLSOrg1Org1 (2.02s)
        pkg_test.go:176: Channel channel1 MSPIDs: ([SampleOrg Org1MSP])
        pkg_test.go:290: 
            	Error Trace:	/home/thanhpp/go/src/github.com/thanhpp/fabric-openssl/core/peer/pkg_test.go:290
            	Error:      	Received unexpected error:
            	            	context deadline exceeded
            	Test:       	TestUpdateRootsFromConfigBlock/MutualTLSOrg1Org1
            	Messages:   	Failed to invoke the EmptyCall service
    --- FAIL: TestUpdateRootsFromConfigBlock/MutualTLSOrg1Org2 (2.02s)
        pkg_test.go:176: Channel channel2 MSPIDs: ([Org2MSP SampleOrg])
        pkg_test.go:290: 
            	Error Trace:	/home/thanhpp/go/src/github.com/thanhpp/fabric-openssl/core/peer/pkg_test.go:290
            	Error:      	Received unexpected error:
            	            	context deadline exceeded
            	Test:       	TestUpdateRootsFromConfigBlock/MutualTLSOrg1Org2
            	Messages:   	Failed to invoke the EmptyCall service
    --- FAIL: TestUpdateRootsFromConfigBlock/MutualTLSOrg1Org2Intermediate (2.02s)
        pkg_test.go:176: Channel channel3 MSPIDs: ([SampleOrg Org2IntermediateMSP])
        pkg_test.go:290: 
            	Error Trace:	/home/thanhpp/go/src/github.com/thanhpp/fabric-openssl/core/peer/pkg_test.go:290
            	Error:      	Received unexpected error:
            	            	context deadline exceeded
            	Test:       	TestUpdateRootsFromConfigBlock/MutualTLSOrg1Org2Intermediate
            	Messages:   	Failed to invoke the EmptyCall service
FAIL
coverage: 70.2% of statements
FAIL	github.com/hyperledger/fabric/core/peer	8.224s
ok  	github.com/hyperledger/fabric/core/policy	(cached)	coverage: 85.2% of statements
ok  	github.com/hyperledger/fabric/core/scc	(cached)	coverage: 91.7% of statements
ok  	github.com/hyperledger/fabric/core/scc/cscc	(cached)	coverage: 80.0% of statements
ok  	github.com/hyperledger/fabric/core/scc/lscc	(cached)	coverage: 80.8% of statements
ok  	github.com/hyperledger/fabric/core/scc/qscc	(cached)	coverage: 75.0% of statements
ok  	github.com/hyperledger/fabric/core/transientstore	(cached)	coverage: 87.7% of statements
ok  	github.com/hyperledger/fabric/core/tx	(cached)	coverage: 96.4% of statements
ok  	github.com/hyperledger/fabric/core/tx/endorser	(cached)	coverage: 98.5% of statements
ok  	github.com/hyperledger/fabric/discovery	(cached)	coverage: 100.0% of statements
ok  	github.com/hyperledger/fabric/discovery/client	(cached)	coverage: 92.9% of statements
ok  	github.com/hyperledger/fabric/discovery/cmd	(cached)	coverage: 91.0% of statements
ok  	github.com/hyperledger/fabric/discovery/endorsement	(cached)	coverage: 97.2% of statements
ok  	github.com/hyperledger/fabric/discovery/protoext	(cached)	coverage: 57.1% of statements
ok  	github.com/hyperledger/fabric/discovery/support/acl	(cached)	coverage: 97.0% of statements
ok  	github.com/hyperledger/fabric/discovery/support/chaincode	(cached)	coverage: 77.8% of statements
ok  	github.com/hyperledger/fabric/discovery/support/config	(cached)	coverage: 84.1% of statements
ok  	github.com/hyperledger/fabric/discovery/support/gossip	(cached)	coverage: 100.0% of statements
[34m2024-01-21 21:12:55.602 +07 0001 INFO[0m [common.tools.configtxgen.localconfig] [34;1mLoad[0m -> Loaded configuration: testdata/configtx.yaml
[34m2024-01-21 21:12:55.604 +07 0002 INFO[0m [common.tools.configtxgen.localconfig] [34;1mLoad[0m -> Loaded configuration: testdata/configtx.yaml
[34m2024-01-21 21:12:55.605 +07 0003 INFO[0m [common.tools.configtxgen.localconfig] [34;1mLoad[0m -> Loaded configuration: testdata/configtx.yaml
[34m2024-01-21 21:12:55.610 +07 0004 INFO[0m [common.tools.configtxgen.localconfig] [34;1mLoad[0m -> Loaded configuration: testdata/configtx.yaml
[34m2024-01-21 21:12:55.615 +07 0005 INFO[0m [common.tools.configtxgen.localconfig] [34;1mcompleteInitialization[0m -> orderer type: solo
[34m2024-01-21 21:12:55.617 +07 0007 INFO[0m [common.tools.configtxgen.localconfig] [34;1mLoad[0m -> Loaded configuration: testdata/configtx.yaml
[34m2024-01-21 21:12:55.618 +07 0008 INFO[0m [common.tools.configtxgen.localconfig] [34;1mcompleteInitialization[0m -> orderer type: solo
[34m2024-01-21 21:12:55.616 +07 0006 INFO[0m [common.tools.configtxgen.localconfig] [34;1mcompleteInitialization[0m -> orderer type: solo
[34m2024-01-21 21:12:55.619 +07 000a INFO[0m [common.tools.configtxgen.localconfig] [34;1mLoad[0m -> Loaded configuration: testdata/configtx.yaml
[34m2024-01-21 21:12:55.618 +07 0009 INFO[0m [common.tools.configtxgen.localconfig] [34;1mLoad[0m -> Loaded configuration: testdata/configtx.yaml
[34m2024-01-21 21:12:55.625 +07 000b INFO[0m [common.tools.configtxgen.localconfig] [34;1mcompleteInitialization[0m -> orderer type: solo
[34m2024-01-21 21:12:55.627 +07 000c INFO[0m [common.tools.configtxgen.localconfig] [34;1mLoad[0m -> Loaded configuration: testdata/configtx.yaml
[34m2024-01-21 21:12:55.629 +07 000d INFO[0m [discovery] [34;1mNewService[0m -> Created with config TLS: true, authCacheMaxSize: 10, authCachePurgeRatio: 0.500000
[34m2024-01-21 21:12:55.631 +07 000e INFO[0m [discovery] [34;1mNewService[0m -> Created with config TLS: true, authCacheMaxSize: 10, authCachePurgeRatio: 0.500000
[34m2024-01-21 21:12:55.631 +07 000f INFO[0m [discovery] [34;1mNewService[0m -> Created with config TLS: true, authCacheMaxSize: 10, authCachePurgeRatio: 0.500000
[34m2024-01-21 21:12:55.634 +07 0010 INFO[0m [discovery] [34;1mNewService[0m -> Created with config TLS: true, authCacheMaxSize: 10, authCachePurgeRatio: 0.500000
--- FAIL: TestRevocation (0.09s)
    integration_test.go:535: 
        	Error Trace:	/home/thanhpp/go/src/github.com/thanhpp/fabric-openssl/discovery/test/integration_test.go:535
        	            				/home/thanhpp/go/src/github.com/thanhpp/fabric-openssl/discovery/test/integration_test.go:507
        	            				/home/thanhpp/go/src/github.com/thanhpp/fabric-openssl/discovery/test/integration_test.go:289
        	Error:      	Received unexpected error:
        	            	x509: failed to parse private key (use ParseECPrivateKey instead for this key format)
        	            	github.com/hyperledger/fabric/discovery/test.loadPrivateKey
        	            		/home/thanhpp/go/src/github.com/thanhpp/fabric-openssl/discovery/test/integration_test.go:970
        	            	github.com/hyperledger/fabric/discovery/test.newSigner
        	            		/home/thanhpp/go/src/github.com/thanhpp/fabric-openssl/discovery/test/integration_test.go:935
        	            	github.com/hyperledger/fabric/discovery/test.createUserSigner
        	            		/home/thanhpp/go/src/github.com/thanhpp/fabric-openssl/discovery/test/integration_test.go:534
        	            	github.com/hyperledger/fabric/discovery/test.createClientAndService
        	            		/home/thanhpp/go/src/github.com/thanhpp/fabric-openssl/discovery/test/integration_test.go:507
        	            	github.com/hyperledger/fabric/discovery/test.TestRevocation
        	            		/home/thanhpp/go/src/github.com/thanhpp/fabric-openssl/discovery/test/integration_test.go:289
        	            	testing.tRunner
        	            		/usr/local/go/src/testing/testing.go:1595
        	            	runtime.goexit
        	            		/usr/local/go/src/runtime/asm_amd64.s:1650
        	            	github.com/hyperledger/fabric/discovery/test.newSigner
        	            		/home/thanhpp/go/src/github.com/thanhpp/fabric-openssl/discovery/test/integration_test.go:937
        	            	github.com/hyperledger/fabric/discovery/test.createUserSigner
        	            		/home/thanhpp/go/src/github.com/thanhpp/fabric-openssl/discovery/test/integration_test.go:534
        	            	github.com/hyperledger/fabric/discovery/test.createClientAndService
        	            		/home/thanhpp/go/src/github.com/thanhpp/fabric-openssl/discovery/test/integration_test.go:507
        	            	github.com/hyperledger/fabric/discovery/test.TestRevocation
        	            		/home/thanhpp/go/src/github.com/thanhpp/fabric-openssl/discovery/test/integration_test.go:289
        	            	testing.tRunner
        	            		/usr/local/go/src/testing/testing.go:1595
        	            	runtime.goexit
        	            		/usr/local/go/src/runtime/asm_amd64.s:1650
        	Test:       	TestRevocation
--- FAIL: TestGreenPath (0.09s)
    integration_test.go:535: 
        	Error Trace:	/home/thanhpp/go/src/github.com/thanhpp/fabric-openssl/discovery/test/integration_test.go:535
        	            				/home/thanhpp/go/src/github.com/thanhpp/fabric-openssl/discovery/test/integration_test.go:507
        	            				/home/thanhpp/go/src/github.com/thanhpp/fabric-openssl/discovery/test/integration_test.go:125
        	Error:      	Received unexpected error:
        	            	x509: failed to parse private key (use ParseECPrivateKey instead for this key format)
        	            	github.com/hyperledger/fabric/discovery/test.loadPrivateKey
        	            		/home/thanhpp/go/src/github.com/thanhpp/fabric-openssl/discovery/test/integration_test.go:970
        	            	github.com/hyperledger/fabric/discovery/test.newSigner
        	            		/home/thanhpp/go/src/github.com/thanhpp/fabric-openssl/discovery/test/integration_test.go:935
        	            	github.com/hyperledger/fabric/discovery/test.createUserSigner
        	            		/home/thanhpp/go/src/github.com/thanhpp/fabric-openssl/discovery/test/integration_test.go:534
        	            	github.com/hyperledger/fabric/discovery/test.createClientAndService
        	            		/home/thanhpp/go/src/github.com/thanhpp/fabric-openssl/discovery/test/integration_test.go:507
        	            	github.com/hyperledger/fabric/discovery/test.TestGreenPath
        	            		/home/thanhpp/go/src/github.com/thanhpp/fabric-openssl/discovery/test/integration_test.go:125
        	            	testing.tRunner
        	            		/usr/local/go/src/testing/testing.go:1595
        	            	runtime.goexit
        	            		/usr/local/go/src/runtime/asm_amd64.s:1650
        	            	github.com/hyperledger/fabric/discovery/test.newSigner
        	            		/home/thanhpp/go/src/github.com/thanhpp/fabric-openssl/discovery/test/integration_test.go:937
        	            	github.com/hyperledger/fabric/discovery/test.createUserSigner
        	            		/home/thanhpp/go/src/github.com/thanhpp/fabric-openssl/discovery/test/integration_test.go:534
        	            	github.com/hyperledger/fabric/discovery/test.createClientAndService
        	            		/home/thanhpp/go/src/github.com/thanhpp/fabric-openssl/discovery/test/integration_test.go:507
        	            	github.com/hyperledger/fabric/discovery/test.TestGreenPath
        	            		/home/thanhpp/go/src/github.com/thanhpp/fabric-openssl/discovery/test/integration_test.go:125
        	            	testing.tRunner
        	            		/usr/local/go/src/testing/testing.go:1595
        	            	runtime.goexit
        	            		/usr/local/go/src/runtime/asm_amd64.s:1650
        	Test:       	TestGreenPath
--- FAIL: TestLedgerFailure (0.09s)
    integration_test.go:535: 
        	Error Trace:	/home/thanhpp/go/src/github.com/thanhpp/fabric-openssl/discovery/test/integration_test.go:535
        	            				/home/thanhpp/go/src/github.com/thanhpp/fabric-openssl/discovery/test/integration_test.go:507
        	            				/home/thanhpp/go/src/github.com/thanhpp/fabric-openssl/discovery/test/integration_test.go:263
        	Error:      	Received unexpected error:
        	            	x509: failed to parse private key (use ParseECPrivateKey instead for this key format)
        	            	github.com/hyperledger/fabric/discovery/test.loadPrivateKey
        	            		/home/thanhpp/go/src/github.com/thanhpp/fabric-openssl/discovery/test/integration_test.go:970
        	            	github.com/hyperledger/fabric/discovery/test.newSigner
        	            		/home/thanhpp/go/src/github.com/thanhpp/fabric-openssl/discovery/test/integration_test.go:935
        	            	github.com/hyperledger/fabric/discovery/test.createUserSigner
        	            		/home/thanhpp/go/src/github.com/thanhpp/fabric-openssl/discovery/test/integration_test.go:534
        	            	github.com/hyperledger/fabric/discovery/test.createClientAndService
        	            		/home/thanhpp/go/src/github.com/thanhpp/fabric-openssl/discovery/test/integration_test.go:507
        	            	github.com/hyperledger/fabric/discovery/test.TestLedgerFailure
        	            		/home/thanhpp/go/src/github.com/thanhpp/fabric-openssl/discovery/test/integration_test.go:263
        	            	testing.tRunner
        	            		/usr/local/go/src/testing/testing.go:1595
        	            	runtime.goexit
        	            		/usr/local/go/src/runtime/asm_amd64.s:1650
        	            	github.com/hyperledger/fabric/discovery/test.newSigner
        	            		/home/thanhpp/go/src/github.com/thanhpp/fabric-openssl/discovery/test/integration_test.go:937
        	            	github.com/hyperledger/fabric/discovery/test.createUserSigner
        	            		/home/thanhpp/go/src/github.com/thanhpp/fabric-openssl/discovery/test/integration_test.go:534
        	            	github.com/hyperledger/fabric/discovery/test.createClientAndService
        	            		/home/thanhpp/go/src/github.com/thanhpp/fabric-openssl/discovery/test/integration_test.go:507
        	            	github.com/hyperledger/fabric/discovery/test.TestLedgerFailure
        	            		/home/thanhpp/go/src/github.com/thanhpp/fabric-openssl/discovery/test/integration_test.go:263
        	            	testing.tRunner
        	            		/usr/local/go/src/testing/testing.go:1595
        	            	runtime.goexit
        	            		/usr/local/go/src/runtime/asm_amd64.s:1650
        	Test:       	TestLedgerFailure
--- FAIL: TestEndorsementComputationFailure (0.09s)
    integration_test.go:535: 
        	Error Trace:	/home/thanhpp/go/src/github.com/thanhpp/fabric-openssl/discovery/test/integration_test.go:535
        	            				/home/thanhpp/go/src/github.com/thanhpp/fabric-openssl/discovery/test/integration_test.go:507
        	            				/home/thanhpp/go/src/github.com/thanhpp/fabric-openssl/discovery/test/integration_test.go:236
        	Error:      	Received unexpected error:
        	            	x509: failed to parse private key (use ParseECPrivateKey instead for this key format)
        	            	github.com/hyperledger/fabric/discovery/test.loadPrivateKey
        	            		/home/thanhpp/go/src/github.com/thanhpp/fabric-openssl/discovery/test/integration_test.go:970
        	            	github.com/hyperledger/fabric/discovery/test.newSigner
        	            		/home/thanhpp/go/src/github.com/thanhpp/fabric-openssl/discovery/test/integration_test.go:935
        	            	github.com/hyperledger/fabric/discovery/test.createUserSigner
        	            		/home/thanhpp/go/src/github.com/thanhpp/fabric-openssl/discovery/test/integration_test.go:534
        	            	github.com/hyperledger/fabric/discovery/test.createClientAndService
        	            		/home/thanhpp/go/src/github.com/thanhpp/fabric-openssl/discovery/test/integration_test.go:507
        	            	github.com/hyperledger/fabric/discovery/test.TestEndorsementComputationFailure
        	            		/home/thanhpp/go/src/github.com/thanhpp/fabric-openssl/discovery/test/integration_test.go:236
        	            	testing.tRunner
        	            		/usr/local/go/src/testing/testing.go:1595
        	            	runtime.goexit
        	            		/usr/local/go/src/runtime/asm_amd64.s:1650
        	            	github.com/hyperledger/fabric/discovery/test.newSigner
        	            		/home/thanhpp/go/src/github.com/thanhpp/fabric-openssl/discovery/test/integration_test.go:937
        	            	github.com/hyperledger/fabric/discovery/test.createUserSigner
        	            		/home/thanhpp/go/src/github.com/thanhpp/fabric-openssl/discovery/test/integration_test.go:534
        	            	github.com/hyperledger/fabric/discovery/test.createClientAndService
        	            		/home/thanhpp/go/src/github.com/thanhpp/fabric-openssl/discovery/test/integration_test.go:507
        	            	github.com/hyperledger/fabric/discovery/test.TestEndorsementComputationFailure
        	            		/home/thanhpp/go/src/github.com/thanhpp/fabric-openssl/discovery/test/integration_test.go:236
        	            	testing.tRunner
        	            		/usr/local/go/src/testing/testing.go:1595
        	            	runtime.goexit
        	            		/usr/local/go/src/runtime/asm_amd64.s:1650
        	Test:       	TestEndorsementComputationFailure
FAIL
coverage: [no statements]
FAIL	github.com/hyperledger/fabric/discovery/test	1.779s
ok  	github.com/hyperledger/fabric/internal/ccmetadata	(cached)	coverage: 95.5% of statements
ok  	github.com/hyperledger/fabric/internal/configtxgen/encoder	(cached)	coverage: 100.0% of statements
ok  	github.com/hyperledger/fabric/internal/configtxgen/genesisconfig	(cached)	coverage: 93.5% of statements
ok  	github.com/hyperledger/fabric/internal/configtxgen/metadata	(cached)	coverage: 100.0% of statements
ok  	github.com/hyperledger/fabric/internal/configtxlator/metadata	(cached)	coverage: 100.0% of statements
ok  	github.com/hyperledger/fabric/internal/configtxlator/rest	(cached)	coverage: 83.3% of statements
ok  	github.com/hyperledger/fabric/internal/configtxlator/update	(cached)	coverage: 100.0% of statements
ok  	github.com/hyperledger/fabric/internal/cryptogen/ca	(cached)	coverage: 93.6% of statements
--- FAIL: TestLoadPrivateKey (0.01s)
    csp_test.go:42: 
        	Error Trace:	/home/thanhpp/go/src/github.com/thanhpp/fabric-openssl/internal/cryptogen/csp/csp_test.go:42
        	Error:      	Received unexpected error:
        	            	x509: failed to parse private key (use ParseECPrivateKey instead for this key format)
        	            	pem bytes are not PKCS8 encoded 
        	            	/tmp/csp-test980450733/priv_sk
        	Test:       	TestLoadPrivateKey
        	Messages:   	Failed to load private key
FAIL
coverage: 85.1% of statements
FAIL	github.com/hyperledger/fabric/internal/cryptogen/csp	0.087s
ok  	github.com/hyperledger/fabric/internal/cryptogen/metadata	(cached)	coverage: 100.0% of statements
ok  	github.com/hyperledger/fabric/internal/cryptogen/msp	(cached)	coverage: 75.2% of statements
ok  	github.com/hyperledger/fabric/internal/fileutil	(cached)	coverage: 83.1% of statements
ok  	github.com/hyperledger/fabric/internal/ledgerutil/compare	(cached)	coverage: 78.6% of statements
ok  	github.com/hyperledger/fabric/internal/ledgerutil/identifytxs	(cached)	coverage: 81.9% of statements
ok  	github.com/hyperledger/fabric/internal/ledgerutil/jsonrw	(cached)	coverage: 71.6% of statements
ok  	github.com/hyperledger/fabric/internal/ledgerutil/models	(cached)	coverage: 100.0% of statements
ok  	github.com/hyperledger/fabric/internal/ledgerutil/verify	(cached)	coverage: 81.5% of statements
ok  	github.com/hyperledger/fabric/internal/peer/chaincode	(cached)	coverage: 84.9% of statements
ok  	github.com/hyperledger/fabric/internal/peer/channel	(cached)	coverage: 87.8% of statements
ok  	github.com/hyperledger/fabric/internal/peer/common	(cached)	coverage: 72.3% of statements
ok  	github.com/hyperledger/fabric/internal/peer/gossip	(cached)	coverage: 88.7% of statements
ok  	github.com/hyperledger/fabric/internal/peer/lifecycle/chaincode	(cached)	coverage: 86.6% of statements
ok  	github.com/hyperledger/fabric/internal/peer/node	(cached)	coverage: 68.2% of statements
ok  	github.com/hyperledger/fabric/internal/peer/packaging	(cached)	coverage: 76.9% of statements
ok  	github.com/hyperledger/fabric/internal/peer/snapshot	(cached)	coverage: 89.1% of statements
ok  	github.com/hyperledger/fabric/internal/peer/version	(cached)	coverage: 100.0% of statements
[33m2024-01-21 21:12:54.810 +07 0001 WARN[0m [comm] [33;1mGetPeerCredentials[0m -> Failed adding certificates to peer's client TLS trust pool
[33m2024-01-21 21:12:54.811 +07 0002 WARN[0m [comm] [33;1mGetPeerCredentials[0m -> Failed adding certificates to peer's client TLS trust pool
[31m2024-01-21 21:12:54.826 +07 0005 ERRO[0m [comm.tls] [31;1mServerHandshake[0m -> Server TLS handshake failed in 8.90072ms with error remote error: tls: bad certificate remoteaddress=127.0.0.1:36410
[31m2024-01-21 21:12:54.832 +07 0006 ERRO[0m [comm.tls] [31;1mServerHandshake[0m -> Server TLS handshake failed in 6.765205ms with error tls: failed to verify certificate: x509: certificate has expired or is not yet valid: current time 2024-01-21T21:12:54+07:00 is after 0001-01-01T00:00:00Z remoteaddress=127.0.0.1:55676
[31m2024-01-21 21:12:54.833 +07 0007 ERRO[0m [comm.tls] [31;1mClientHandshake[0m -> Client TLS handshake failed after 4.409634ms with error: TLS certificate mismatch remoteaddress=127.0.0.1:46477
--- FAIL: TestSetClientRootCAs (0.03s)
    server_test.go:1017: 
        	Error Trace:	/home/thanhpp/go/src/github.com/thanhpp/fabric-openssl/internal/pkg/comm/server_test.go:1017
        	Error:      	Received unexpected error:
        	            	rpc error: code = Unavailable desc = connection closed before server preface received
        	Test:       	TestSetClientRootCAs
        	Messages:   	trusted client should have connected
[31m2024-01-21 21:12:54.838 +07 0008 ERRO[0m [comm.tls] [31;1mServerHandshake[0m -> Server TLS handshake failed in 5.202584ms with error remote error: tls: bad certificate remoteaddress=127.0.0.1:45270
--- FAIL: TestWithSignedIntermediateCertificates (0.03s)
    server_test.go:856: 
        	Error Trace:	/home/thanhpp/go/src/github.com/thanhpp/fabric-openssl/internal/pkg/comm/server_test.go:856
        	Error:      	Received unexpected error:
        	            	rpc error: code = Unavailable desc = connection error: desc = "transport: authentication handshake failed: tls: failed to verify certificate: x509: certificate has expired or is not yet valid: current time 2024-01-21T21:12:54+07:00 is after 0001-01-01T00:00:00Z"
        	Test:       	TestWithSignedIntermediateCertificates
        	Messages:   	client failed to invoke the EmptyCall service
[31m2024-01-21 21:12:54.841 +07 0009 ERRO[0m [comm.tls] [31;1mServerHandshake[0m -> Server TLS handshake failed in 4.229506ms with error certificate mismatch remoteaddress=127.0.0.1:46618
[31m2024-01-21 21:12:54.845 +07 000a ERRO[0m [comm.tls] [31;1mServerHandshake[0m -> Server TLS handshake failed in 6.736451ms with error remote error: tls: bad certificate remoteaddress=127.0.0.1:42728
[31m2024-01-21 21:12:54.846 +07 000b ERRO[0m [comm.tls] [31;1mClientHandshake[0m -> Client TLS handshake failed after 6.347619ms with error: remote error: tls: bad certificate remoteaddress=127.0.0.1:40357
--- FAIL: TestWithSignedRootCertificates (0.04s)
    server_test.go:784: 
        	Error Trace:	/home/thanhpp/go/src/github.com/thanhpp/fabric-openssl/internal/pkg/comm/server_test.go:784
        	Error:      	Received unexpected error:
        	            	rpc error: code = Unavailable desc = connection error: desc = "transport: authentication handshake failed: tls: failed to verify certificate: x509: certificate has expired or is not yet valid: current time 2024-01-21T21:12:54+07:00 is after 0001-01-01T00:00:00Z"
        	Test:       	TestWithSignedRootCertificates
        	Messages:   	client failed to invoke the EmptyCall
[31m2024-01-21 21:12:54.846 +07 000c ERRO[0m [comm.tls] [31;1mClientHandshake[0m -> Client TLS handshake failed after 1.608675ms with error: tls: first record does not look like a TLS handshake remoteaddress=127.0.0.1:42659
[31m2024-01-21 21:12:54.852 +07 000d ERRO[0m [comm.tls] [31;1mServerHandshake[0m -> Server TLS handshake failed in 1.810967ms with error remote error: tls: bad certificate remoteaddress=127.0.0.1:49664
[31m2024-01-21 21:12:54.853 +07 000e ERRO[0m [comm.tls] [31;1mServerHandshake[0m -> Server TLS handshake failed in 718.381Âµs with error remote error: tls: bad certificate remoteaddress=127.0.0.1:49668
--- FAIL: TestCipherSuites (0.00s)
    --- FAIL: TestCipherSuites/server_default_/_client_all (0.00s)
        server_test.go:1212: 
            	Error Trace:	/home/thanhpp/go/src/github.com/thanhpp/fabric-openssl/internal/pkg/comm/server_test.go:1212
            	Error:      	Received unexpected error:
            	            	tls: failed to verify certificate: x509: certificate has expired or is not yet valid: current time 2024-01-21T21:12:54+07:00 is after 0001-01-01T00:00:00Z
            	Test:       	TestCipherSuites/server_default_/_client_all
    --- FAIL: TestCipherSuites/server_default_/_client_match (0.00s)
        server_test.go:1212: 
            	Error Trace:	/home/thanhpp/go/src/github.com/thanhpp/fabric-openssl/internal/pkg/comm/server_test.go:1212
            	Error:      	Received unexpected error:
            	            	tls: failed to verify certificate: x509: certificate has expired or is not yet valid: current time 2024-01-21T21:12:54+07:00 is after 0001-01-01T00:00:00Z
            	Test:       	TestCipherSuites/server_default_/_client_match
[31m2024-01-21 21:12:54.854 +07 000f ERRO[0m [comm.tls] [31;1mServerHandshake[0m -> Server TLS handshake failed in 64.351Âµs with error tls: no cipher suite supported by both client and server remoteaddress=127.0.0.1:49672
[31m2024-01-21 21:12:54.861 +07 0010 ERRO[0m [comm.tls] [31;1mServerHandshake[0m -> Server TLS handshake failed in 4.836306ms with error tls: failed to verify certificate: x509: certificate has expired or is not yet valid: current time 2024-01-21T21:12:54+07:00 is after 0001-01-01T00:00:00Z remoteaddress=127.0.0.1:42558
[31m2024-01-21 21:12:54.863 +07 0011 ERRO[0m [comm.tls] [31;1mServerHandshake[0m -> Server TLS handshake failed in 5.14674ms with error tls: failed to verify certificate: x509: certificate has expired or is not yet valid: current time 2024-01-21T21:12:54+07:00 is after 0001-01-01T00:00:00Z remoteaddress=127.0.0.1:45282
[31m2024-01-21 21:12:54.863 +07 0012 ERRO[0m [comm.tls] [31;1mServerHandshake[0m -> Server TLS handshake failed in 5.201683ms with error tls: failed to verify certificate: x509: certificate has expired or is not yet valid: current time 2024-01-21T21:12:54+07:00 is after 0001-01-01T00:00:00Z remoteaddress=127.0.0.1:50094
[31m2024-01-21 21:12:54.864 +07 0013 ERRO[0m [comm.tls] [31;1mServerHandshake[0m -> Server TLS handshake failed in 4.811309ms with error tls: failed to verify certificate: x509: certificate has expired or is not yet valid: current time 2024-01-21T21:12:54+07:00 is after 0001-01-01T00:00:00Z remoteaddress=127.0.0.1:50240
[31m2024-01-21 21:12:54.866 +07 0014 ERRO[0m [comm.tls] [31;1mServerHandshake[0m -> Server TLS handshake failed in 4.498041ms with error remote error: tls: bad certificate remoteaddress=127.0.0.1:59224
--- FAIL: TestMutualAuth (0.02s)
    --- FAIL: TestMutualAuth/ClientAuthRequiredWithMultipleChildClientOrgs (0.02s)
        server_test.go:968: Running test ClientAuthRequiredWithMultipleChildClientOrgs ...
        server_test.go:970: 
            	Error Trace:	/home/thanhpp/go/src/github.com/thanhpp/fabric-openssl/internal/pkg/comm/server_test.go:970
            	Error:      	Received unexpected error:
            	            	rpc error: code = Unavailable desc = connection closed before server preface received
            	Test:       	TestMutualAuth/ClientAuthRequiredWithMultipleChildClientOrgs
    --- FAIL: TestMutualAuth/ClientAuthRequiredWithDifferentServerAndClientOrgs (0.02s)
        server_test.go:968: Running test ClientAuthRequiredWithDifferentServerAndClientOrgs ...
        server_test.go:970: 
            	Error Trace:	/home/thanhpp/go/src/github.com/thanhpp/fabric-openssl/internal/pkg/comm/server_test.go:970
            	Error:      	Received unexpected error:
            	            	rpc error: code = Unavailable desc = connection closed before server preface received
            	Test:       	TestMutualAuth/ClientAuthRequiredWithDifferentServerAndClientOrgs
    --- FAIL: TestMutualAuth/ClientAuthRequiredWithDifferentServerAndChildClientOrgs (0.02s)
        server_test.go:968: Running test ClientAuthRequiredWithDifferentServerAndChildClientOrgs ...
        server_test.go:970: 
            	Error Trace:	/home/thanhpp/go/src/github.com/thanhpp/fabric-openssl/internal/pkg/comm/server_test.go:970
            	Error:      	Received unexpected error:
            	            	rpc error: code = Unavailable desc = connection closed before server preface received
            	Test:       	TestMutualAuth/ClientAuthRequiredWithDifferentServerAndChildClientOrgs
    --- FAIL: TestMutualAuth/ClientAuthRequiredWithChildClientOrg (0.02s)
        server_test.go:968: Running test ClientAuthRequiredWithChildClientOrg ...
        server_test.go:970: 
            	Error Trace:	/home/thanhpp/go/src/github.com/thanhpp/fabric-openssl/internal/pkg/comm/server_test.go:970
            	Error:      	Received unexpected error:
            	            	rpc error: code = Unavailable desc = connection closed before server preface received
            	Test:       	TestMutualAuth/ClientAuthRequiredWithChildClientOrg
    --- FAIL: TestMutualAuth/ClientAuthRequiredWithSingleOrg (0.02s)
        server_test.go:968: Running test ClientAuthRequiredWithSingleOrg ...
        server_test.go:970: 
            	Error Trace:	/home/thanhpp/go/src/github.com/thanhpp/fabric-openssl/internal/pkg/comm/server_test.go:970
            	Error:      	Received unexpected error:
            	            	rpc error: code = Unavailable desc = connection error: desc = "transport: authentication handshake failed: tls: failed to verify certificate: x509: certificate has expired or is not yet valid: current time 2024-01-21T21:12:54+07:00 is after 0001-01-01T00:00:00Z"
            	Test:       	TestMutualAuth/ClientAuthRequiredWithSingleOrg
[31m2024-01-21 21:12:54.915 +07 0015 ERRO[0m [comm.tls] [31;1mClientHandshake[0m -> Client TLS handshake failed after 76.123789ms with error: tls: failed to verify certificate: x509: certificate signed by unknown authority remoteaddress=127.0.0.1:46083
[31m2024-01-21 21:12:55.821 +07 0016 ERRO[0m [comm.tls] [31;1mServerHandshake[0m -> Server TLS handshake failed in 3.017705ms with error remote error: tls: bad certificate remoteaddress=127.0.0.1:36412
--- FAIL: TestUpdateTLSCert (2.01s)
    server_test.go:1111: 
        	Error Trace:	/home/thanhpp/go/src/github.com/thanhpp/fabric-openssl/internal/pkg/comm/server_test.go:1111
        	Error:      	Received unexpected error:
        	            	context deadline exceeded
        	Test:       	TestUpdateTLSCert
FAIL
coverage: 79.4% of statements
FAIL	github.com/hyperledger/fabric/internal/pkg/comm	2.194s
ok  	github.com/hyperledger/fabric/internal/pkg/gateway	(cached)	coverage: 93.2% of statements
ok  	github.com/hyperledger/fabric/internal/pkg/gateway/commit	(cached)	coverage: 96.4% of statements
ok  	github.com/hyperledger/fabric/internal/pkg/gateway/config	(cached)	coverage: 100.0% of statements
ok  	github.com/hyperledger/fabric/internal/pkg/gateway/event	(cached)	coverage: 86.2% of statements
ok  	github.com/hyperledger/fabric/internal/pkg/gateway/ledger	(cached)	coverage: 75.0% of statements
ok  	github.com/hyperledger/fabric/internal/pkg/peer/blocksprovider	(cached)	coverage: 92.2% of statements
ok  	github.com/hyperledger/fabric/internal/pkg/peer/orderers	(cached)	coverage: 93.2% of statements
ok  	github.com/hyperledger/fabric/internal/pkg/txflags	(cached)	coverage: 90.9% of statements
ok  	github.com/hyperledger/fabric/msp	(cached)	coverage: 83.2% of statements
ok  	github.com/hyperledger/fabric/msp/cache	(cached)	coverage: 100.0% of statements
ok  	github.com/hyperledger/fabric/msp/mgmt	(cached)	coverage: 76.7% of statements
ok  	github.com/hyperledger/fabric/msp/mgmt/testtools	(cached)	coverage: 72.7% of statements
ok  	github.com/hyperledger/fabric/orderer/common/blockcutter	(cached)	coverage: 100.0% of statements
ok  	github.com/hyperledger/fabric/orderer/common/bootstrap/file	(cached)	coverage: 95.7% of statements
ok  	github.com/hyperledger/fabric/orderer/common/broadcast	(cached)	coverage: 98.7% of statements
ok  	github.com/hyperledger/fabric/orderer/common/channelparticipation	(cached)	coverage: 87.8% of statements
